nohup: ignoring input
2025-06-30 03:07:05 | INFO | 游뱄 Bot RSI Simple iniciado
2025-06-30 03:07:05 | INFO | 游늵 Configuraci칩n: RSI(14) | OS: 25 | OB: 75
2025-06-30 03:07:09 | INFO | 游늳 BTC: $108,516.02 | RSI: 46.87
2025-06-30 03:07:39 | INFO | 游늳 BTC: $108,504.43 | RSI: 46.21
2025-06-30 03:08:09 | INFO | 游늳 BTC: $108,500.00 | RSI: 45.96
2025-06-30 03:08:39 | INFO | 游늳 BTC: $108,500.00 | RSI: 45.96
2025-06-30 03:09:10 | INFO | 游늳 BTC: $108,500.01 | RSI: 45.96
2025-06-30 03:09:40 | INFO | 游늳 BTC: $108,490.99 | RSI: 45.47
2025-06-30 03:10:10 | INFO | 游늳 BTC: $108,469.35 | RSI: 44.39
2025-06-30 03:10:40 | INFO | 游늳 BTC: $108,469.35 | RSI: 44.39
2025-06-30 03:11:10 | INFO | 游늳 BTC: $108,480.00 | RSI: 44.99
2025-06-30 03:11:41 | INFO | 游늳 BTC: $108,472.26 | RSI: 44.55
2025-06-30 03:12:11 | INFO | 游늳 BTC: $108,472.27 | RSI: 44.55
2025-06-30 03:12:41 | INFO | 游늳 BTC: $108,464.40 | RSI: 44.11
2025-06-30 03:13:11 | INFO | 游늳 BTC: $108,476.20 | RSI: 44.78
2025-06-30 03:13:42 | INFO | 游늳 BTC: $108,477.00 | RSI: 44.82
2025-06-30 03:14:12 | INFO | 游늳 BTC: $108,476.99 | RSI: 44.82
2025-06-30 03:14:42 | INFO | 游늳 BTC: $108,476.99 | RSI: 44.82
2025-06-30 03:15:12 | INFO | 游늳 BTC: $108,463.44 | RSI: 44.15
2025-06-30 03:15:43 | INFO | 游늳 BTC: $108,448.04 | RSI: 43.25
2025-06-30 03:16:13 | INFO | 游늳 BTC: $108,438.42 | RSI: 42.70
2025-06-30 03:16:43 | INFO | 游늳 BTC: $108,438.43 | RSI: 42.70
2025-06-30 03:17:13 | INFO | 游늳 BTC: $108,428.00 | RSI: 42.13
2025-06-30 03:17:44 | INFO | 游늳 BTC: $108,419.56 | RSI: 41.68
2025-06-30 03:18:14 | INFO | 游늳 BTC: $108,428.00 | RSI: 42.13
2025-06-30 03:18:44 | INFO | 游늳 BTC: $108,470.64 | RSI: 44.58
2025-06-30 03:19:14 | INFO | 游늳 BTC: $108,459.60 | RSI: 43.92
2025-06-30 03:19:44 | INFO | 游늳 BTC: $108,455.41 | RSI: 43.67
2025-06-30 03:20:15 | INFO | 游늳 BTC: $108,455.41 | RSI: 43.58
2025-06-30 03:20:45 | INFO | 游늳 BTC: $108,455.43 | RSI: 43.58
2025-06-30 03:21:15 | INFO | 游늳 BTC: $108,455.43 | RSI: 43.58
2025-06-30 03:21:45 | INFO | 游늳 BTC: $108,455.42 | RSI: 43.58
2025-06-30 03:22:16 | INFO | 游늳 BTC: $108,460.00 | RSI: 43.95
2025-06-30 03:22:46 | INFO | 游늳 BTC: $108,488.00 | RSI: 46.11
2025-06-30 03:23:16 | INFO | 游늳 BTC: $108,499.99 | RSI: 46.98
2025-06-30 03:23:46 | INFO | 游늳 BTC: $108,518.75 | RSI: 48.29
2025-06-30 03:24:17 | INFO | 游늳 BTC: $108,518.74 | RSI: 48.29
2025-06-30 03:24:47 | INFO | 游늳 BTC: $108,522.93 | RSI: 48.58
2025-06-30 03:25:17 | INFO | 游늳 BTC: $108,504.06 | RSI: 46.96
2025-06-30 03:25:47 | INFO | 游늳 BTC: $108,504.06 | RSI: 46.96
2025-06-30 03:26:18 | INFO | 游늳 BTC: $108,503.73 | RSI: 46.94
2025-06-30 03:26:48 | INFO | 游늳 BTC: $108,485.58 | RSI: 45.79
2025-06-30 03:27:18 | INFO | 游늳 BTC: $108,475.72 | RSI: 45.19
2025-06-30 03:27:48 | INFO | 游늳 BTC: $108,475.72 | RSI: 45.19
2025-06-30 03:28:18 | INFO | 游늳 BTC: $108,461.95 | RSI: 44.37
2025-06-30 03:28:49 | INFO | 游늳 BTC: $108,461.95 | RSI: 44.37
2025-06-30 03:29:19 | INFO | 游늳 BTC: $108,461.96 | RSI: 44.37
2025-06-30 03:29:49 | INFO | 游늳 BTC: $108,461.95 | RSI: 44.37
2025-06-30 03:30:19 | INFO | 游늳 BTC: $108,461.96 | RSI: 44.15
2025-06-30 03:30:50 | INFO | 游늳 BTC: $108,461.95 | RSI: 44.15
2025-06-30 03:31:20 | INFO | 游늳 BTC: $108,461.96 | RSI: 44.15
2025-06-30 03:31:50 | INFO | 游늳 BTC: $108,461.95 | RSI: 44.15
2025-06-30 03:32:20 | INFO | 游늳 BTC: $108,461.95 | RSI: 44.15
2025-06-30 03:32:51 | INFO | 游늳 BTC: $108,475.72 | RSI: 45.22
2025-06-30 03:33:21 | INFO | 游늳 BTC: $108,475.72 | RSI: 45.22
2025-06-30 03:33:51 | INFO | 游늳 BTC: $108,475.73 | RSI: 45.22
2025-06-30 03:34:21 | INFO | 游늳 BTC: $108,514.91 | RSI: 48.04
2025-06-30 03:34:52 | INFO | 游늳 BTC: $108,514.91 | RSI: 48.04
2025-06-30 03:35:22 | INFO | 游늳 BTC: $108,539.99 | RSI: 49.86
2025-06-30 03:35:52 | INFO | 游늳 BTC: $108,540.00 | RSI: 49.86
2025-06-30 03:36:22 | INFO | 游늳 BTC: $108,539.99 | RSI: 49.86
2025-06-30 03:36:52 | INFO | 游늳 BTC: $108,540.00 | RSI: 49.86
2025-06-30 03:37:23 | INFO | 游늳 BTC: $108,539.99 | RSI: 49.86
2025-06-30 03:37:53 | INFO | 游늳 BTC: $108,539.99 | RSI: 49.86
2025-06-30 03:38:23 | INFO | 游늳 BTC: $108,539.99 | RSI: 49.86
2025-06-30 03:38:53 | INFO | 游늳 BTC: $108,539.99 | RSI: 49.86
2025-06-30 03:39:24 | INFO | 游늳 BTC: $108,523.95 | RSI: 48.74
2025-06-30 03:39:54 | INFO | 游늳 BTC: $108,515.01 | RSI: 48.14
2025-06-30 03:40:24 | INFO | 游늳 BTC: $108,510.53 | RSI: 47.87
2025-06-30 03:40:54 | INFO | 游늳 BTC: $108,510.53 | RSI: 47.87
2025-06-30 03:41:25 | INFO | 游늳 BTC: $108,510.53 | RSI: 47.87
2025-06-30 03:41:55 | INFO | 游늳 BTC: $108,510.53 | RSI: 47.87
2025-06-30 03:42:25 | INFO | 游늳 BTC: $108,510.54 | RSI: 47.87
2025-06-30 03:42:55 | INFO | 游늳 BTC: $108,525.00 | RSI: 48.95
2025-06-30 03:43:26 | INFO | 游늳 BTC: $108,525.00 | RSI: 48.95
2025-06-30 03:43:56 | INFO | 游늳 BTC: $108,525.00 | RSI: 48.95
2025-06-30 03:44:26 | INFO | 游늳 BTC: $108,524.99 | RSI: 48.95
2025-06-30 03:44:56 | INFO | 游늳 BTC: $108,525.00 | RSI: 48.95
2025-06-30 03:45:26 | INFO | 游늳 BTC: $108,525.00 | RSI: 49.00
2025-06-30 03:45:57 | INFO | 游늳 BTC: $108,525.00 | RSI: 49.00
2025-06-30 03:46:27 | INFO | 游늳 BTC: $108,525.00 | RSI: 49.00
2025-06-30 03:46:57 | INFO | 游늳 BTC: $108,525.00 | RSI: 49.00
2025-06-30 03:47:27 | INFO | 游늳 BTC: $108,487.35 | RSI: 46.30
2025-06-30 03:47:58 | INFO | 游늳 BTC: $108,487.36 | RSI: 46.30
2025-06-30 03:48:28 | INFO | 游늳 BTC: $108,487.35 | RSI: 46.30
2025-06-30 03:48:58 | INFO | 游늳 BTC: $108,487.35 | RSI: 46.30
2025-06-30 03:49:28 | INFO | 游늳 BTC: $108,487.36 | RSI: 46.30
2025-06-30 03:49:59 | INFO | 游늳 BTC: $108,504.35 | RSI: 47.48
2025-06-30 03:50:29 | INFO | 游늳 BTC: $108,527.52 | RSI: 49.08
2025-06-30 03:50:59 | INFO | 游늳 BTC: $108,527.52 | RSI: 49.08
2025-06-30 03:51:29 | INFO | 游늳 BTC: $108,527.52 | RSI: 49.08
2025-06-30 03:52:00 | INFO | 游늳 BTC: $108,527.52 | RSI: 49.08
2025-06-30 03:52:30 | INFO | 游늳 BTC: $108,527.52 | RSI: 49.08
2025-06-30 03:53:00 | INFO | 游늳 BTC: $108,545.50 | RSI: 50.55
2025-06-30 03:53:30 | INFO | 游늳 BTC: $108,549.00 | RSI: 50.82
2025-06-30 03:54:00 | INFO | 游늳 BTC: $108,548.99 | RSI: 50.82
2025-06-30 03:54:31 | INFO | 游늳 BTC: $108,548.99 | RSI: 50.82
2025-06-30 03:55:01 | INFO | 游늳 BTC: $108,549.00 | RSI: 50.84
2025-06-30 03:55:31 | INFO | 游늳 BTC: $108,538.89 | RSI: 49.98
2025-06-30 03:56:01 | INFO | 游늳 BTC: $108,508.11 | RSI: 47.52
2025-06-30 03:56:32 | INFO | 游늳 BTC: $108,507.90 | RSI: 47.50
2025-06-30 03:57:02 | INFO | 游늳 BTC: $108,507.90 | RSI: 47.50
2025-06-30 03:57:32 | INFO | 游늳 BTC: $108,507.90 | RSI: 47.50
2025-06-30 03:58:02 | INFO | 游늳 BTC: $108,507.90 | RSI: 47.50
2025-06-30 03:58:33 | INFO | 游늳 BTC: $108,503.75 | RSI: 47.19
2025-06-30 03:59:03 | INFO | 游늳 BTC: $108,503.74 | RSI: 47.19
2025-06-30 03:59:33 | INFO | 游늳 BTC: $108,503.73 | RSI: 47.19
2025-06-30 04:00:03 | INFO | 游늳 BTC: $108,503.74 | RSI: 47.22
2025-06-30 04:00:34 | INFO | 游늳 BTC: $108,503.74 | RSI: 47.22
2025-06-30 04:01:04 | INFO | 游늳 BTC: $108,481.77 | RSI: 45.51
2025-06-30 04:01:34 | INFO | 游늳 BTC: $108,481.77 | RSI: 45.51
2025-06-30 04:02:04 | INFO | 游늳 BTC: $108,491.52 | RSI: 46.25
2025-06-30 04:02:35 | INFO | 游늳 BTC: $108,507.90 | RSI: 47.59
2025-06-30 04:03:05 | INFO | 游늳 BTC: $108,507.91 | RSI: 47.59
2025-06-30 04:03:35 | INFO | 游늳 BTC: $108,510.27 | RSI: 47.80
2025-06-30 04:04:05 | INFO | 游늳 BTC: $108,525.50 | RSI: 49.11
2025-06-30 04:04:35 | INFO | 游늳 BTC: $108,538.76 | RSI: 50.20
2025-06-30 04:05:06 | INFO | 游늳 BTC: $108,513.93 | RSI: 48.29
2025-06-30 04:05:36 | INFO | 游늳 BTC: $108,513.94 | RSI: 48.29
2025-06-30 04:06:06 | INFO | 游늳 BTC: $108,513.93 | RSI: 48.29
2025-06-30 04:06:36 | INFO | 游늳 BTC: $108,521.50 | RSI: 49.00
2025-06-30 04:07:07 | INFO | 游늳 BTC: $108,521.49 | RSI: 48.99
2025-06-30 04:07:37 | INFO | 游늳 BTC: $108,521.49 | RSI: 48.99
2025-06-30 04:08:07 | INFO | 游늳 BTC: $108,521.50 | RSI: 49.00
2025-06-30 04:08:37 | INFO | 游늳 BTC: $108,521.49 | RSI: 48.99
2025-06-30 04:09:08 | INFO | 游늳 BTC: $108,534.72 | RSI: 50.18
2025-06-30 04:09:38 | INFO | 游늳 BTC: $108,534.71 | RSI: 50.18
2025-06-30 04:10:08 | INFO | 游늳 BTC: $108,502.77 | RSI: 47.04
2025-06-30 04:10:38 | INFO | 游늳 BTC: $108,498.87 | RSI: 46.69
2025-06-30 04:11:09 | INFO | 游늳 BTC: $108,498.75 | RSI: 46.68
2025-06-30 04:11:39 | INFO | 游늳 BTC: $108,498.32 | RSI: 46.64
2025-06-30 04:12:09 | INFO | 游늳 BTC: $108,498.32 | RSI: 46.64
2025-06-30 04:12:39 | INFO | 游늳 BTC: $108,482.96 | RSI: 45.31
2025-06-30 04:13:10 | INFO | 游늳 BTC: $108,482.96 | RSI: 45.31
2025-06-30 04:13:40 | INFO | 游늳 BTC: $108,495.63 | RSI: 46.40
2025-06-30 04:14:10 | INFO | 游늳 BTC: $108,495.62 | RSI: 46.40
2025-06-30 04:14:40 | INFO | 游늳 BTC: $108,498.26 | RSI: 46.63
2025-06-30 04:15:11 | INFO | 游늳 BTC: $108,511.48 | RSI: 47.92
2025-06-30 04:15:41 | INFO | 游늳 BTC: $108,511.48 | RSI: 47.92
2025-06-30 04:16:11 | INFO | 游늳 BTC: $108,511.48 | RSI: 47.92
2025-06-30 04:16:42 | INFO | 游늳 BTC: $108,511.48 | RSI: 47.92
2025-06-30 04:17:12 | INFO | 游늳 BTC: $108,511.48 | RSI: 47.92
2025-06-30 04:17:42 | INFO | 游늳 BTC: $108,501.13 | RSI: 46.81
2025-06-30 04:18:12 | INFO | 游늳 BTC: $108,491.43 | RSI: 45.85
2025-06-30 04:18:43 | INFO | 游늳 BTC: $108,476.14 | RSI: 44.46
2025-06-30 04:19:13 | INFO | 游늳 BTC: $108,474.49 | RSI: 44.32
2025-06-30 04:19:43 | INFO | 游늳 BTC: $108,472.17 | RSI: 44.12
2025-06-30 04:20:13 | INFO | 游늳 BTC: $108,472.16 | RSI: 44.10
2025-06-30 04:20:43 | INFO | 游늳 BTC: $108,444.56 | RSI: 41.67
2025-06-30 04:21:14 | INFO | 游늳 BTC: $108,442.70 | RSI: 41.52
2025-06-30 04:21:44 | INFO | 游늳 BTC: $108,442.45 | RSI: 41.50
2025-06-30 04:22:14 | INFO | 游늳 BTC: $108,441.25 | RSI: 41.40
2025-06-30 04:22:44 | INFO | 游늳 BTC: $108,439.57 | RSI: 41.26
2025-06-30 04:23:15 | INFO | 游늳 BTC: $108,433.45 | RSI: 40.77
2025-06-30 04:23:45 | INFO | 游늳 BTC: $108,427.95 | RSI: 40.33
2025-06-30 04:24:16 | INFO | 游늳 BTC: $108,425.01 | RSI: 40.11
2025-06-30 04:24:46 | INFO | 游늳 BTC: $108,425.02 | RSI: 40.11
2025-06-30 04:25:16 | INFO | 游늳 BTC: $108,425.02 | RSI: 39.30
2025-06-30 04:25:46 | INFO | 游늳 BTC: $108,452.50 | RSI: 42.61
2025-06-30 04:26:17 | INFO | 游늳 BTC: $108,452.49 | RSI: 42.61
2025-06-30 04:26:47 | INFO | 游늳 BTC: $108,430.92 | RSI: 40.04
2025-06-30 04:27:17 | INFO | 游늳 BTC: $108,430.91 | RSI: 40.04
2025-06-30 04:27:47 | INFO | 游늳 BTC: $108,445.09 | RSI: 41.75
2025-06-30 04:28:17 | INFO | 游늳 BTC: $108,452.48 | RSI: 42.61
2025-06-30 04:28:48 | INFO | 游늳 BTC: $108,461.96 | RSI: 43.67
2025-06-30 04:29:18 | INFO | 游늳 BTC: $108,446.31 | RSI: 41.90
2025-06-30 04:29:49 | INFO | 游늳 BTC: $108,446.31 | RSI: 41.90
2025-06-30 04:30:19 | INFO | 游늳 BTC: $108,446.32 | RSI: 41.99
2025-06-30 04:30:49 | INFO | 游늳 BTC: $108,446.31 | RSI: 41.98
2025-06-30 04:31:19 | INFO | 游늳 BTC: $108,446.32 | RSI: 41.99
2025-06-30 04:31:50 | INFO | 游늳 BTC: $108,446.32 | RSI: 41.99
2025-06-30 04:32:20 | INFO | 游늳 BTC: $108,440.73 | RSI: 41.48
2025-06-30 04:32:50 | INFO | 游늳 BTC: $108,440.74 | RSI: 41.48
2025-06-30 04:33:20 | INFO | 游늳 BTC: $108,440.73 | RSI: 41.48
2025-06-30 04:33:51 | INFO | 游늳 BTC: $108,427.28 | RSI: 40.32
2025-06-30 04:34:21 | INFO | 游늳 BTC: $108,428.55 | RSI: 40.43
2025-06-30 04:34:51 | INFO | 游늳 BTC: $108,428.55 | RSI: 40.43
2025-06-30 04:35:21 | INFO | 游늳 BTC: $108,428.54 | RSI: 40.43
2025-06-30 04:35:51 | INFO | 游늳 BTC: $108,428.55 | RSI: 40.43
2025-06-30 04:36:22 | INFO | 游늳 BTC: $108,428.54 | RSI: 40.43
2025-06-30 04:36:52 | INFO | 游늳 BTC: $108,428.54 | RSI: 40.43
2025-06-30 04:37:22 | INFO | 游늳 BTC: $108,428.54 | RSI: 40.43
2025-06-30 04:37:52 | INFO | 游늳 BTC: $108,428.54 | RSI: 40.43
2025-06-30 04:38:23 | INFO | 游늳 BTC: $108,428.54 | RSI: 40.43
2025-06-30 04:38:53 | INFO | 游늳 BTC: $108,428.55 | RSI: 40.43
2025-06-30 04:39:23 | INFO | 游늳 BTC: $108,428.54 | RSI: 40.43
2025-06-30 04:39:53 | INFO | 游늳 BTC: $108,428.19 | RSI: 40.40
2025-06-30 04:40:24 | INFO | 游늳 BTC: $108,428.20 | RSI: 40.47
2025-06-30 04:40:54 | INFO | 游늳 BTC: $108,428.09 | RSI: 40.46
2025-06-30 04:41:24 | INFO | 游늳 BTC: $108,420.18 | RSI: 39.70
2025-06-30 04:41:54 | INFO | 游늳 BTC: $108,419.56 | RSI: 39.64
2025-06-30 04:42:25 | INFO | 游늳 BTC: $108,400.00 | RSI: 37.89
2025-06-30 04:42:55 | INFO | 游늳 BTC: $108,381.01 | RSI: 36.32
2025-06-30 04:43:25 | INFO | 游늳 BTC: $108,381.00 | RSI: 36.32
2025-06-30 04:43:55 | INFO | 游늳 BTC: $108,368.26 | RSI: 35.34
2025-06-30 04:44:26 | INFO | 游늳 BTC: $108,368.00 | RSI: 35.32
2025-06-30 04:44:56 | INFO | 游늳 BTC: $108,368.00 | RSI: 35.32
2025-06-30 04:45:26 | INFO | 游늳 BTC: $108,368.01 | RSI: 34.81
2025-06-30 04:45:56 | INFO | 游늳 BTC: $108,368.00 | RSI: 34.81
2025-06-30 04:46:26 | INFO | 游늳 BTC: $108,368.00 | RSI: 34.81
2025-06-30 04:46:57 | INFO | 游늳 BTC: $108,368.00 | RSI: 34.81
2025-06-30 04:47:27 | INFO | 游늳 BTC: $108,368.01 | RSI: 34.81
2025-06-30 04:47:57 | INFO | 游늳 BTC: $108,368.01 | RSI: 34.81
2025-06-30 04:48:27 | INFO | 游늳 BTC: $108,368.01 | RSI: 34.81
2025-06-30 04:48:58 | INFO | 游늳 BTC: $108,368.01 | RSI: 34.81
2025-06-30 04:49:28 | INFO | 游늳 BTC: $108,380.79 | RSI: 36.67
2025-06-30 04:49:58 | INFO | 游늳 BTC: $108,396.64 | RSI: 38.83
2025-06-30 04:50:28 | INFO | 游늳 BTC: $108,396.64 | RSI: 38.80
2025-06-30 04:50:59 | INFO | 游늳 BTC: $108,412.79 | RSI: 41.01
2025-06-30 04:51:29 | INFO | 游늳 BTC: $108,396.01 | RSI: 38.75
2025-06-30 04:51:59 | INFO | 游늳 BTC: $108,353.25 | RSI: 35.26
2025-06-30 04:52:29 | INFO | 游늳 BTC: $108,353.26 | RSI: 35.26
2025-06-30 04:53:00 | INFO | 游늳 BTC: $108,394.95 | RSI: 38.65
2025-06-30 04:53:30 | INFO | 游늳 BTC: $108,394.95 | RSI: 38.65
2025-06-30 04:54:00 | INFO | 游늳 BTC: $108,394.92 | RSI: 38.65
2025-06-30 04:54:30 | INFO | 游늳 BTC: $108,394.92 | RSI: 38.65
2025-06-30 04:55:01 | INFO | 游늳 BTC: $108,394.91 | RSI: 38.86
2025-06-30 04:55:31 | INFO | 游늳 BTC: $108,365.27 | RSI: 36.18
2025-06-30 04:56:01 | INFO | 游늳 BTC: $108,334.00 | RSI: 33.73
2025-06-30 04:56:31 | INFO | 游늳 BTC: $108,326.89 | RSI: 33.21
2025-06-30 04:57:02 | INFO | 游늳 BTC: $108,326.89 | RSI: 33.21
2025-06-30 04:57:32 | INFO | 游늳 BTC: $108,316.91 | RSI: 32.52
2025-06-30 04:58:02 | INFO | 游늳 BTC: $108,307.04 | RSI: 31.86
2025-06-30 04:58:33 | INFO | 游늳 BTC: $108,305.89 | RSI: 31.79
2025-06-30 04:59:03 | INFO | 游늳 BTC: $108,305.82 | RSI: 31.78
2025-06-30 04:59:33 | INFO | 游늳 BTC: $108,301.78 | RSI: 31.52
2025-06-30 05:00:03 | INFO | 游늳 BTC: $108,314.99 | RSI: 32.23
2025-06-30 05:00:34 | INFO | 游늳 BTC: $108,312.90 | RSI: 32.08
2025-06-30 05:01:04 | INFO | 游늳 BTC: $108,300.01 | RSI: 31.18
2025-06-30 05:01:34 | INFO | 游늳 BTC: $108,303.61 | RSI: 31.42
2025-06-30 05:02:04 | INFO | 游늳 BTC: $108,307.11 | RSI: 31.67
2025-06-30 05:02:35 | INFO | 游늳 BTC: $108,345.57 | RSI: 36.59
2025-06-30 05:03:05 | INFO | 游늳 BTC: $108,349.99 | RSI: 37.18
2025-06-30 05:03:35 | INFO | 游늳 BTC: $108,350.00 | RSI: 37.18
2025-06-30 05:04:06 | INFO | 游늳 BTC: $108,360.00 | RSI: 38.46
2025-06-30 05:04:36 | INFO | 游늳 BTC: $108,367.53 | RSI: 39.39
2025-06-30 05:05:07 | INFO | 游늳 BTC: $108,347.91 | RSI: 37.65
2025-06-30 05:05:37 | INFO | 游늳 BTC: $108,374.33 | RSI: 40.69
2025-06-30 05:06:07 | INFO | 游늳 BTC: $108,374.33 | RSI: 40.69
2025-06-30 05:06:37 | INFO | 游늳 BTC: $108,380.00 | RSI: 41.40
2025-06-30 05:07:08 | INFO | 游늳 BTC: $108,353.52 | RSI: 38.12
2025-06-30 05:07:38 | INFO | 游늳 BTC: $108,351.95 | RSI: 37.99
2025-06-30 05:08:08 | INFO | 游늳 BTC: $108,353.51 | RSI: 38.12
2025-06-30 05:08:38 | INFO | 游늳 BTC: $108,353.52 | RSI: 38.12
2025-06-30 05:09:09 | INFO | 游늳 BTC: $108,353.51 | RSI: 38.12
2025-06-30 05:09:39 | INFO | 游늳 BTC: $108,353.52 | RSI: 38.12
2025-06-30 05:10:09 | INFO | 游늳 BTC: $108,353.52 | RSI: 38.22
2025-06-30 05:10:39 | INFO | 游늳 BTC: $108,353.53 | RSI: 38.23
2025-06-30 05:11:10 | INFO | 游늳 BTC: $108,353.52 | RSI: 38.22
2025-06-30 05:11:40 | INFO | 游늳 BTC: $108,353.52 | RSI: 38.22
2025-06-30 05:12:10 | INFO | 游늳 BTC: $108,353.53 | RSI: 38.23
2025-06-30 05:12:40 | INFO | 游늳 BTC: $108,353.53 | RSI: 38.23
2025-06-30 05:13:10 | INFO | 游늳 BTC: $108,353.52 | RSI: 38.22
2025-06-30 05:13:41 | INFO | 游늳 BTC: $108,353.98 | RSI: 38.29
2025-06-30 05:14:11 | INFO | 游늳 BTC: $108,353.99 | RSI: 38.29
2025-06-30 05:14:41 | INFO | 游늳 BTC: $108,370.12 | RSI: 40.58
2025-06-30 05:15:11 | INFO | 游늳 BTC: $108,370.11 | RSI: 40.64
2025-06-30 05:15:42 | INFO | 游늳 BTC: $108,370.11 | RSI: 40.64
2025-06-30 05:16:12 | INFO | 游늳 BTC: $108,370.11 | RSI: 40.64
2025-06-30 05:16:42 | INFO | 游늳 BTC: $108,345.49 | RSI: 38.30
2025-06-30 05:17:12 | INFO | 游늳 BTC: $108,342.10 | RSI: 38.00
2025-06-30 05:17:43 | INFO | 游늳 BTC: $108,342.10 | RSI: 38.00
2025-06-30 05:18:13 | INFO | 游늳 BTC: $108,342.10 | RSI: 38.00
2025-06-30 05:18:43 | INFO | 游늳 BTC: $108,342.09 | RSI: 38.00
2025-06-30 05:19:13 | INFO | 游늳 BTC: $108,342.10 | RSI: 38.00
2025-06-30 05:19:44 | INFO | 游늳 BTC: $108,342.09 | RSI: 38.00
2025-06-30 05:20:14 | INFO | 游늳 BTC: $108,342.10 | RSI: 37.38
2025-06-30 05:20:44 | INFO | 游늳 BTC: $108,342.10 | RSI: 37.38
2025-06-30 05:21:14 | INFO | 游늳 BTC: $108,342.10 | RSI: 37.38
2025-06-30 05:21:44 | INFO | 游늳 BTC: $108,328.93 | RSI: 36.17
2025-06-30 05:22:15 | INFO | 游늳 BTC: $108,323.92 | RSI: 35.74
2025-06-30 05:22:45 | INFO | 游늳 BTC: $108,323.92 | RSI: 35.74
2025-06-30 05:23:15 | INFO | 游늳 BTC: $108,334.65 | RSI: 36.69
2025-06-30 05:23:45 | INFO | 游늳 BTC: $108,334.65 | RSI: 36.69
2025-06-30 05:24:16 | INFO | 游늳 BTC: $108,332.57 | RSI: 36.50
2025-06-30 05:24:46 | INFO | 游늳 BTC: $108,327.08 | RSI: 36.01
2025-06-30 05:25:16 | INFO | 游늳 BTC: $108,327.07 | RSI: 35.98
2025-06-30 05:25:46 | INFO | 游늳 BTC: $108,317.01 | RSI: 35.06
2025-06-30 05:26:17 | INFO | 游늳 BTC: $108,317.00 | RSI: 35.06
2025-06-30 05:26:47 | INFO | 游늳 BTC: $108,317.00 | RSI: 35.06
2025-06-30 05:27:17 | INFO | 游늳 BTC: $108,320.30 | RSI: 35.35
2025-06-30 05:27:47 | INFO | 游늳 BTC: $108,320.31 | RSI: 35.36
2025-06-30 05:28:18 | INFO | 游늳 BTC: $108,320.30 | RSI: 35.35
2025-06-30 05:28:48 | INFO | 游늳 BTC: $108,307.89 | RSI: 34.26
2025-06-30 05:29:18 | INFO | 游늳 BTC: $108,307.90 | RSI: 34.26
2025-06-30 05:29:48 | INFO | 游늳 BTC: $108,306.74 | RSI: 34.16
2025-06-30 05:30:18 | INFO | 游늳 BTC: $108,300.01 | RSI: 33.51
2025-06-30 05:30:49 | INFO | 游늳 BTC: $108,239.52 | RSI: 28.91
2025-06-30 05:31:19 | INFO | 游늳 BTC: $108,239.52 | RSI: 28.91
2025-06-30 05:31:49 | INFO | 游늳 BTC: $108,239.52 | RSI: 28.91
2025-06-30 05:32:19 | INFO | 游늳 BTC: $108,220.07 | RSI: 27.69
2025-06-30 05:32:50 | INFO | 游늳 BTC: $108,237.62 | RSI: 28.78
2025-06-30 05:33:20 | INFO | 游늳 BTC: $108,237.62 | RSI: 28.78
2025-06-30 05:33:50 | INFO | 游늳 BTC: $108,227.35 | RSI: 28.13
2025-06-30 05:34:20 | INFO | 游늳 BTC: $108,223.57 | RSI: 27.90
2025-06-30 05:34:51 | INFO | 游늳 BTC: $108,193.55 | RSI: 26.18
2025-06-30 05:35:21 | INFO | 游늳 BTC: $108,192.33 | RSI: 25.91
2025-06-30 05:35:51 | INFO | 游늳 BTC: $108,185.01 | RSI: 25.49
2025-06-30 05:36:21 | INFO | 游늳 BTC: $108,185.01 | RSI: 25.49
2025-06-30 05:36:52 | INFO | 游늳 BTC: $108,192.22 | RSI: 25.90
2025-06-30 05:37:22 | INFO | 游늳 BTC: $108,185.01 | RSI: 25.49
2025-06-30 05:37:52 | INFO | 游늳 BTC: $108,173.77 | RSI: 24.88
2025-06-30 05:37:52 | INFO | 游릭 Se침al COMPRA detectada - RSI: 24.88
2025-06-30 05:37:52 | WARNING | 丘멆잺 Balance insuficiente para testing
2025-06-30 05:38:23 | INFO | 游늳 BTC: $108,170.47 | RSI: 24.71
2025-06-30 05:38:23 | INFO | 游릭 Se침al COMPRA detectada - RSI: 24.71
2025-06-30 05:38:23 | WARNING | 丘멆잺 Balance insuficiente para testing
2025-06-30 05:38:53 | INFO | 游늳 BTC: $108,202.99 | RSI: 27.49
2025-06-30 05:39:23 | INFO | 游늳 BTC: $108,220.56 | RSI: 30.16
2025-06-30 05:39:53 | INFO | 游늳 BTC: $108,217.10 | RSI: 29.65
2025-06-30 05:40:24 | INFO | 游늳 BTC: $108,237.62 | RSI: 32.68
2025-06-30 05:40:54 | INFO | 游늳 BTC: $108,237.61 | RSI: 32.68
2025-06-30 05:41:24 | INFO | 游늳 BTC: $108,256.19 | RSI: 35.29
2025-06-30 05:41:54 | INFO | 游늳 BTC: $108,246.51 | RSI: 33.96
2025-06-30 05:42:25 | INFO | 游늳 BTC: $108,242.85 | RSI: 33.44
2025-06-30 05:42:55 | INFO | 游늳 BTC: $108,258.89 | RSI: 35.66
2025-06-30 05:43:25 | INFO | 游늳 BTC: $108,252.72 | RSI: 34.82
2025-06-30 05:43:55 | INFO | 游늳 BTC: $108,237.62 | RSI: 32.68
2025-06-30 05:44:26 | INFO | 游늳 BTC: $108,229.71 | RSI: 31.51
2025-06-30 05:44:56 | INFO | 游늳 BTC: $108,229.70 | RSI: 31.50
2025-06-30 05:45:26 | INFO | 游늳 BTC: $108,229.71 | RSI: 31.46
2025-06-30 05:45:56 | INFO | 游늳 BTC: $108,229.70 | RSI: 31.46
2025-06-30 05:46:27 | INFO | 游늳 BTC: $108,250.01 | RSI: 34.62
2025-06-30 05:46:57 | INFO | 游늳 BTC: $108,260.00 | RSI: 36.08
2025-06-30 05:47:27 | INFO | 游늳 BTC: $108,260.00 | RSI: 36.08
2025-06-30 05:47:57 | INFO | 游늳 BTC: $108,257.30 | RSI: 35.69
2025-06-30 05:48:27 | INFO | 游늳 BTC: $108,236.72 | RSI: 32.59
2025-06-30 05:48:58 | INFO | 游늳 BTC: $108,238.00 | RSI: 32.79
2025-06-30 05:49:28 | INFO | 游늳 BTC: $108,213.13 | RSI: 30.27
2025-06-30 05:49:58 | INFO | 游늳 BTC: $108,202.14 | RSI: 29.52
2025-06-30 05:50:28 | INFO | 游늳 BTC: $108,202.15 | RSI: 29.69
2025-06-30 05:50:59 | INFO | 游늳 BTC: $108,234.23 | RSI: 34.76
2025-06-30 05:51:29 | INFO | 游늳 BTC: $108,214.88 | RSI: 31.80
2025-06-30 05:51:59 | INFO | 游늳 BTC: $108,196.54 | RSI: 29.30
2025-06-30 05:52:30 | INFO | 游늳 BTC: $108,196.55 | RSI: 29.30
2025-06-30 05:53:00 | INFO | 游늳 BTC: $108,219.99 | RSI: 32.61
2025-06-30 05:53:30 | INFO | 游늳 BTC: $108,219.99 | RSI: 32.61
2025-06-30 05:54:01 | INFO | 游늳 BTC: $108,220.00 | RSI: 32.61
2025-06-30 05:54:31 | INFO | 游늳 BTC: $108,219.99 | RSI: 32.61
2025-06-30 05:55:01 | INFO | 游늳 BTC: $108,251.10 | RSI: 37.65
2025-06-30 05:55:31 | INFO | 游늳 BTC: $108,244.19 | RSI: 36.62
2025-06-30 05:56:01 | INFO | 游늳 BTC: $108,266.68 | RSI: 39.85
2025-06-30 05:56:32 | INFO | 游늳 BTC: $108,308.20 | RSI: 45.00
2025-06-30 05:57:02 | INFO | 游늳 BTC: $108,297.90 | RSI: 43.81
2025-06-30 05:57:32 | INFO | 游늳 BTC: $108,297.90 | RSI: 43.81
2025-06-30 05:58:02 | INFO | 游늳 BTC: $108,297.89 | RSI: 43.81
2025-06-30 05:58:33 | INFO | 游늳 BTC: $108,280.65 | RSI: 41.69
2025-06-30 05:59:03 | INFO | 游늳 BTC: $108,280.65 | RSI: 41.69
2025-06-30 05:59:33 | INFO | 游늳 BTC: $108,280.65 | RSI: 41.69
2025-06-30 06:00:03 | INFO | 游늳 BTC: $108,280.66 | RSI: 41.81
2025-06-30 06:00:34 | INFO | 游늳 BTC: $108,258.26 | RSI: 39.71
2025-06-30 06:01:04 | INFO | 游늳 BTC: $108,253.74 | RSI: 39.31
2025-06-30 06:01:34 | INFO | 游늳 BTC: $108,253.72 | RSI: 39.31
2025-06-30 06:02:04 | INFO | 游늳 BTC: $108,253.02 | RSI: 39.25
2025-06-30 06:02:35 | INFO | 游늳 BTC: $108,268.29 | RSI: 40.62
2025-06-30 06:03:05 | INFO | 游늳 BTC: $108,279.84 | RSI: 41.73
2025-06-30 06:03:35 | INFO | 游늳 BTC: $108,292.40 | RSI: 43.38
2025-06-30 06:04:05 | INFO | 游늳 BTC: $108,292.40 | RSI: 43.38
2025-06-30 06:04:35 | INFO | 游늳 BTC: $108,299.99 | RSI: 44.36
2025-06-30 06:05:06 | INFO | 游늳 BTC: $108,279.01 | RSI: 41.72
2025-06-30 06:05:36 | INFO | 游늳 BTC: $108,269.18 | RSI: 40.70
2025-06-30 06:06:06 | INFO | 游늳 BTC: $108,265.21 | RSI: 40.31
2025-06-30 06:06:36 | INFO | 游늳 BTC: $108,271.65 | RSI: 40.95
2025-06-30 06:07:07 | INFO | 游늳 BTC: $108,285.00 | RSI: 42.59
2025-06-30 06:07:37 | INFO | 游늳 BTC: $108,285.00 | RSI: 42.59
2025-06-30 06:08:07 | INFO | 游늳 BTC: $108,285.00 | RSI: 42.59
2025-06-30 06:08:37 | INFO | 游늳 BTC: $108,292.39 | RSI: 43.64
2025-06-30 06:09:08 | INFO | 游늳 BTC: $108,255.01 | RSI: 39.32
2025-06-30 06:09:38 | INFO | 游늳 BTC: $108,253.50 | RSI: 39.18
2025-06-30 06:10:08 | INFO | 游늳 BTC: $108,252.67 | RSI: 38.75
2025-06-30 06:10:38 | INFO | 游늳 BTC: $108,235.59 | RSI: 37.11
2025-06-30 06:11:09 | INFO | 游늳 BTC: $108,260.70 | RSI: 39.99
2025-06-30 06:11:39 | INFO | 游늳 BTC: $108,262.01 | RSI: 40.19
2025-06-30 06:12:09 | INFO | 游늳 BTC: $108,246.07 | RSI: 38.10
2025-06-30 06:12:39 | INFO | 游늳 BTC: $108,244.06 | RSI: 37.90
2025-06-30 06:13:10 | INFO | 游늳 BTC: $108,242.33 | RSI: 37.74
2025-06-30 06:13:40 | INFO | 游늳 BTC: $108,233.81 | RSI: 36.95
2025-06-30 06:14:10 | INFO | 游늳 BTC: $108,228.71 | RSI: 36.49
2025-06-30 06:14:40 | INFO | 游늳 BTC: $108,226.77 | RSI: 36.32
2025-06-30 06:15:10 | INFO | 游늳 BTC: $108,226.78 | RSI: 36.24
2025-06-30 06:15:41 | INFO | 游늳 BTC: $108,225.14 | RSI: 36.09
2025-06-30 06:16:11 | INFO | 游늳 BTC: $108,225.15 | RSI: 36.09
2025-06-30 06:16:41 | INFO | 游늳 BTC: $108,225.14 | RSI: 36.09
2025-06-30 06:17:11 | INFO | 游늳 BTC: $108,196.40 | RSI: 33.58
2025-06-30 06:17:42 | INFO | 游늳 BTC: $108,196.17 | RSI: 33.56
2025-06-30 06:18:12 | INFO | 游늳 BTC: $108,165.22 | RSI: 31.23
2025-06-30 06:18:42 | INFO | 游늳 BTC: $108,165.22 | RSI: 31.23
2025-06-30 06:19:12 | INFO | 游늳 BTC: $108,165.22 | RSI: 31.23
2025-06-30 06:19:43 | INFO | 游늳 BTC: $108,165.21 | RSI: 31.23
2025-06-30 06:20:13 | INFO | 游늳 BTC: $108,165.22 | RSI: 30.94
2025-06-30 06:20:43 | INFO | 游늳 BTC: $108,184.64 | RSI: 34.06
2025-06-30 06:21:13 | INFO | 游늳 BTC: $108,184.64 | RSI: 34.06
2025-06-30 06:21:44 | INFO | 游늳 BTC: $108,184.63 | RSI: 34.06
2025-06-30 06:22:14 | INFO | 游늳 BTC: $108,184.63 | RSI: 34.06
2025-06-30 06:22:44 | INFO | 游늳 BTC: $108,182.16 | RSI: 33.68
2025-06-30 06:23:14 | INFO | 游늳 BTC: $108,182.17 | RSI: 33.68
2025-06-30 06:23:44 | INFO | 游늳 BTC: $108,182.17 | RSI: 33.68
2025-06-30 06:24:15 | INFO | 游늳 BTC: $108,180.00 | RSI: 33.34
2025-06-30 06:24:45 | INFO | 游늳 BTC: $108,180.01 | RSI: 33.34
2025-06-30 06:25:15 | INFO | 游늳 BTC: $108,180.01 | RSI: 33.43
2025-06-30 06:25:45 | INFO | 游늳 BTC: $108,161.92 | RSI: 31.96
2025-06-30 06:26:16 | INFO | 游늳 BTC: $108,165.21 | RSI: 32.22
2025-06-30 06:26:46 | INFO | 游늳 BTC: $108,170.70 | RSI: 32.66
2025-06-30 06:27:16 | INFO | 游늳 BTC: $108,170.70 | RSI: 32.66
2025-06-30 06:27:46 | INFO | 游늳 BTC: $108,170.70 | RSI: 32.66
2025-06-30 06:28:17 | INFO | 游늳 BTC: $108,172.67 | RSI: 32.82
2025-06-30 06:28:47 | INFO | 游늳 BTC: $108,172.67 | RSI: 32.82
2025-06-30 06:29:17 | INFO | 游늳 BTC: $108,172.67 | RSI: 32.82
2025-06-30 06:29:47 | INFO | 游늳 BTC: $108,152.01 | RSI: 31.21
2025-06-30 06:30:18 | INFO | 游늳 BTC: $108,157.31 | RSI: 33.05
2025-06-30 06:30:48 | INFO | 游늳 BTC: $108,161.10 | RSI: 33.66
2025-06-30 06:31:18 | INFO | 游늳 BTC: $108,161.10 | RSI: 33.66
2025-06-30 06:31:48 | INFO | 游늳 BTC: $108,160.00 | RSI: 33.48
2025-06-30 06:32:18 | INFO | 游늳 BTC: $108,161.09 | RSI: 33.65
2025-06-30 06:32:49 | INFO | 游늳 BTC: $108,167.51 | RSI: 34.65
2025-06-30 06:33:19 | INFO | 游늳 BTC: $108,167.50 | RSI: 34.65
2025-06-30 06:33:49 | INFO | 游늳 BTC: $108,171.72 | RSI: 35.29
2025-06-30 06:34:19 | INFO | 游늳 BTC: $108,171.73 | RSI: 35.29
2025-06-30 06:34:50 | INFO | 游늳 BTC: $108,160.00 | RSI: 33.48
2025-06-30 06:35:20 | INFO | 游늳 BTC: $108,160.01 | RSI: 33.30
2025-06-30 06:35:50 | INFO | 游늳 BTC: $108,160.00 | RSI: 33.29
2025-06-30 06:36:20 | INFO | 游늳 BTC: $108,031.84 | RSI: 25.03
2025-06-30 06:36:51 | INFO | 游늳 BTC: $108,060.91 | RSI: 26.53
2025-06-30 06:37:21 | INFO | 游늳 BTC: $108,044.98 | RSI: 25.69
2025-06-30 06:37:51 | INFO | 游늳 BTC: $108,026.63 | RSI: 24.78
2025-06-30 06:37:51 | INFO | 游릭 Se침al COMPRA detectada - RSI: 24.78
2025-06-30 06:37:51 | WARNING | 丘멆잺 Balance insuficiente para testing
2025-06-30 06:38:22 | INFO | 游늳 BTC: $108,037.12 | RSI: 25.29
2025-06-30 06:38:52 | INFO | 游늳 BTC: $107,935.50 | RSI: 21.10
2025-06-30 06:38:52 | INFO | 游릭 Se침al COMPRA detectada - RSI: 21.10
2025-06-30 06:38:52 | WARNING | 丘멆잺 Balance insuficiente para testing
2025-06-30 06:39:22 | INFO | 游늳 BTC: $107,868.48 | RSI: 19.02
2025-06-30 06:39:22 | INFO | 游릭 Se침al COMPRA detectada - RSI: 19.02
2025-06-30 06:39:23 | WARNING | 丘멆잺 Balance insuficiente para testing
2025-06-30 06:39:53 | INFO | 游늳 BTC: $107,871.93 | RSI: 19.12
2025-06-30 06:39:53 | INFO | 游릭 Se침al COMPRA detectada - RSI: 19.12
2025-06-30 06:39:53 | WARNING | 丘멆잺 Balance insuficiente para testing
2025-06-30 06:40:23 | INFO | 游늳 BTC: $107,872.77 | RSI: 19.30
2025-06-30 06:40:23 | INFO | 游릭 Se침al COMPRA detectada - RSI: 19.30
2025-06-30 06:40:24 | WARNING | 丘멆잺 Balance insuficiente para testing
2025-06-30 06:40:54 | INFO | 游늳 BTC: $107,833.00 | RSI: 18.08
2025-06-30 06:40:54 | INFO | 游릭 Se침al COMPRA detectada - RSI: 18.08
2025-06-30 06:40:54 | WARNING | 丘멆잺 Balance insuficiente para testing
2025-06-30 06:41:25 | INFO | 游늳 BTC: $107,837.39 | RSI: 18.20
2025-06-30 06:41:25 | INFO | 游릭 Se침al COMPRA detectada - RSI: 18.20
2025-06-30 06:41:25 | WARNING | 丘멆잺 Balance insuficiente para testing
2025-06-30 06:41:55 | INFO | 游늳 BTC: $107,822.32 | RSI: 17.79
2025-06-30 06:41:55 | INFO | 游릭 Se침al COMPRA detectada - RSI: 17.79
2025-06-30 06:41:55 | WARNING | 丘멆잺 Balance insuficiente para testing
2025-06-30 06:42:26 | INFO | 游늳 BTC: $107,772.53 | RSI: 16.57
2025-06-30 06:42:26 | INFO | 游릭 Se침al COMPRA detectada - RSI: 16.57
2025-06-30 06:42:26 | WARNING | 丘멆잺 Balance insuficiente para testing
2025-06-30 06:42:56 | INFO | 游늳 BTC: $107,754.80 | RSI: 16.17
2025-06-30 06:42:56 | INFO | 游릭 Se침al COMPRA detectada - RSI: 16.17
2025-06-30 06:42:56 | WARNING | 丘멆잺 Balance insuficiente para testing
2025-06-30 06:43:27 | INFO | 游늳 BTC: $107,826.30 | RSI: 17.89
2025-06-30 06:43:27 | INFO | 游릭 Se침al COMPRA detectada - RSI: 17.89
2025-06-30 06:43:27 | WARNING | 丘멆잺 Balance insuficiente para testing
2025-06-30 06:43:57 | INFO | 游늳 BTC: $107,838.23 | RSI: 18.22
2025-06-30 06:43:57 | INFO | 游릭 Se침al COMPRA detectada - RSI: 18.22
2025-06-30 06:43:57 | WARNING | 丘멆잺 Balance insuficiente para testing
2025-06-30 06:44:28 | INFO | 游늳 BTC: $107,823.65 | RSI: 17.82
2025-06-30 06:44:28 | INFO | 游릭 Se침al COMPRA detectada - RSI: 17.82
2025-06-30 06:44:28 | WARNING | 丘멆잺 Balance insuficiente para testing
2025-06-30 06:44:58 | INFO | 游늳 BTC: $107,779.81 | RSI: 16.74
2025-06-30 06:44:58 | INFO | 游릭 Se침al COMPRA detectada - RSI: 16.74
2025-06-30 06:44:58 | WARNING | 丘멆잺 Balance insuficiente para testing
2025-06-30 06:45:29 | INFO | 游늳 BTC: $107,796.87 | RSI: 18.53
2025-06-30 06:45:29 | INFO | 游릭 Se침al COMPRA detectada - RSI: 18.53
2025-06-30 06:45:29 | WARNING | 丘멆잺 Balance insuficiente para testing
2025-06-30 06:46:00 | INFO | 游늳 BTC: $107,763.70 | RSI: 16.04
2025-06-30 06:46:00 | INFO | 游릭 Se침al COMPRA detectada - RSI: 16.04
2025-06-30 06:46:00 | WARNING | 丘멆잺 Balance insuficiente para testing
2025-06-30 06:46:30 | INFO | 游늳 BTC: $107,734.74 | RSI: 15.39
2025-06-30 06:46:30 | INFO | 游릭 Se침al COMPRA detectada - RSI: 15.39
2025-06-30 06:46:31 | WARNING | 丘멆잺 Balance insuficiente para testing
2025-06-30 06:47:01 | INFO | 游늳 BTC: $107,670.13 | RSI: 14.10
2025-06-30 06:47:01 | INFO | 游릭 Se침al COMPRA detectada - RSI: 14.10
2025-06-30 06:47:01 | WARNING | 丘멆잺 Balance insuficiente para testing
2025-06-30 06:47:31 | INFO | 游늳 BTC: $107,649.83 | RSI: 13.74
2025-06-30 06:47:31 | INFO | 游릭 Se침al COMPRA detectada - RSI: 13.74
2025-06-30 06:47:32 | WARNING | 丘멆잺 Balance insuficiente para testing
2025-06-30 06:48:02 | INFO | 游늳 BTC: $107,697.00 | RSI: 14.61
2025-06-30 06:48:02 | INFO | 游릭 Se침al COMPRA detectada - RSI: 14.61
2025-06-30 06:48:02 | WARNING | 丘멆잺 Balance insuficiente para testing
2025-06-30 06:48:32 | INFO | 游늳 BTC: $107,685.90 | RSI: 14.40
2025-06-30 06:48:32 | INFO | 游릭 Se침al COMPRA detectada - RSI: 14.40
2025-06-30 06:48:33 | WARNING | 丘멆잺 Balance insuficiente para testing
2025-06-30 06:49:03 | INFO | 游늳 BTC: $107,685.89 | RSI: 14.40
2025-06-30 06:49:03 | INFO | 游릭 Se침al COMPRA detectada - RSI: 14.40
2025-06-30 06:49:03 | WARNING | 丘멆잺 Balance insuficiente para testing
2025-06-30 06:49:33 | INFO | 游늳 BTC: $107,673.07 | RSI: 14.16
2025-06-30 06:49:33 | INFO | 游릭 Se침al COMPRA detectada - RSI: 14.16
2025-06-30 06:49:34 | WARNING | 丘멆잺 Balance insuficiente para testing
2025-06-30 06:50:04 | INFO | 游늳 BTC: $107,614.14 | RSI: 13.16
2025-06-30 06:50:04 | INFO | 游릭 Se침al COMPRA detectada - RSI: 13.16
2025-06-30 06:50:04 | WARNING | 丘멆잺 Balance insuficiente para testing
2025-06-30 06:50:34 | INFO | 游늳 BTC: $107,608.77 | RSI: 13.06
2025-06-30 06:50:34 | INFO | 游릭 Se침al COMPRA detectada - RSI: 13.06
2025-06-30 06:50:35 | WARNING | 丘멆잺 Balance insuficiente para testing
2025-06-30 06:51:05 | INFO | 游늳 BTC: $107,601.73 | RSI: 12.95
2025-06-30 06:51:05 | INFO | 游릭 Se침al COMPRA detectada - RSI: 12.95
2025-06-30 06:51:05 | WARNING | 丘멆잺 Balance insuficiente para testing
2025-06-30 06:51:36 | INFO | 游늳 BTC: $107,600.01 | RSI: 12.92
2025-06-30 06:51:36 | INFO | 游릭 Se침al COMPRA detectada - RSI: 12.92
2025-06-30 06:51:36 | WARNING | 丘멆잺 Balance insuficiente para testing
2025-06-30 06:52:06 | INFO | 游늳 BTC: $107,569.39 | RSI: 12.43
2025-06-30 06:52:06 | INFO | 游릭 Se침al COMPRA detectada - RSI: 12.43
2025-06-30 06:52:06 | WARNING | 丘멆잺 Balance insuficiente para testing
2025-06-30 06:52:37 | INFO | 游늳 BTC: $107,668.02 | RSI: 18.84
2025-06-30 06:52:37 | INFO | 游릭 Se침al COMPRA detectada - RSI: 18.84
2025-06-30 06:52:37 | WARNING | 丘멆잺 Balance insuficiente para testing
2025-06-30 06:53:07 | INFO | 游늳 BTC: $107,657.88 | RSI: 17.82
2025-06-30 06:53:07 | INFO | 游릭 Se침al COMPRA detectada - RSI: 17.82
2025-06-30 06:53:08 | WARNING | 丘멆잺 Balance insuficiente para testing
2025-06-30 06:53:38 | INFO | 游늳 BTC: $107,654.56 | RSI: 17.49
2025-06-30 06:53:38 | INFO | 游릭 Se침al COMPRA detectada - RSI: 17.49
2025-06-30 06:53:38 | WARNING | 丘멆잺 Balance insuficiente para testing
2025-06-30 06:54:09 | INFO | 游늳 BTC: $107,580.01 | RSI: 12.60
2025-06-30 06:54:09 | INFO | 游릭 Se침al COMPRA detectada - RSI: 12.60
2025-06-30 06:54:09 | WARNING | 丘멆잺 Balance insuficiente para testing
2025-06-30 06:54:39 | INFO | 游늳 BTC: $107,567.15 | RSI: 12.40
2025-06-30 06:54:39 | INFO | 游릭 Se침al COMPRA detectada - RSI: 12.40
2025-06-30 06:54:39 | WARNING | 丘멆잺 Balance insuficiente para testing
2025-06-30 06:55:09 | INFO | 游늳 BTC: $107,518.89 | RSI: 11.69
2025-06-30 06:55:09 | INFO | 游릭 Se침al COMPRA detectada - RSI: 11.69
2025-06-30 06:55:10 | WARNING | 丘멆잺 Balance insuficiente para testing
2025-06-30 06:55:40 | INFO | 游늳 BTC: $107,602.69 | RSI: 16.54
2025-06-30 06:55:40 | INFO | 游릭 Se침al COMPRA detectada - RSI: 16.54
2025-06-30 06:55:40 | WARNING | 丘멆잺 Balance insuficiente para testing
2025-06-30 06:56:10 | INFO | 游늳 BTC: $107,640.73 | RSI: 20.35
2025-06-30 06:56:10 | INFO | 游릭 Se침al COMPRA detectada - RSI: 20.35
2025-06-30 06:56:11 | WARNING | 丘멆잺 Balance insuficiente para testing
2025-06-30 06:56:41 | INFO | 游늳 BTC: $107,633.51 | RSI: 19.65
2025-06-30 06:56:41 | INFO | 游릭 Se침al COMPRA detectada - RSI: 19.65
2025-06-30 06:56:41 | WARNING | 丘멆잺 Balance insuficiente para testing
2025-06-30 06:57:11 | INFO | 游늳 BTC: $107,628.22 | RSI: 19.14
2025-06-30 06:57:11 | INFO | 游릭 Se침al COMPRA detectada - RSI: 19.14
2025-06-30 06:57:12 | WARNING | 丘멆잺 Balance insuficiente para testing
2025-06-30 06:57:42 | INFO | 游늳 BTC: $107,637.36 | RSI: 20.03
2025-06-30 06:57:42 | INFO | 游릭 Se침al COMPRA detectada - RSI: 20.03
2025-06-30 06:57:42 | WARNING | 丘멆잺 Balance insuficiente para testing
2025-06-30 06:58:12 | INFO | 游늳 BTC: $107,566.60 | RSI: 12.58
2025-06-30 06:58:12 | INFO | 游릭 Se침al COMPRA detectada - RSI: 12.58
2025-06-30 06:58:13 | WARNING | 丘멆잺 Balance insuficiente para testing
2025-06-30 06:58:43 | INFO | 游늳 BTC: $107,583.29 | RSI: 14.46
2025-06-30 06:58:43 | INFO | 游릭 Se침al COMPRA detectada - RSI: 14.46
2025-06-30 06:58:43 | WARNING | 丘멆잺 Balance insuficiente para testing
2025-06-30 06:59:13 | INFO | 游늳 BTC: $107,585.28 | RSI: 14.68
2025-06-30 06:59:13 | INFO | 游릭 Se침al COMPRA detectada - RSI: 14.68
2025-06-30 06:59:14 | WARNING | 丘멆잺 Balance insuficiente para testing
2025-06-30 06:59:44 | INFO | 游늳 BTC: $107,571.74 | RSI: 13.17
2025-06-30 06:59:44 | INFO | 游릭 Se침al COMPRA detectada - RSI: 13.17
2025-06-30 06:59:44 | WARNING | 丘멆잺 Balance insuficiente para testing
2025-06-30 07:00:14 | INFO | 游늳 BTC: $107,584.31 | RSI: 14.71
2025-06-30 07:00:14 | INFO | 游릭 Se침al COMPRA detectada - RSI: 14.71
2025-06-30 07:00:15 | WARNING | 丘멆잺 Balance insuficiente para testing
2025-06-30 07:00:45 | INFO | 游늳 BTC: $107,570.01 | RSI: 13.16
2025-06-30 07:00:45 | INFO | 游릭 Se침al COMPRA detectada - RSI: 13.16
2025-06-30 07:00:45 | WARNING | 丘멆잺 Balance insuficiente para testing
2025-06-30 07:01:15 | INFO | 游늳 BTC: $107,550.00 | RSI: 12.80
2025-06-30 07:01:15 | INFO | 游릭 Se침al COMPRA detectada - RSI: 12.80
2025-06-30 07:01:16 | WARNING | 丘멆잺 Balance insuficiente para testing
2025-06-30 07:01:46 | INFO | 游늳 BTC: $107,614.11 | RSI: 18.09
2025-06-30 07:01:46 | INFO | 游릭 Se침al COMPRA detectada - RSI: 18.09
2025-06-30 07:01:46 | WARNING | 丘멆잺 Balance insuficiente para testing
2025-06-30 07:02:16 | INFO | 游늳 BTC: $107,562.35 | RSI: 13.02
2025-06-30 07:02:16 | INFO | 游릭 Se침al COMPRA detectada - RSI: 13.02
2025-06-30 07:02:16 | WARNING | 丘멆잺 Balance insuficiente para testing
2025-06-30 07:02:47 | INFO | 游늳 BTC: $107,563.12 | RSI: 13.03
2025-06-30 07:02:47 | INFO | 游릭 Se침al COMPRA detectada - RSI: 13.03
2025-06-30 07:02:47 | WARNING | 丘멆잺 Balance insuficiente para testing
2025-06-30 07:03:17 | INFO | 游늳 BTC: $107,559.74 | RSI: 12.97
2025-06-30 07:03:17 | INFO | 游릭 Se침al COMPRA detectada - RSI: 12.97
2025-06-30 07:03:17 | WARNING | 丘멆잺 Balance insuficiente para testing
2025-06-30 07:03:48 | INFO | 游늳 BTC: $107,530.01 | RSI: 12.46
2025-06-30 07:03:48 | INFO | 游릭 Se침al COMPRA detectada - RSI: 12.46
2025-06-30 07:03:48 | WARNING | 丘멆잺 Balance insuficiente para testing
2025-06-30 07:04:18 | INFO | 游늳 BTC: $107,550.12 | RSI: 12.80
2025-06-30 07:04:18 | INFO | 游릭 Se침al COMPRA detectada - RSI: 12.80
2025-06-30 07:04:18 | WARNING | 丘멆잺 Balance insuficiente para testing
2025-06-30 07:04:49 | INFO | 游늳 BTC: $107,484.25 | RSI: 11.74
2025-06-30 07:04:49 | INFO | 游릭 Se침al COMPRA detectada - RSI: 11.74
2025-06-30 07:04:49 | WARNING | 丘멆잺 Balance insuficiente para testing
2025-06-30 07:05:19 | INFO | 游늳 BTC: $107,491.00 | RSI: 11.51
2025-06-30 07:05:19 | INFO | 游릭 Se침al COMPRA detectada - RSI: 11.51
2025-06-30 07:05:19 | WARNING | 丘멆잺 Balance insuficiente para testing
2025-06-30 07:05:50 | INFO | 游늳 BTC: $107,494.31 | RSI: 11.56
2025-06-30 07:05:50 | INFO | 游릭 Se침al COMPRA detectada - RSI: 11.56
2025-06-30 07:05:50 | WARNING | 丘멆잺 Balance insuficiente para testing
2025-06-30 07:06:20 | INFO | 游늳 BTC: $107,511.28 | RSI: 12.22
2025-06-30 07:06:20 | INFO | 游릭 Se침al COMPRA detectada - RSI: 12.22
2025-06-30 07:06:20 | WARNING | 丘멆잺 Balance insuficiente para testing
2025-06-30 07:06:51 | INFO | 游늳 BTC: $107,549.78 | RSI: 16.68
2025-06-30 07:06:51 | INFO | 游릭 Se침al COMPRA detectada - RSI: 16.68
2025-06-30 07:06:51 | WARNING | 丘멆잺 Balance insuficiente para testing
2025-06-30 07:07:21 | INFO | 游늳 BTC: $107,516.01 | RSI: 12.79
2025-06-30 07:07:21 | INFO | 游릭 Se침al COMPRA detectada - RSI: 12.79
2025-06-30 07:07:21 | WARNING | 丘멆잺 Balance insuficiente para testing
2025-06-30 07:07:52 | INFO | 游늳 BTC: $107,508.77 | RSI: 11.91
2025-06-30 07:07:52 | INFO | 游릭 Se침al COMPRA detectada - RSI: 11.91
2025-06-30 07:07:52 | WARNING | 丘멆잺 Balance insuficiente para testing
2025-06-30 07:08:22 | INFO | 游늳 BTC: $107,542.44 | RSI: 15.87
2025-06-30 07:08:22 | INFO | 游릭 Se침al COMPRA detectada - RSI: 15.87
2025-06-30 07:08:22 | WARNING | 丘멆잺 Balance insuficiente para testing
2025-06-30 07:08:52 | INFO | 游늳 BTC: $107,539.68 | RSI: 15.56
2025-06-30 07:08:52 | INFO | 游릭 Se침al COMPRA detectada - RSI: 15.56
2025-06-30 07:08:53 | WARNING | 丘멆잺 Balance insuficiente para testing
2025-06-30 07:09:23 | INFO | 游늳 BTC: $107,537.26 | RSI: 15.28
2025-06-30 07:09:23 | INFO | 游릭 Se침al COMPRA detectada - RSI: 15.28
2025-06-30 07:09:23 | WARNING | 丘멆잺 Balance insuficiente para testing
2025-06-30 07:09:53 | INFO | 游늳 BTC: $107,559.77 | RSI: 17.77
2025-06-30 07:09:53 | INFO | 游릭 Se침al COMPRA detectada - RSI: 17.77
2025-06-30 07:09:54 | WARNING | 丘멆잺 Balance insuficiente para testing
2025-06-30 07:10:24 | INFO | 游늳 BTC: $107,575.88 | RSI: 19.65
2025-06-30 07:10:24 | INFO | 游릭 Se침al COMPRA detectada - RSI: 19.65
2025-06-30 07:10:24 | WARNING | 丘멆잺 Balance insuficiente para testing
2025-06-30 07:10:54 | INFO | 游늳 BTC: $107,575.89 | RSI: 19.66
2025-06-30 07:10:54 | INFO | 游릭 Se침al COMPRA detectada - RSI: 19.66
2025-06-30 07:10:55 | WARNING | 丘멆잺 Balance insuficiente para testing
2025-06-30 07:11:25 | INFO | 游늳 BTC: $107,575.96 | RSI: 19.66
2025-06-30 07:11:25 | INFO | 游릭 Se침al COMPRA detectada - RSI: 19.66
2025-06-30 07:11:25 | WARNING | 丘멆잺 Balance insuficiente para testing
2025-06-30 07:11:55 | INFO | 游늳 BTC: $107,575.95 | RSI: 19.66
2025-06-30 07:11:55 | INFO | 游릭 Se침al COMPRA detectada - RSI: 19.66
2025-06-30 07:11:56 | WARNING | 丘멆잺 Balance insuficiente para testing
2025-06-30 07:12:26 | INFO | 游늳 BTC: $107,562.86 | RSI: 18.19
2025-06-30 07:12:26 | INFO | 游릭 Se침al COMPRA detectada - RSI: 18.19
2025-06-30 07:12:26 | WARNING | 丘멆잺 Balance insuficiente para testing
2025-06-30 07:12:56 | INFO | 游늳 BTC: $107,569.92 | RSI: 18.99
2025-06-30 07:12:56 | INFO | 游릭 Se침al COMPRA detectada - RSI: 18.99
2025-06-30 07:12:57 | WARNING | 丘멆잺 Balance insuficiente para testing
2025-06-30 07:13:27 | INFO | 游늳 BTC: $107,595.00 | RSI: 21.71
2025-06-30 07:13:27 | INFO | 游릭 Se침al COMPRA detectada - RSI: 21.71
2025-06-30 07:13:27 | WARNING | 丘멆잺 Balance insuficiente para testing
2025-06-30 07:13:57 | INFO | 游늳 BTC: $107,587.67 | RSI: 20.94
2025-06-30 07:13:57 | INFO | 游릭 Se침al COMPRA detectada - RSI: 20.94
2025-06-30 07:13:58 | WARNING | 丘멆잺 Balance insuficiente para testing
2025-06-30 07:14:28 | INFO | 游늳 BTC: $107,587.67 | RSI: 20.94
2025-06-30 07:14:28 | INFO | 游릭 Se침al COMPRA detectada - RSI: 20.94
2025-06-30 07:14:28 | WARNING | 丘멆잺 Balance insuficiente para testing
2025-06-30 07:14:58 | INFO | 游늳 BTC: $107,569.04 | RSI: 18.89
2025-06-30 07:14:58 | INFO | 游릭 Se침al COMPRA detectada - RSI: 18.89
2025-06-30 07:14:58 | WARNING | 丘멆잺 Balance insuficiente para testing
2025-06-30 07:15:29 | INFO | 游늳 BTC: $107,564.47 | RSI: 18.77
2025-06-30 07:15:29 | INFO | 游릭 Se침al COMPRA detectada - RSI: 18.77
2025-06-30 07:15:29 | WARNING | 丘멆잺 Balance insuficiente para testing
2025-06-30 07:15:59 | INFO | 游늳 BTC: $107,571.73 | RSI: 19.22
2025-06-30 07:15:59 | INFO | 游릭 Se침al COMPRA detectada - RSI: 19.22
2025-06-30 07:15:59 | WARNING | 丘멆잺 Balance insuficiente para testing
2025-06-30 07:16:30 | INFO | 游늳 BTC: $107,571.74 | RSI: 19.22
2025-06-30 07:16:30 | INFO | 游릭 Se침al COMPRA detectada - RSI: 19.22
2025-06-30 07:16:30 | WARNING | 丘멆잺 Balance insuficiente para testing
2025-06-30 07:17:00 | INFO | 游늳 BTC: $107,610.76 | RSI: 23.66
2025-06-30 07:17:00 | INFO | 游릭 Se침al COMPRA detectada - RSI: 23.66
2025-06-30 07:17:01 | WARNING | 丘멆잺 Balance insuficiente para testing
2025-06-30 07:17:31 | INFO | 游늳 BTC: $107,685.37 | RSI: 30.92
2025-06-30 07:18:01 | INFO | 游늳 BTC: $107,650.23 | RSI: 27.68
2025-06-30 07:18:32 | INFO | 游늳 BTC: $107,677.58 | RSI: 30.23
2025-06-30 07:19:02 | INFO | 游늳 BTC: $107,680.00 | RSI: 30.45
2025-06-30 07:19:32 | INFO | 游늳 BTC: $107,695.45 | RSI: 31.80
2025-06-30 07:20:02 | INFO | 游늳 BTC: $107,740.00 | RSI: 35.47
2025-06-30 07:20:33 | INFO | 游늳 BTC: $107,703.39 | RSI: 33.73
2025-06-30 07:21:03 | INFO | 游늳 BTC: $107,703.39 | RSI: 33.73
2025-06-30 07:21:33 | INFO | 游늳 BTC: $107,703.40 | RSI: 33.73
2025-06-30 07:22:04 | INFO | 游늳 BTC: $107,716.22 | RSI: 34.27
2025-06-30 07:22:34 | INFO | 游늳 BTC: $107,738.52 | RSI: 35.35
2025-06-30 07:23:05 | INFO | 游늳 BTC: $107,730.02 | RSI: 34.88
2025-06-30 07:23:35 | INFO | 游늳 BTC: $107,730.03 | RSI: 34.88
2025-06-30 07:24:06 | INFO | 游늳 BTC: $107,730.02 | RSI: 34.88
2025-06-30 07:24:36 | INFO | 游늳 BTC: $107,734.63 | RSI: 35.08
2025-06-30 07:25:06 | INFO | 游늳 BTC: $107,730.47 | RSI: 34.74
2025-06-30 07:25:37 | INFO | 游늳 BTC: $107,711.11 | RSI: 33.83
2025-06-30 07:26:07 | INFO | 游늳 BTC: $107,722.34 | RSI: 34.35
2025-06-30 07:26:37 | INFO | 游늳 BTC: $107,746.12 | RSI: 36.12
2025-06-30 07:27:08 | INFO | 游늳 BTC: $107,745.31 | RSI: 36.05
2025-06-30 07:27:38 | INFO | 游늳 BTC: $107,745.31 | RSI: 36.05
2025-06-30 07:28:09 | INFO | 游늳 BTC: $107,745.31 | RSI: 36.05
2025-06-30 07:28:39 | INFO | 游늳 BTC: $107,745.31 | RSI: 36.05
2025-06-30 07:29:10 | INFO | 游늳 BTC: $107,724.80 | RSI: 34.47
2025-06-30 07:29:40 | INFO | 游늳 BTC: $107,724.79 | RSI: 34.47
2025-06-30 07:30:10 | INFO | 游늳 BTC: $107,698.91 | RSI: 33.27
2025-06-30 07:30:40 | INFO | 游늳 BTC: $107,698.92 | RSI: 33.27
2025-06-30 07:31:11 | INFO | 游늳 BTC: $107,698.92 | RSI: 33.27
2025-06-30 07:31:41 | INFO | 游늳 BTC: $107,718.67 | RSI: 34.24
2025-06-30 07:32:11 | INFO | 游늳 BTC: $107,690.20 | RSI: 32.87
2025-06-30 07:32:41 | INFO | 游늳 BTC: $107,690.20 | RSI: 32.87
2025-06-30 07:33:12 | INFO | 游늳 BTC: $107,691.30 | RSI: 32.92
2025-06-30 07:33:42 | INFO | 游늳 BTC: $107,674.72 | RSI: 32.16
2025-06-30 07:34:12 | INFO | 游늳 BTC: $107,656.52 | RSI: 31.38
2025-06-30 07:34:42 | INFO | 游늳 BTC: $107,636.64 | RSI: 30.56
2025-06-30 07:35:13 | INFO | 游늳 BTC: $107,636.63 | RSI: 30.39
2025-06-30 07:35:43 | INFO | 游늳 BTC: $107,636.64 | RSI: 30.39
2025-06-30 07:36:13 | INFO | 游늳 BTC: $107,624.20 | RSI: 29.86
2025-06-30 07:36:43 | INFO | 游늳 BTC: $107,630.36 | RSI: 30.12
2025-06-30 07:37:13 | INFO | 游늳 BTC: $107,670.13 | RSI: 33.54
2025-06-30 07:37:44 | INFO | 游늳 BTC: $107,674.72 | RSI: 33.95
2025-06-30 07:38:14 | INFO | 游늳 BTC: $107,657.86 | RSI: 32.42
2025-06-30 07:38:44 | INFO | 游늳 BTC: $107,657.86 | RSI: 32.42
2025-06-30 07:39:14 | INFO | 游늳 BTC: $107,657.86 | RSI: 32.42
2025-06-30 07:39:45 | INFO | 游늳 BTC: $107,657.86 | RSI: 32.42
2025-06-30 07:40:15 | INFO | 游늳 BTC: $107,657.86 | RSI: 32.44
2025-06-30 07:40:45 | INFO | 游늳 BTC: $107,657.87 | RSI: 32.44
2025-06-30 07:41:15 | INFO | 游늳 BTC: $107,639.12 | RSI: 31.56
2025-06-30 07:41:46 | INFO | 游늳 BTC: $107,639.12 | RSI: 31.56
2025-06-30 07:42:16 | INFO | 游늳 BTC: $107,639.13 | RSI: 31.56
2025-06-30 07:42:46 | INFO | 游늳 BTC: $107,639.13 | RSI: 31.56
2025-06-30 07:43:16 | INFO | 游늳 BTC: $107,639.12 | RSI: 31.56
2025-06-30 07:43:47 | INFO | 游늳 BTC: $107,648.37 | RSI: 31.99
2025-06-30 07:44:17 | INFO | 游늳 BTC: $107,665.08 | RSI: 33.15
2025-06-30 07:44:47 | INFO | 游늳 BTC: $107,648.37 | RSI: 31.99
2025-06-30 07:45:17 | INFO | 游늳 BTC: $107,639.13 | RSI: 31.49
2025-06-30 07:45:47 | INFO | 游늳 BTC: $107,644.46 | RSI: 31.75
2025-06-30 07:46:18 | INFO | 游늳 BTC: $107,644.60 | RSI: 31.76
2025-06-30 07:46:48 | INFO | 游늳 BTC: $107,655.50 | RSI: 32.70
2025-06-30 07:47:18 | INFO | 游늳 BTC: $107,655.50 | RSI: 32.70
2025-06-30 07:47:48 | INFO | 游늳 BTC: $107,655.51 | RSI: 32.70
2025-06-30 07:48:19 | INFO | 游늳 BTC: $107,655.43 | RSI: 32.70
2025-06-30 07:48:49 | INFO | 游늳 BTC: $107,669.64 | RSI: 34.15
2025-06-30 07:49:19 | INFO | 游늳 BTC: $107,669.65 | RSI: 34.15
2025-06-30 07:49:49 | INFO | 游늳 BTC: $107,669.65 | RSI: 34.15
2025-06-30 07:50:20 | INFO | 游늳 BTC: $107,655.00 | RSI: 33.36
2025-06-30 07:50:50 | INFO | 游늳 BTC: $107,650.00 | RSI: 33.09
2025-06-30 07:51:20 | INFO | 游늳 BTC: $107,650.00 | RSI: 33.09
2025-06-30 07:51:50 | INFO | 游늳 BTC: $107,650.01 | RSI: 33.09
2025-06-30 07:52:21 | INFO | 游늳 BTC: $107,650.01 | RSI: 33.09
2025-06-30 07:52:51 | INFO | 游늳 BTC: $107,650.00 | RSI: 33.09
2025-06-30 07:53:21 | INFO | 游늳 BTC: $107,650.00 | RSI: 33.09
2025-06-30 07:53:51 | INFO | 游늳 BTC: $107,640.28 | RSI: 32.59
2025-06-30 07:54:21 | INFO | 游늳 BTC: $107,640.28 | RSI: 32.59
2025-06-30 07:54:52 | INFO | 游늳 BTC: $107,640.28 | RSI: 32.59
2025-06-30 07:55:22 | INFO | 游늳 BTC: $107,640.29 | RSI: 32.50
2025-06-30 07:55:53 | INFO | 游늳 BTC: $107,640.29 | RSI: 32.50
2025-06-30 07:56:23 | INFO | 游늳 BTC: $107,640.29 | RSI: 32.50
2025-06-30 07:56:53 | INFO | 游늳 BTC: $107,640.29 | RSI: 32.50
2025-06-30 07:57:23 | INFO | 游늳 BTC: $107,640.29 | RSI: 32.50
2025-06-30 07:57:54 | INFO | 游늳 BTC: $107,640.28 | RSI: 32.50
2025-06-30 07:58:24 | INFO | 游늳 BTC: $107,640.29 | RSI: 32.50
2025-06-30 07:58:54 | INFO | 游늳 BTC: $107,640.29 | RSI: 32.50
2025-06-30 07:59:24 | INFO | 游늳 BTC: $107,607.39 | RSI: 30.80
2025-06-30 07:59:55 | INFO | 游늳 BTC: $107,614.07 | RSI: 31.13
2025-06-30 08:00:25 | INFO | 游늳 BTC: $107,629.12 | RSI: 32.95
2025-06-30 08:00:55 | INFO | 游늳 BTC: $107,620.00 | RSI: 31.90
2025-06-30 08:01:25 | INFO | 游늳 BTC: $107,620.00 | RSI: 31.90
2025-06-30 08:01:56 | INFO | 游늳 BTC: $107,606.96 | RSI: 30.81
2025-06-30 08:02:26 | INFO | 游늳 BTC: $107,612.94 | RSI: 31.13
2025-06-30 08:02:56 | INFO | 游늳 BTC: $107,594.81 | RSI: 30.18
2025-06-30 08:03:26 | INFO | 游늳 BTC: $107,569.44 | RSI: 28.94
2025-06-30 08:03:56 | INFO | 游늳 BTC: $107,581.08 | RSI: 29.50
2025-06-30 08:04:27 | INFO | 游늳 BTC: $107,694.84 | RSI: 39.68
2025-06-30 08:04:57 | INFO | 游늳 BTC: $107,694.84 | RSI: 39.68
2025-06-30 08:05:27 | INFO | 游늳 BTC: $107,685.67 | RSI: 38.80
2025-06-30 08:05:57 | INFO | 游늳 BTC: $107,713.04 | RSI: 41.47
2025-06-30 08:06:28 | INFO | 游늳 BTC: $107,690.00 | RSI: 39.24
2025-06-30 08:06:58 | INFO | 游늳 BTC: $107,690.00 | RSI: 39.24
2025-06-30 08:07:28 | INFO | 游늳 BTC: $107,747.75 | RSI: 44.54
2025-06-30 08:07:58 | INFO | 游늳 BTC: $107,728.75 | RSI: 42.90
2025-06-30 08:08:29 | INFO | 游늳 BTC: $107,711.11 | RSI: 41.29
2025-06-30 08:08:59 | INFO | 游늳 BTC: $107,711.11 | RSI: 41.29
2025-06-30 08:09:29 | INFO | 游늳 BTC: $107,703.54 | RSI: 40.57
2025-06-30 08:09:59 | INFO | 游늳 BTC: $107,705.71 | RSI: 40.78
2025-06-30 08:10:30 | INFO | 游늳 BTC: $107,705.70 | RSI: 40.80
2025-06-30 08:11:00 | INFO | 游늳 BTC: $107,705.70 | RSI: 40.80
2025-06-30 08:11:30 | INFO | 游늳 BTC: $107,705.71 | RSI: 40.80
2025-06-30 08:12:00 | INFO | 游늳 BTC: $107,671.93 | RSI: 38.53
2025-06-30 08:12:30 | INFO | 游늳 BTC: $107,663.26 | RSI: 37.99
2025-06-30 08:13:01 | INFO | 游늳 BTC: $107,668.70 | RSI: 38.33
2025-06-30 08:13:31 | INFO | 游늳 BTC: $107,668.70 | RSI: 38.33
2025-06-30 08:14:01 | INFO | 游늳 BTC: $107,668.70 | RSI: 38.33
2025-06-30 08:14:31 | INFO | 游늳 BTC: $107,640.88 | RSI: 36.66
2025-06-30 08:15:02 | INFO | 游늳 BTC: $107,615.20 | RSI: 35.25
2025-06-30 08:15:32 | INFO | 游늳 BTC: $107,594.21 | RSI: 34.09
2025-06-30 08:16:02 | INFO | 游늳 BTC: $107,597.68 | RSI: 34.28
2025-06-30 08:16:32 | INFO | 游늳 BTC: $107,623.38 | RSI: 36.10
2025-06-30 08:17:03 | INFO | 游늳 BTC: $107,629.88 | RSI: 36.76
2025-06-30 08:17:33 | INFO | 游늳 BTC: $107,629.87 | RSI: 36.76
2025-06-30 08:18:03 | INFO | 游늳 BTC: $107,629.88 | RSI: 36.76
2025-06-30 08:18:33 | INFO | 游늳 BTC: $107,629.88 | RSI: 36.76
2025-06-30 08:19:04 | INFO | 游늳 BTC: $107,591.09 | RSI: 33.93
2025-06-30 08:19:34 | INFO | 游늳 BTC: $107,577.06 | RSI: 33.20
2025-06-30 08:20:04 | INFO | 游늳 BTC: $107,577.07 | RSI: 33.24
2025-06-30 08:20:34 | INFO | 游늳 BTC: $107,571.74 | RSI: 32.95
2025-06-30 08:21:04 | INFO | 游늳 BTC: $107,571.74 | RSI: 32.95
2025-06-30 08:21:35 | INFO | 游늳 BTC: $107,566.01 | RSI: 32.65
2025-06-30 08:22:05 | INFO | 游늳 BTC: $107,565.40 | RSI: 32.61
2025-06-30 08:22:35 | INFO | 游늳 BTC: $107,565.36 | RSI: 32.61
2025-06-30 08:23:05 | INFO | 游늳 BTC: $107,542.00 | RSI: 31.43
2025-06-30 08:23:36 | INFO | 游늳 BTC: $107,537.25 | RSI: 31.20
2025-06-30 08:24:06 | INFO | 游늳 BTC: $107,537.26 | RSI: 31.20
2025-06-30 08:24:36 | INFO | 游늳 BTC: $107,537.26 | RSI: 31.20
2025-06-30 08:25:06 | INFO | 游늳 BTC: $107,525.62 | RSI: 30.70
2025-06-30 08:25:37 | INFO | 游늳 BTC: $107,525.62 | RSI: 30.70
2025-06-30 08:26:07 | INFO | 游늳 BTC: $107,528.58 | RSI: 30.85
2025-06-30 08:26:37 | INFO | 游늳 BTC: $107,533.99 | RSI: 31.41
2025-06-30 08:27:07 | INFO | 游늳 BTC: $107,540.00 | RSI: 32.08
2025-06-30 08:27:38 | INFO | 游늳 BTC: $107,559.16 | RSI: 34.12
2025-06-30 08:28:08 | INFO | 游늳 BTC: $107,559.15 | RSI: 34.12
2025-06-30 08:28:38 | INFO | 游늳 BTC: $107,615.99 | RSI: 39.51
2025-06-30 08:29:08 | INFO | 游늳 BTC: $107,615.99 | RSI: 39.51
2025-06-30 08:29:39 | INFO | 游늳 BTC: $107,616.00 | RSI: 39.51
2025-06-30 08:30:09 | INFO | 游늳 BTC: $107,622.46 | RSI: 40.06
2025-06-30 08:30:39 | INFO | 游늳 BTC: $107,622.47 | RSI: 40.06
2025-06-30 08:31:09 | INFO | 游늳 BTC: $107,626.89 | RSI: 40.46
2025-06-30 08:31:39 | INFO | 游늳 BTC: $107,615.02 | RSI: 39.40
2025-06-30 08:32:10 | INFO | 游늳 BTC: $107,596.06 | RSI: 38.27
2025-06-30 08:32:40 | INFO | 游늳 BTC: $107,580.01 | RSI: 37.37
2025-06-30 08:33:10 | INFO | 游늳 BTC: $107,580.00 | RSI: 37.37
2025-06-30 08:33:40 | INFO | 游늳 BTC: $107,575.73 | RSI: 37.14
2025-06-30 08:34:11 | INFO | 游늳 BTC: $107,575.74 | RSI: 37.14
2025-06-30 08:34:41 | INFO | 游늳 BTC: $107,563.64 | RSI: 36.49
2025-06-30 08:35:11 | INFO | 游늳 BTC: $107,555.01 | RSI: 36.07
2025-06-30 08:35:41 | INFO | 游늳 BTC: $107,556.35 | RSI: 36.16
2025-06-30 08:36:12 | INFO | 游늳 BTC: $107,540.01 | RSI: 35.26
2025-06-30 08:36:42 | INFO | 游늳 BTC: $107,540.00 | RSI: 35.26
2025-06-30 08:37:12 | INFO | 游늳 BTC: $107,540.01 | RSI: 35.26
2025-06-30 08:37:42 | INFO | 游늳 BTC: $107,539.99 | RSI: 35.26
2025-06-30 08:38:13 | INFO | 游늳 BTC: $107,539.98 | RSI: 35.26
2025-06-30 08:38:43 | INFO | 游늳 BTC: $107,555.91 | RSI: 36.12
2025-06-30 08:39:13 | INFO | 游늳 BTC: $107,555.91 | RSI: 36.12
2025-06-30 08:39:43 | INFO | 游늳 BTC: $107,555.91 | RSI: 36.12
2025-06-30 08:40:14 | INFO | 游늳 BTC: $107,555.90 | RSI: 36.12
2025-06-30 08:40:44 | INFO | 游늳 BTC: $107,555.91 | RSI: 36.12
2025-06-30 08:41:14 | INFO | 游늳 BTC: $107,551.94 | RSI: 35.88
2025-06-30 08:41:44 | INFO | 游늳 BTC: $107,543.24 | RSI: 35.38
2025-06-30 08:42:15 | INFO | 游늳 BTC: $107,529.34 | RSI: 34.60
2025-06-30 08:42:45 | INFO | 游늳 BTC: $107,530.00 | RSI: 34.64
2025-06-30 08:43:15 | INFO | 游늳 BTC: $107,534.21 | RSI: 34.87
2025-06-30 08:43:45 | INFO | 游늳 BTC: $107,518.71 | RSI: 34.03
2025-06-30 08:44:15 | INFO | 游늳 BTC: $107,528.33 | RSI: 34.55
2025-06-30 08:44:46 | INFO | 游늳 BTC: $107,524.75 | RSI: 34.35
2025-06-30 08:45:16 | INFO | 游늳 BTC: $107,534.22 | RSI: 35.48
2025-06-30 08:45:46 | INFO | 游늳 BTC: $107,541.89 | RSI: 36.30
2025-06-30 08:46:16 | INFO | 游늳 BTC: $107,560.00 | RSI: 38.14
2025-06-30 08:46:47 | INFO | 游늳 BTC: $107,559.99 | RSI: 38.14
2025-06-30 08:47:17 | INFO | 游늳 BTC: $107,569.36 | RSI: 39.05
2025-06-30 08:47:47 | INFO | 游늳 BTC: $107,563.64 | RSI: 38.50
2025-06-30 08:48:17 | INFO | 游늳 BTC: $107,563.63 | RSI: 38.49
2025-06-30 08:48:48 | INFO | 游늳 BTC: $107,563.63 | RSI: 38.49
2025-06-30 08:49:18 | INFO | 游늳 BTC: $107,563.63 | RSI: 38.49
2025-06-30 08:49:48 | INFO | 游늳 BTC: $107,563.64 | RSI: 38.50
2025-06-30 08:50:18 | INFO | 游늳 BTC: $107,563.64 | RSI: 38.42
2025-06-30 08:50:49 | INFO | 游늳 BTC: $107,563.63 | RSI: 38.41
2025-06-30 08:51:19 | INFO | 游늳 BTC: $107,563.63 | RSI: 38.41
2025-06-30 08:51:49 | INFO | 游늳 BTC: $107,569.35 | RSI: 39.01
2025-06-30 08:52:19 | INFO | 游늳 BTC: $107,569.36 | RSI: 39.01
2025-06-30 08:52:50 | INFO | 游늳 BTC: $107,569.35 | RSI: 39.01
2025-06-30 08:53:20 | INFO | 游늳 BTC: $107,531.43 | RSI: 36.41
2025-06-30 08:53:50 | INFO | 游늳 BTC: $107,535.78 | RSI: 36.67
2025-06-30 08:54:20 | INFO | 游늳 BTC: $107,535.78 | RSI: 36.67
2025-06-30 08:54:50 | INFO | 游늳 BTC: $107,525.74 | RSI: 36.07
2025-06-30 08:55:21 | INFO | 游늳 BTC: $107,519.05 | RSI: 35.66
2025-06-30 08:55:51 | INFO | 游늳 BTC: $107,516.50 | RSI: 35.51
2025-06-30 08:56:21 | INFO | 游늳 BTC: $107,520.01 | RSI: 35.72
2025-06-30 08:56:51 | INFO | 游늳 BTC: $107,514.51 | RSI: 35.39
2025-06-30 08:57:22 | INFO | 游늳 BTC: $107,506.77 | RSI: 34.93
2025-06-30 08:57:52 | INFO | 游늳 BTC: $107,506.77 | RSI: 34.93
2025-06-30 08:58:22 | INFO | 游늳 BTC: $107,460.01 | RSI: 32.39
2025-06-30 08:58:52 | INFO | 游늳 BTC: $107,490.28 | RSI: 33.99
2025-06-30 08:59:23 | INFO | 游늳 BTC: $107,500.00 | RSI: 34.54
2025-06-30 08:59:53 | INFO | 游늳 BTC: $107,512.89 | RSI: 35.29
2025-06-30 09:00:23 | INFO | 游늳 BTC: $107,535.77 | RSI: 38.03
2025-06-30 09:00:53 | INFO | 游늳 BTC: $107,535.78 | RSI: 38.03
2025-06-30 09:01:24 | INFO | 游늳 BTC: $107,534.37 | RSI: 37.87
2025-06-30 09:01:54 | INFO | 游늳 BTC: $107,534.38 | RSI: 37.87
2025-06-30 09:02:24 | INFO | 游늳 BTC: $107,534.36 | RSI: 37.87
2025-06-30 09:02:54 | INFO | 游늳 BTC: $107,504.98 | RSI: 34.92
2025-06-30 09:03:24 | INFO | 游늳 BTC: $107,504.52 | RSI: 34.89
2025-06-30 09:03:55 | INFO | 游늳 BTC: $107,467.14 | RSI: 32.69
2025-06-30 09:04:25 | INFO | 游늳 BTC: $107,466.19 | RSI: 32.64
2025-06-30 09:04:55 | INFO | 游늳 BTC: $107,466.19 | RSI: 32.64
2025-06-30 09:05:25 | INFO | 游늳 BTC: $107,499.99 | RSI: 36.41
2025-06-30 09:05:56 | INFO | 游늳 BTC: $107,511.77 | RSI: 37.67
2025-06-30 09:06:26 | INFO | 游늳 BTC: $107,526.87 | RSI: 39.22
2025-06-30 09:06:56 | INFO | 游늳 BTC: $107,526.87 | RSI: 39.22
2025-06-30 09:07:26 | INFO | 游늳 BTC: $107,550.00 | RSI: 41.44
2025-06-30 09:07:57 | INFO | 游늳 BTC: $107,550.00 | RSI: 41.44
2025-06-30 09:08:27 | INFO | 游늳 BTC: $107,592.64 | RSI: 45.13
2025-06-30 09:08:57 | INFO | 游늳 BTC: $107,667.05 | RSI: 50.57
2025-06-30 09:09:27 | INFO | 游늳 BTC: $107,667.06 | RSI: 50.57
2025-06-30 09:09:58 | INFO | 游늳 BTC: $107,667.05 | RSI: 50.57
2025-06-30 09:10:28 | INFO | 游늳 BTC: $107,667.05 | RSI: 50.58
2025-06-30 09:10:58 | INFO | 游늳 BTC: $107,667.05 | RSI: 50.58
2025-06-30 09:11:28 | INFO | 游늳 BTC: $107,668.61 | RSI: 50.69
2025-06-30 09:11:59 | INFO | 游늳 BTC: $107,675.30 | RSI: 51.16
2025-06-30 09:12:29 | INFO | 游늳 BTC: $107,675.31 | RSI: 51.16
2025-06-30 09:13:00 | INFO | 游늳 BTC: $107,675.30 | RSI: 51.16
2025-06-30 09:13:30 | INFO | 游늳 BTC: $107,675.30 | RSI: 51.16
2025-06-30 09:14:00 | INFO | 游늳 BTC: $107,675.31 | RSI: 51.16
2025-06-30 09:14:30 | INFO | 游늳 BTC: $107,675.30 | RSI: 51.16
2025-06-30 09:15:01 | INFO | 游늳 BTC: $107,675.30 | RSI: 51.13
2025-06-30 09:15:31 | INFO | 游늳 BTC: $107,675.29 | RSI: 51.13
2025-06-30 09:16:01 | INFO | 游늳 BTC: $107,675.30 | RSI: 51.13
2025-06-30 09:16:31 | INFO | 游늳 BTC: $107,698.91 | RSI: 52.83
2025-06-30 09:17:02 | INFO | 游늳 BTC: $107,660.24 | RSI: 49.98
2025-06-30 09:17:32 | INFO | 游늳 BTC: $107,621.37 | RSI: 47.23
2025-06-30 09:18:02 | INFO | 游늳 BTC: $107,624.61 | RSI: 47.45
2025-06-30 09:18:32 | INFO | 游늳 BTC: $107,656.53 | RSI: 49.70
2025-06-30 09:19:02 | INFO | 游늳 BTC: $107,624.22 | RSI: 47.42
2025-06-30 09:19:33 | INFO | 游늳 BTC: $107,631.99 | RSI: 47.95
2025-06-30 09:20:03 | INFO | 游늳 BTC: $107,650.85 | RSI: 49.34
2025-06-30 09:20:33 | INFO | 游늳 BTC: $107,650.85 | RSI: 49.34
2025-06-30 09:21:03 | INFO | 游늳 BTC: $107,605.56 | RSI: 46.03
2025-06-30 09:21:34 | INFO | 游늳 BTC: $107,606.46 | RSI: 46.09
2025-06-30 09:22:04 | INFO | 游늳 BTC: $107,608.55 | RSI: 46.23
2025-06-30 09:22:34 | INFO | 游늳 BTC: $107,618.91 | RSI: 46.96
2025-06-30 09:23:04 | INFO | 游늳 BTC: $107,611.01 | RSI: 46.40
2025-06-30 09:23:35 | INFO | 游늳 BTC: $107,611.01 | RSI: 46.40
2025-06-30 09:24:05 | INFO | 游늳 BTC: $107,611.02 | RSI: 46.41
2025-06-30 09:24:35 | INFO | 游늳 BTC: $107,632.46 | RSI: 47.94
2025-06-30 09:25:06 | INFO | 游늳 BTC: $107,622.45 | RSI: 47.17
2025-06-30 09:25:36 | INFO | 游늳 BTC: $107,625.63 | RSI: 47.42
2025-06-30 09:26:06 | INFO | 游늳 BTC: $107,625.79 | RSI: 47.43
2025-06-30 09:26:36 | INFO | 游늳 BTC: $107,625.80 | RSI: 47.43
2025-06-30 09:27:07 | INFO | 游늳 BTC: $107,649.29 | RSI: 49.37
2025-06-30 09:27:37 | INFO | 游늳 BTC: $107,635.86 | RSI: 48.23
2025-06-30 09:28:07 | INFO | 游늳 BTC: $107,635.85 | RSI: 48.23
2025-06-30 09:28:37 | INFO | 游늳 BTC: $107,649.99 | RSI: 49.42
2025-06-30 09:29:08 | INFO | 游늳 BTC: $107,650.00 | RSI: 49.43
2025-06-30 09:29:38 | INFO | 游늳 BTC: $107,650.00 | RSI: 49.43
2025-06-30 09:30:08 | INFO | 游늳 BTC: $107,650.00 | RSI: 49.47
2025-06-30 09:30:38 | INFO | 游늳 BTC: $107,649.99 | RSI: 49.47
2025-06-30 09:31:09 | INFO | 游늳 BTC: $107,680.89 | RSI: 52.08
2025-06-30 09:31:39 | INFO | 游늳 BTC: $107,669.35 | RSI: 51.14
2025-06-30 09:32:09 | INFO | 游늳 BTC: $107,669.34 | RSI: 51.14
2025-06-30 09:32:39 | INFO | 游늳 BTC: $107,676.05 | RSI: 51.69
2025-06-30 09:33:10 | INFO | 游늳 BTC: $107,660.00 | RSI: 50.35
2025-06-30 09:33:40 | INFO | 游늳 BTC: $107,656.28 | RSI: 50.02
2025-06-30 09:34:10 | INFO | 游늳 BTC: $107,656.28 | RSI: 50.02
2025-06-30 09:34:40 | INFO | 游늳 BTC: $107,638.58 | RSI: 48.50
2025-06-30 09:35:11 | INFO | 游늳 BTC: $107,609.43 | RSI: 46.31
2025-06-30 09:35:41 | INFO | 游늳 BTC: $107,609.44 | RSI: 46.31
2025-06-30 09:36:11 | INFO | 游늳 BTC: $107,627.61 | RSI: 47.85
2025-06-30 09:36:41 | INFO | 游늳 BTC: $107,633.09 | RSI: 48.37
2025-06-30 09:37:11 | INFO | 游늳 BTC: $107,633.08 | RSI: 48.37
2025-06-30 09:37:42 | INFO | 游늳 BTC: $107,633.09 | RSI: 48.37
2025-06-30 09:38:12 | INFO | 游늳 BTC: $107,619.43 | RSI: 47.15
2025-06-30 09:38:42 | INFO | 游늳 BTC: $107,619.43 | RSI: 47.15
2025-06-30 09:39:12 | INFO | 游늳 BTC: $107,619.43 | RSI: 47.15
2025-06-30 09:39:43 | INFO | 游늳 BTC: $107,619.44 | RSI: 47.15
2025-06-30 09:40:13 | INFO | 游늳 BTC: $107,619.44 | RSI: 47.08
2025-06-30 09:40:43 | INFO | 游늳 BTC: $107,619.44 | RSI: 47.08
2025-06-30 09:41:13 | INFO | 游늳 BTC: $107,615.25 | RSI: 46.70
2025-06-30 09:41:44 | INFO | 游늳 BTC: $107,609.44 | RSI: 46.18
2025-06-30 09:42:14 | INFO | 游늳 BTC: $107,609.43 | RSI: 46.18
2025-06-30 09:42:44 | INFO | 游늳 BTC: $107,587.78 | RSI: 44.35
2025-06-30 09:43:14 | INFO | 游늳 BTC: $107,520.00 | RSI: 39.44
2025-06-30 09:43:45 | INFO | 游늳 BTC: $107,489.50 | RSI: 37.57
2025-06-30 09:44:15 | INFO | 游늳 BTC: $107,489.50 | RSI: 37.57
2025-06-30 09:44:45 | INFO | 游늳 BTC: $107,494.82 | RSI: 37.89
2025-06-30 09:45:16 | INFO | 游늳 BTC: $107,494.82 | RSI: 37.85
2025-06-30 09:45:46 | INFO | 游늳 BTC: $107,494.82 | RSI: 37.85
2025-06-30 09:46:16 | INFO | 游늳 BTC: $107,525.45 | RSI: 40.91
2025-06-30 09:46:46 | INFO | 游늳 BTC: $107,516.32 | RSI: 40.03
2025-06-30 09:47:17 | INFO | 游늳 BTC: $107,505.16 | RSI: 38.92
2025-06-30 09:47:47 | INFO | 游늳 BTC: $107,489.65 | RSI: 37.53
2025-06-30 09:48:17 | INFO | 游늳 BTC: $107,483.57 | RSI: 37.15
2025-06-30 09:48:47 | INFO | 游늳 BTC: $107,503.90 | RSI: 38.79
2025-06-30 09:49:18 | INFO | 游늳 BTC: $107,520.79 | RSI: 40.46
2025-06-30 09:49:48 | INFO | 游늳 BTC: $107,525.28 | RSI: 40.89
2025-06-30 09:50:18 | INFO | 游늳 BTC: $107,512.60 | RSI: 40.07
2025-06-30 09:50:48 | INFO | 游늳 BTC: $107,512.61 | RSI: 40.07
2025-06-30 09:51:19 | INFO | 游늳 BTC: $107,526.28 | RSI: 41.05
2025-06-30 09:51:49 | INFO | 游늳 BTC: $107,518.73 | RSI: 40.49
2025-06-30 09:52:19 | INFO | 游늳 BTC: $107,514.96 | RSI: 40.23
2025-06-30 09:52:50 | INFO | 游늳 BTC: $107,522.22 | RSI: 40.73
2025-06-30 09:53:20 | INFO | 游늳 BTC: $107,522.21 | RSI: 40.73
2025-06-30 09:53:50 | INFO | 游늳 BTC: $107,522.22 | RSI: 40.73
2025-06-30 09:54:20 | INFO | 游늳 BTC: $107,522.22 | RSI: 40.73
2025-06-30 09:54:51 | INFO | 游늳 BTC: $107,522.22 | RSI: 40.73
2025-06-30 09:55:21 | INFO | 游늳 BTC: $107,522.22 | RSI: 40.64
2025-06-30 09:55:51 | INFO | 游늳 BTC: $107,522.21 | RSI: 40.64
2025-06-30 09:56:21 | INFO | 游늳 BTC: $107,522.23 | RSI: 40.65
2025-06-30 09:56:52 | INFO | 游늳 BTC: $107,522.22 | RSI: 40.64
2025-06-30 09:57:22 | INFO | 游늳 BTC: $107,522.22 | RSI: 40.64
2025-06-30 09:57:52 | INFO | 游늳 BTC: $107,522.23 | RSI: 40.65
2025-06-30 09:58:22 | INFO | 游늳 BTC: $107,512.48 | RSI: 39.92
2025-06-30 09:58:53 | INFO | 游늳 BTC: $107,484.56 | RSI: 37.99
2025-06-30 09:59:23 | INFO | 游늳 BTC: $107,484.56 | RSI: 37.99
2025-06-30 09:59:53 | INFO | 游늳 BTC: $107,478.77 | RSI: 37.61
2025-06-30 10:00:23 | INFO | 游늳 BTC: $107,467.70 | RSI: 36.70
2025-06-30 10:00:53 | INFO | 游늳 BTC: $107,462.30 | RSI: 36.35
2025-06-30 10:01:24 | INFO | 游늳 BTC: $107,462.29 | RSI: 36.35
2025-06-30 10:01:54 | INFO | 游늳 BTC: $107,486.96 | RSI: 38.39
2025-06-30 10:02:24 | INFO | 游늳 BTC: $107,522.23 | RSI: 42.12
2025-06-30 10:02:54 | INFO | 游늳 BTC: $107,529.33 | RSI: 42.82
2025-06-30 10:03:25 | INFO | 游늳 BTC: $107,529.33 | RSI: 42.82
2025-06-30 10:03:55 | INFO | 游늳 BTC: $107,529.34 | RSI: 42.82
2025-06-30 10:04:25 | INFO | 游늳 BTC: $107,519.98 | RSI: 41.90
2025-06-30 10:04:55 | INFO | 游늳 BTC: $107,508.68 | RSI: 40.75
2025-06-30 10:05:26 | INFO | 游늳 BTC: $107,505.98 | RSI: 40.54
2025-06-30 10:05:56 | INFO | 游늳 BTC: $107,504.97 | RSI: 40.46
2025-06-30 10:06:26 | INFO | 游늳 BTC: $107,507.41 | RSI: 40.65
2025-06-30 10:06:56 | INFO | 游늳 BTC: $107,507.40 | RSI: 40.65
2025-06-30 10:07:27 | INFO | 游늳 BTC: $107,507.41 | RSI: 40.65
2025-06-30 10:07:57 | INFO | 游늳 BTC: $107,507.41 | RSI: 40.65
2025-06-30 10:08:27 | INFO | 游늳 BTC: $107,507.41 | RSI: 40.65
2025-06-30 10:08:58 | INFO | 游늳 BTC: $107,500.01 | RSI: 40.09
2025-06-30 10:09:28 | INFO | 游늳 BTC: $107,473.94 | RSI: 38.23
2025-06-30 10:09:59 | INFO | 游늳 BTC: $107,473.94 | RSI: 38.23
2025-06-30 10:10:29 | INFO | 游늳 BTC: $107,473.94 | RSI: 38.28
2025-06-30 10:11:00 | INFO | 游늳 BTC: $107,473.94 | RSI: 38.28
2025-06-30 10:11:30 | INFO | 游늳 BTC: $107,473.93 | RSI: 38.28
2025-06-30 10:12:00 | INFO | 游늳 BTC: $107,463.18 | RSI: 37.51
2025-06-30 10:12:30 | INFO | 游늳 BTC: $107,463.19 | RSI: 37.51
2025-06-30 10:13:00 | INFO | 游늳 BTC: $107,463.18 | RSI: 37.51
2025-06-30 10:13:31 | INFO | 游늳 BTC: $107,474.64 | RSI: 38.37
2025-06-30 10:14:01 | INFO | 游늳 BTC: $107,463.18 | RSI: 37.51
2025-06-30 10:14:31 | INFO | 游늳 BTC: $107,460.01 | RSI: 37.29
2025-06-30 10:15:01 | INFO | 游늳 BTC: $107,460.00 | RSI: 37.34
2025-06-30 10:15:32 | INFO | 游늳 BTC: $107,447.41 | RSI: 36.42
2025-06-30 10:16:02 | INFO | 游늳 BTC: $107,447.42 | RSI: 36.42
2025-06-30 10:16:32 | INFO | 游늳 BTC: $107,447.42 | RSI: 36.42
2025-06-30 10:17:02 | INFO | 游늳 BTC: $107,430.56 | RSI: 35.25
2025-06-30 10:17:33 | INFO | 游늳 BTC: $107,430.55 | RSI: 35.25
2025-06-30 10:18:03 | INFO | 游늳 BTC: $107,430.55 | RSI: 35.25
2025-06-30 10:18:33 | INFO | 游늳 BTC: $107,430.56 | RSI: 35.25
2025-06-30 10:19:03 | INFO | 游늳 BTC: $107,459.99 | RSI: 37.34
2025-06-30 10:19:34 | INFO | 游늳 BTC: $107,460.00 | RSI: 37.34
2025-06-30 10:20:04 | INFO | 游늳 BTC: $107,460.00 | RSI: 37.47
2025-06-30 10:20:34 | INFO | 游늳 BTC: $107,459.99 | RSI: 37.47
2025-06-30 10:21:04 | INFO | 游늳 BTC: $107,460.00 | RSI: 37.47
2025-06-30 10:21:35 | INFO | 游늳 BTC: $107,466.69 | RSI: 38.37
2025-06-30 10:22:05 | INFO | 游늳 BTC: $107,486.96 | RSI: 40.94
2025-06-30 10:22:35 | INFO | 游늳 BTC: $107,520.00 | RSI: 44.69
2025-06-30 10:23:05 | INFO | 游늳 BTC: $107,530.75 | RSI: 45.81
2025-06-30 10:23:36 | INFO | 游늳 BTC: $107,520.07 | RSI: 44.70
2025-06-30 10:24:06 | INFO | 游늳 BTC: $107,520.06 | RSI: 44.70
2025-06-30 10:24:36 | INFO | 游늳 BTC: $107,520.06 | RSI: 44.70
2025-06-30 10:25:06 | INFO | 游늳 BTC: $107,520.06 | RSI: 44.65
2025-06-30 10:25:36 | INFO | 游늳 BTC: $107,520.07 | RSI: 44.65
2025-06-30 10:26:07 | INFO | 游늳 BTC: $107,520.06 | RSI: 44.65
2025-06-30 10:26:37 | INFO | 游늳 BTC: $107,520.06 | RSI: 44.65
2025-06-30 10:27:07 | INFO | 游늳 BTC: $107,520.07 | RSI: 44.65
2025-06-30 10:27:37 | INFO | 游늳 BTC: $107,520.06 | RSI: 44.65
2025-06-30 10:28:08 | INFO | 游늳 BTC: $107,520.07 | RSI: 44.65
2025-06-30 10:28:38 | INFO | 游늳 BTC: $107,520.07 | RSI: 44.65
2025-06-30 10:29:08 | INFO | 游늳 BTC: $107,520.06 | RSI: 44.65
2025-06-30 10:29:38 | INFO | 游늳 BTC: $107,520.07 | RSI: 44.65
2025-06-30 10:30:09 | INFO | 游늳 BTC: $107,520.07 | RSI: 44.75
2025-06-30 10:30:39 | INFO | 游늳 BTC: $107,520.07 | RSI: 44.75
2025-06-30 10:31:09 | INFO | 游늳 BTC: $107,520.06 | RSI: 44.75
2025-06-30 10:31:39 | INFO | 游늳 BTC: $107,500.00 | RSI: 42.83
2025-06-30 10:32:10 | INFO | 游늳 BTC: $107,495.76 | RSI: 42.44
2025-06-30 10:32:40 | INFO | 游늳 BTC: $107,479.30 | RSI: 41.01
2025-06-30 10:33:10 | INFO | 游늳 BTC: $107,479.25 | RSI: 41.01
2025-06-30 10:33:40 | INFO | 游늳 BTC: $107,469.31 | RSI: 40.19
2025-06-30 10:34:10 | INFO | 游늳 BTC: $107,469.31 | RSI: 40.19
2025-06-30 10:34:41 | INFO | 游늳 BTC: $107,469.30 | RSI: 40.19
2025-06-30 10:35:11 | INFO | 游늳 BTC: $107,482.23 | RSI: 41.76
2025-06-30 10:35:41 | INFO | 游늳 BTC: $107,482.22 | RSI: 41.76
2025-06-30 10:36:11 | INFO | 游늳 BTC: $107,530.29 | RSI: 47.11
2025-06-30 10:36:42 | INFO | 游늳 BTC: $107,552.46 | RSI: 49.27
2025-06-30 10:37:12 | INFO | 游늳 BTC: $107,571.73 | RSI: 51.00
2025-06-30 10:37:42 | INFO | 游늳 BTC: $107,594.85 | RSI: 52.93
2025-06-30 10:38:12 | INFO | 游늳 BTC: $107,580.99 | RSI: 51.79
2025-06-30 10:38:43 | INFO | 游늳 BTC: $107,580.99 | RSI: 51.79
2025-06-30 10:39:13 | INFO | 游늳 BTC: $107,580.99 | RSI: 51.79
2025-06-30 10:39:43 | INFO | 游늳 BTC: $107,580.99 | RSI: 51.79
2025-06-30 10:40:13 | INFO | 游늳 BTC: $107,600.00 | RSI: 54.16
2025-06-30 10:40:44 | INFO | 游늳 BTC: $107,591.36 | RSI: 53.42
2025-06-30 10:41:14 | INFO | 游늳 BTC: $107,591.37 | RSI: 53.42
2025-06-30 10:41:44 | INFO | 游늳 BTC: $107,591.36 | RSI: 53.42
2025-06-30 10:42:14 | INFO | 游늳 BTC: $107,591.37 | RSI: 53.42
2025-06-30 10:42:44 | INFO | 游늳 BTC: $107,602.36 | RSI: 54.36
2025-06-30 10:43:15 | INFO | 游늳 BTC: $107,605.56 | RSI: 54.62
2025-06-30 10:43:45 | INFO | 游늳 BTC: $107,606.26 | RSI: 54.68
2025-06-30 10:44:15 | INFO | 游늳 BTC: $107,609.43 | RSI: 54.94
2025-06-30 10:44:45 | INFO | 游늳 BTC: $107,611.13 | RSI: 55.08
2025-06-30 10:45:16 | INFO | 游늳 BTC: $107,614.13 | RSI: 55.60
2025-06-30 10:45:46 | INFO | 游늳 BTC: $107,618.31 | RSI: 55.96
2025-06-30 10:46:16 | INFO | 游늳 BTC: $107,643.07 | RSI: 57.96
2025-06-30 10:46:46 | INFO | 游늳 BTC: $107,643.07 | RSI: 57.96
2025-06-30 10:47:17 | INFO | 游늳 BTC: $107,643.08 | RSI: 57.96
2025-06-30 10:47:47 | INFO | 游늳 BTC: $107,643.07 | RSI: 57.96
2025-06-30 10:48:17 | INFO | 游늳 BTC: $107,643.08 | RSI: 57.96
2025-06-30 10:48:47 | INFO | 游늳 BTC: $107,643.08 | RSI: 57.96
2025-06-30 10:49:17 | INFO | 游늳 BTC: $107,622.04 | RSI: 56.27
2025-06-30 10:49:48 | INFO | 游늳 BTC: $107,617.94 | RSI: 55.93
2025-06-30 10:50:18 | INFO | 游늳 BTC: $107,617.94 | RSI: 56.44
2025-06-30 10:50:48 | INFO | 游늳 BTC: $107,617.94 | RSI: 56.44
2025-06-30 10:51:18 | INFO | 游늳 BTC: $107,612.94 | RSI: 55.86
2025-06-30 10:51:49 | INFO | 游늳 BTC: $107,612.93 | RSI: 55.85
2025-06-30 10:52:19 | INFO | 游늳 BTC: $107,612.94 | RSI: 55.86
2025-06-30 10:52:49 | INFO | 游늳 BTC: $107,612.94 | RSI: 55.86
2025-06-30 10:53:19 | INFO | 游늳 BTC: $107,612.94 | RSI: 55.86
2025-06-30 10:53:50 | INFO | 游늳 BTC: $107,612.93 | RSI: 55.85
2025-06-30 10:54:20 | INFO | 游늳 BTC: $107,612.94 | RSI: 55.86
2025-06-30 10:54:50 | INFO | 游늳 BTC: $107,625.00 | RSI: 57.07
2025-06-30 10:55:20 | INFO | 游늳 BTC: $107,624.99 | RSI: 57.24
2025-06-30 10:55:51 | INFO | 游늳 BTC: $107,624.99 | RSI: 57.24
2025-06-30 10:56:21 | INFO | 游늳 BTC: $107,625.00 | RSI: 57.24
2025-06-30 10:56:51 | INFO | 游늳 BTC: $107,624.99 | RSI: 57.24
2025-06-30 10:57:21 | INFO | 游늳 BTC: $107,625.00 | RSI: 57.24
2025-06-30 10:57:51 | INFO | 游늳 BTC: $107,625.00 | RSI: 57.24
2025-06-30 10:58:22 | INFO | 游늳 BTC: $107,624.99 | RSI: 57.24
2025-06-30 10:58:52 | INFO | 游늳 BTC: $107,627.23 | RSI: 57.45
2025-06-30 10:59:22 | INFO | 游늳 BTC: $107,649.50 | RSI: 59.45
2025-06-30 10:59:52 | INFO | 游늳 BTC: $107,649.50 | RSI: 59.45
2025-06-30 11:00:23 | INFO | 游늳 BTC: $107,649.50 | RSI: 59.44
2025-06-30 11:00:53 | INFO | 游늳 BTC: $107,636.55 | RSI: 57.74
2025-06-30 11:01:23 | INFO | 游늳 BTC: $107,636.54 | RSI: 57.73
2025-06-30 11:01:53 | INFO | 游늳 BTC: $107,636.55 | RSI: 57.74
2025-06-30 11:02:24 | INFO | 游늳 BTC: $107,636.54 | RSI: 57.73
2025-06-30 11:02:54 | INFO | 游늳 BTC: $107,636.54 | RSI: 57.73
2025-06-30 11:03:24 | INFO | 游늳 BTC: $107,636.55 | RSI: 57.74
2025-06-30 11:03:54 | INFO | 游늳 BTC: $107,625.00 | RSI: 56.30
2025-06-30 11:04:25 | INFO | 游늳 BTC: $107,625.01 | RSI: 56.30
2025-06-30 11:04:55 | INFO | 游늳 BTC: $107,690.08 | RSI: 62.87
2025-06-30 11:05:25 | INFO | 游늳 BTC: $107,690.08 | RSI: 63.11
2025-06-30 11:05:55 | INFO | 游늳 BTC: $107,690.08 | RSI: 63.11
2025-06-30 11:06:26 | INFO | 游늳 BTC: $107,710.42 | RSI: 64.72
2025-06-30 11:06:56 | INFO | 游늳 BTC: $107,710.42 | RSI: 64.72
2025-06-30 11:07:26 | INFO | 游늳 BTC: $107,719.17 | RSI: 65.38
2025-06-30 11:07:56 | INFO | 游늳 BTC: $107,719.17 | RSI: 65.38
2025-06-30 11:08:27 | INFO | 游늳 BTC: $107,700.61 | RSI: 63.96
2025-06-30 11:08:57 | INFO | 游늳 BTC: $107,672.10 | RSI: 60.65
2025-06-30 11:09:27 | INFO | 游늳 BTC: $107,672.10 | RSI: 60.65
2025-06-30 11:09:58 | INFO | 游늳 BTC: $107,698.90 | RSI: 63.83
2025-06-30 11:10:28 | INFO | 游늳 BTC: $107,698.91 | RSI: 63.71
2025-06-30 11:10:58 | INFO | 游늳 BTC: $107,698.91 | RSI: 63.71
2025-06-30 11:11:28 | INFO | 游늳 BTC: $107,698.91 | RSI: 63.71
2025-06-30 11:11:59 | INFO | 游늳 BTC: $107,698.91 | RSI: 63.71
2025-06-30 11:12:29 | INFO | 游늳 BTC: $107,698.91 | RSI: 63.71
2025-06-30 11:12:59 | INFO | 游늳 BTC: $107,698.90 | RSI: 63.71
2025-06-30 11:13:30 | INFO | 游늳 BTC: $107,698.90 | RSI: 63.71
2025-06-30 11:14:00 | INFO | 游늳 BTC: $107,714.18 | RSI: 64.98
2025-06-30 11:14:30 | INFO | 游늳 BTC: $107,717.40 | RSI: 65.24
2025-06-30 11:15:01 | INFO | 游늳 BTC: $107,717.40 | RSI: 65.22
2025-06-30 11:15:31 | INFO | 游늳 BTC: $107,720.39 | RSI: 65.48
2025-06-30 11:16:01 | INFO | 游늳 BTC: $107,710.50 | RSI: 64.13
2025-06-30 11:16:31 | INFO | 游늳 BTC: $107,710.50 | RSI: 64.13
2025-06-30 11:17:01 | INFO | 游늳 BTC: $107,717.39 | RSI: 65.22
2025-06-30 11:17:32 | INFO | 游늳 BTC: $107,729.64 | RSI: 66.24
2025-06-30 11:18:02 | INFO | 游늳 BTC: $107,779.88 | RSI: 69.86
2025-06-30 11:18:32 | INFO | 游늳 BTC: $107,810.77 | RSI: 71.72
2025-06-30 11:19:02 | INFO | 游늳 BTC: $107,811.50 | RSI: 71.77
2025-06-30 11:19:33 | INFO | 游늳 BTC: $107,784.53 | RSI: 70.16
2025-06-30 11:20:03 | INFO | 游늳 BTC: $107,814.94 | RSI: 71.69
2025-06-30 11:20:33 | INFO | 游늳 BTC: $107,814.95 | RSI: 71.69
2025-06-30 11:21:03 | INFO | 游늳 BTC: $107,814.95 | RSI: 71.69
2025-06-30 11:21:34 | INFO | 游늳 BTC: $107,814.95 | RSI: 71.69
2025-06-30 11:22:04 | INFO | 游늳 BTC: $107,819.99 | RSI: 72.00
2025-06-30 11:22:34 | INFO | 游늳 BTC: $107,831.12 | RSI: 72.65
2025-06-30 11:23:04 | INFO | 游늳 BTC: $107,841.91 | RSI: 73.25
2025-06-30 11:23:35 | INFO | 游늳 BTC: $107,939.11 | RSI: 77.68
2025-06-30 11:23:35 | INFO | 游댮 Se침al VENTA detectada - RSI: 77.68
2025-06-30 11:23:35 | WARNING | 丘멆잺 Balance insuficiente para testing
2025-06-30 11:24:05 | INFO | 游늳 BTC: $107,902.91 | RSI: 76.21
2025-06-30 11:24:05 | INFO | 游댮 Se침al VENTA detectada - RSI: 76.21
2025-06-30 11:24:06 | WARNING | 丘멆잺 Balance insuficiente para testing
2025-06-30 11:24:36 | INFO | 游늳 BTC: $107,872.23 | RSI: 74.81
2025-06-30 11:25:07 | INFO | 游늳 BTC: $107,868.69 | RSI: 73.83
2025-06-30 11:25:37 | INFO | 游늳 BTC: $107,844.72 | RSI: 70.42
2025-06-30 11:26:07 | INFO | 游늳 BTC: $107,842.34 | RSI: 70.10
2025-06-30 11:26:38 | INFO | 游늳 BTC: $107,849.82 | RSI: 71.12
2025-06-30 11:27:08 | INFO | 游늳 BTC: $107,849.81 | RSI: 71.12
2025-06-30 11:27:39 | INFO | 游늳 BTC: $107,846.98 | RSI: 70.73
2025-06-30 11:28:09 | INFO | 游늳 BTC: $107,854.40 | RSI: 71.76
2025-06-30 11:28:39 | INFO | 游늳 BTC: $107,854.41 | RSI: 71.76
2025-06-30 11:29:09 | INFO | 游늳 BTC: $107,849.01 | RSI: 71.01
2025-06-30 11:29:40 | INFO | 游늳 BTC: $107,849.00 | RSI: 71.01
2025-06-30 11:30:10 | INFO | 游늳 BTC: $107,849.01 | RSI: 71.03
2025-06-30 11:30:40 | INFO | 游늳 BTC: $107,856.30 | RSI: 71.47
2025-06-30 11:31:10 | INFO | 游늳 BTC: $107,856.30 | RSI: 71.47
2025-06-30 11:31:41 | INFO | 游늳 BTC: $107,856.31 | RSI: 71.47
2025-06-30 11:32:11 | INFO | 游늳 BTC: $107,891.29 | RSI: 73.38
2025-06-30 11:32:41 | INFO | 游늳 BTC: $107,899.88 | RSI: 73.82
2025-06-30 11:33:11 | INFO | 游늳 BTC: $107,899.87 | RSI: 73.82
2025-06-30 11:33:42 | INFO | 游늳 BTC: $107,938.13 | RSI: 75.58
2025-06-30 11:33:42 | INFO | 游댮 Se침al VENTA detectada - RSI: 75.58
2025-06-30 11:33:42 | WARNING | 丘멆잺 Balance insuficiente para testing
2025-06-30 11:34:12 | INFO | 游늳 BTC: $107,938.13 | RSI: 75.58
2025-06-30 11:34:12 | INFO | 游댮 Se침al VENTA detectada - RSI: 75.58
2025-06-30 11:34:12 | WARNING | 丘멆잺 Balance insuficiente para testing
2025-06-30 11:34:42 | INFO | 游늳 BTC: $107,938.12 | RSI: 75.58
2025-06-30 11:34:42 | INFO | 游댮 Se침al VENTA detectada - RSI: 75.58
2025-06-30 11:34:43 | WARNING | 丘멆잺 Balance insuficiente para testing
2025-06-30 11:35:13 | INFO | 游늳 BTC: $107,926.96 | RSI: 74.34
2025-06-30 11:35:43 | INFO | 游늳 BTC: $107,926.97 | RSI: 74.34
2025-06-30 11:36:13 | INFO | 游늳 BTC: $107,942.00 | RSI: 76.10
2025-06-30 11:36:13 | INFO | 游댮 Se침al VENTA detectada - RSI: 76.10
2025-06-30 11:36:14 | WARNING | 丘멆잺 Balance insuficiente para testing
2025-06-30 11:36:44 | INFO | 游늳 BTC: $107,947.95 | RSI: 76.36
2025-06-30 11:36:44 | INFO | 游댮 Se침al VENTA detectada - RSI: 76.36
2025-06-30 11:36:44 | WARNING | 丘멆잺 Balance insuficiente para testing
2025-06-30 11:37:14 | INFO | 游늳 BTC: $107,948.75 | RSI: 76.40
2025-06-30 11:37:14 | INFO | 游댮 Se침al VENTA detectada - RSI: 76.40
2025-06-30 11:37:15 | WARNING | 丘멆잺 Balance insuficiente para testing
2025-06-30 11:37:45 | INFO | 游늳 BTC: $107,953.27 | RSI: 76.60
2025-06-30 11:37:45 | INFO | 游댮 Se침al VENTA detectada - RSI: 76.60
2025-06-30 11:37:45 | WARNING | 丘멆잺 Balance insuficiente para testing
2025-06-30 11:38:15 | INFO | 游늳 BTC: $107,953.27 | RSI: 76.60
2025-06-30 11:38:15 | INFO | 游댮 Se침al VENTA detectada - RSI: 76.60
2025-06-30 11:38:16 | WARNING | 丘멆잺 Balance insuficiente para testing
2025-06-30 11:38:46 | INFO | 游늳 BTC: $107,953.27 | RSI: 76.60
2025-06-30 11:38:46 | INFO | 游댮 Se침al VENTA detectada - RSI: 76.60
2025-06-30 11:38:46 | WARNING | 丘멆잺 Balance insuficiente para testing
2025-06-30 11:39:16 | INFO | 游늳 BTC: $107,920.00 | RSI: 73.38
2025-06-30 11:39:47 | INFO | 游늳 BTC: $107,915.39 | RSI: 72.76
2025-06-30 11:40:17 | INFO | 游늳 BTC: $107,910.87 | RSI: 72.14
2025-06-30 11:40:47 | INFO | 游늳 BTC: $107,910.88 | RSI: 72.14
2025-06-30 11:41:17 | INFO | 游늳 BTC: $107,910.88 | RSI: 72.14
2025-06-30 11:41:47 | INFO | 游늳 BTC: $107,910.87 | RSI: 72.14
2025-06-30 11:42:18 | INFO | 游늳 BTC: $107,920.01 | RSI: 72.63
2025-06-30 11:42:48 | INFO | 游늳 BTC: $107,820.00 | RSI: 61.26
2025-06-30 11:43:19 | INFO | 游늳 BTC: $107,789.00 | RSI: 58.26
2025-06-30 11:43:49 | INFO | 游늳 BTC: $107,794.91 | RSI: 58.81
2025-06-30 11:44:19 | INFO | 游늳 BTC: $107,800.00 | RSI: 59.29
2025-06-30 11:44:49 | INFO | 游늳 BTC: $107,800.00 | RSI: 59.29
2025-06-30 11:45:20 | INFO | 游늳 BTC: $107,818.62 | RSI: 60.58
2025-06-30 11:45:50 | INFO | 游늳 BTC: $107,824.03 | RSI: 60.94
2025-06-30 11:46:20 | INFO | 游늳 BTC: $107,838.47 | RSI: 61.85
2025-06-30 11:46:50 | INFO | 游늳 BTC: $107,838.47 | RSI: 61.85
2025-06-30 11:47:21 | INFO | 游늳 BTC: $107,838.47 | RSI: 61.85
2025-06-30 11:47:51 | INFO | 游늳 BTC: $107,838.47 | RSI: 61.85
2025-06-30 11:48:21 | INFO | 游늳 BTC: $107,838.47 | RSI: 61.85
2025-06-30 11:48:51 | INFO | 游늳 BTC: $107,838.47 | RSI: 61.85
2025-06-30 11:49:21 | INFO | 游늳 BTC: $107,838.47 | RSI: 61.85
2025-06-30 11:49:52 | INFO | 游늳 BTC: $107,838.46 | RSI: 61.85
2025-06-30 11:50:22 | INFO | 游늳 BTC: $107,838.46 | RSI: 61.82
2025-06-30 11:50:52 | INFO | 游늳 BTC: $107,843.84 | RSI: 62.17
2025-06-30 11:51:22 | INFO | 游늳 BTC: $107,868.48 | RSI: 63.72
2025-06-30 11:51:53 | INFO | 游늳 BTC: $107,858.30 | RSI: 63.10
2025-06-30 11:52:23 | INFO | 游늳 BTC: $107,844.17 | RSI: 62.19
2025-06-30 11:52:53 | INFO | 游늳 BTC: $107,844.16 | RSI: 62.19
2025-06-30 11:53:23 | INFO | 游늳 BTC: $107,838.76 | RSI: 61.84
2025-06-30 11:53:54 | INFO | 游늳 BTC: $107,800.01 | RSI: 57.92
2025-06-30 11:54:24 | INFO | 游늳 BTC: $107,785.39 | RSI: 56.56
2025-06-30 11:54:54 | INFO | 游늳 BTC: $107,751.87 | RSI: 53.68
2025-06-30 11:55:24 | INFO | 游늳 BTC: $107,669.60 | RSI: 47.52
2025-06-30 11:55:55 | INFO | 游늳 BTC: $107,680.27 | RSI: 48.27
2025-06-30 11:56:25 | INFO | 游늳 BTC: $107,648.07 | RSI: 46.08
2025-06-30 11:56:55 | INFO | 游늳 BTC: $107,662.64 | RSI: 47.05
2025-06-30 11:57:25 | INFO | 游늳 BTC: $107,649.89 | RSI: 46.20
2025-06-30 11:57:55 | INFO | 游늳 BTC: $107,649.90 | RSI: 46.20
2025-06-30 11:58:26 | INFO | 游늳 BTC: $107,649.89 | RSI: 46.20
2025-06-30 11:58:56 | INFO | 游늳 BTC: $107,649.89 | RSI: 46.20
2025-06-30 11:59:26 | INFO | 游늳 BTC: $107,654.21 | RSI: 46.48
2025-06-30 11:59:56 | INFO | 游늳 BTC: $107,654.20 | RSI: 46.48
2025-06-30 12:00:27 | INFO | 游늳 BTC: $107,672.20 | RSI: 47.96
2025-06-30 12:00:57 | INFO | 游늳 BTC: $107,672.21 | RSI: 47.96
2025-06-30 12:01:27 | INFO | 游늳 BTC: $107,672.21 | RSI: 47.96
2025-06-30 12:01:57 | INFO | 游늳 BTC: $107,672.20 | RSI: 47.96
2025-06-30 12:02:28 | INFO | 游늳 BTC: $107,698.91 | RSI: 49.95
2025-06-30 12:02:58 | INFO | 游늳 BTC: $107,700.00 | RSI: 50.03
2025-06-30 12:03:28 | INFO | 游늳 BTC: $107,700.00 | RSI: 50.03
2025-06-30 12:03:58 | INFO | 游늳 BTC: $107,700.00 | RSI: 50.03
2025-06-30 12:04:29 | INFO | 游늳 BTC: $107,714.48 | RSI: 51.04
2025-06-30 12:04:59 | INFO | 游늳 BTC: $107,714.55 | RSI: 51.04
2025-06-30 12:05:29 | INFO | 游늳 BTC: $107,714.55 | RSI: 50.90
2025-06-30 12:05:59 | INFO | 游늳 BTC: $107,695.38 | RSI: 49.47
2025-06-30 12:06:29 | INFO | 游늳 BTC: $107,691.43 | RSI: 49.19
2025-06-30 12:07:00 | INFO | 游늳 BTC: $107,685.71 | RSI: 48.78
2025-06-30 12:07:30 | INFO | 游늳 BTC: $107,685.72 | RSI: 48.78
2025-06-30 12:08:00 | INFO | 游늳 BTC: $107,710.97 | RSI: 50.63
2025-06-30 12:08:30 | INFO | 游늳 BTC: $107,710.97 | RSI: 50.63
2025-06-30 12:09:01 | INFO | 游늳 BTC: $107,720.02 | RSI: 51.31
2025-06-30 12:09:31 | INFO | 游늳 BTC: $107,733.69 | RSI: 52.28
2025-06-30 12:10:01 | INFO | 游늳 BTC: $107,733.70 | RSI: 52.24
2025-06-30 12:10:31 | INFO | 游늳 BTC: $107,733.69 | RSI: 52.24
2025-06-30 12:11:02 | INFO | 游늳 BTC: $107,732.25 | RSI: 52.12
2025-06-30 12:11:32 | INFO | 游늳 BTC: $107,723.29 | RSI: 51.40
2025-06-30 12:12:02 | INFO | 游늳 BTC: $107,723.29 | RSI: 51.40
2025-06-30 12:12:32 | INFO | 游늳 BTC: $107,723.29 | RSI: 51.40
2025-06-30 12:13:03 | INFO | 游늳 BTC: $107,723.28 | RSI: 51.40
2025-06-30 12:13:33 | INFO | 游늳 BTC: $107,723.28 | RSI: 51.40
2025-06-30 12:14:03 | INFO | 游늳 BTC: $107,723.29 | RSI: 51.40
2025-06-30 12:14:33 | INFO | 游늳 BTC: $107,723.28 | RSI: 51.40
2025-06-30 12:15:04 | INFO | 游늳 BTC: $107,723.28 | RSI: 51.60
2025-06-30 12:15:34 | INFO | 游늳 BTC: $107,723.29 | RSI: 51.61
2025-06-30 12:16:04 | INFO | 游늳 BTC: $107,762.88 | RSI: 54.63
2025-06-30 12:16:34 | INFO | 游늳 BTC: $107,762.89 | RSI: 54.63
2025-06-30 12:17:04 | INFO | 游늳 BTC: $107,748.15 | RSI: 53.55
2025-06-30 12:17:35 | INFO | 游늳 BTC: $107,730.52 | RSI: 52.19
2025-06-30 12:18:05 | INFO | 游늳 BTC: $107,763.46 | RSI: 54.67
2025-06-30 12:18:35 | INFO | 游늳 BTC: $107,783.23 | RSI: 56.04
2025-06-30 12:19:05 | INFO | 游늳 BTC: $107,783.23 | RSI: 56.04
2025-06-30 12:19:36 | INFO | 游늳 BTC: $107,824.30 | RSI: 58.64
2025-06-30 12:20:06 | INFO | 游늳 BTC: $107,810.18 | RSI: 57.87
2025-06-30 12:20:36 | INFO | 游늳 BTC: $107,810.17 | RSI: 57.87
2025-06-30 12:21:06 | INFO | 游늳 BTC: $107,820.71 | RSI: 58.56
2025-06-30 12:21:37 | INFO | 游늳 BTC: $107,822.69 | RSI: 58.69
2025-06-30 12:22:07 | INFO | 游늳 BTC: $107,805.02 | RSI: 57.40
2025-06-30 12:22:37 | INFO | 游늳 BTC: $107,804.99 | RSI: 57.40
2025-06-30 12:23:07 | INFO | 游늳 BTC: $107,800.00 | RSI: 56.95
2025-06-30 12:23:38 | INFO | 游늳 BTC: $107,720.00 | RSI: 50.64
2025-06-30 12:24:08 | INFO | 游늳 BTC: $107,677.62 | RSI: 47.83
2025-06-30 12:24:38 | INFO | 游늳 BTC: $107,720.00 | RSI: 50.64
2025-06-30 12:25:09 | INFO | 游늳 BTC: $107,750.56 | RSI: 52.98
2025-06-30 12:25:39 | INFO | 游늳 BTC: $107,750.55 | RSI: 52.98
2025-06-30 12:26:09 | INFO | 游늳 BTC: $107,750.55 | RSI: 52.98
2025-06-30 12:26:39 | INFO | 游늳 BTC: $107,750.56 | RSI: 52.98
2025-06-30 12:27:10 | INFO | 游늳 BTC: $107,750.55 | RSI: 52.98
2025-06-30 12:27:40 | INFO | 游늳 BTC: $107,735.16 | RSI: 51.74
2025-06-30 12:28:10 | INFO | 游늳 BTC: $107,720.32 | RSI: 50.59
2025-06-30 12:28:40 | INFO | 游늳 BTC: $107,730.52 | RSI: 51.38
2025-06-30 12:29:11 | INFO | 游늳 BTC: $107,730.52 | RSI: 51.38
2025-06-30 12:29:41 | INFO | 游늳 BTC: $107,730.53 | RSI: 51.38
2025-06-30 12:30:11 | INFO | 游늳 BTC: $107,730.52 | RSI: 51.19
2025-06-30 12:30:41 | INFO | 游늳 BTC: $107,730.53 | RSI: 51.19
2025-06-30 12:31:12 | INFO | 游늳 BTC: $107,746.61 | RSI: 52.45
2025-06-30 12:31:42 | INFO | 游늳 BTC: $107,734.92 | RSI: 51.54
2025-06-30 12:32:12 | INFO | 游늳 BTC: $107,678.87 | RSI: 47.20
2025-06-30 12:32:42 | INFO | 游늳 BTC: $107,656.53 | RSI: 45.66
2025-06-30 12:33:12 | INFO | 游늳 BTC: $107,625.70 | RSI: 43.70
2025-06-30 12:33:43 | INFO | 游늳 BTC: $107,612.79 | RSI: 42.92
2025-06-30 12:34:13 | INFO | 游늳 BTC: $107,634.80 | RSI: 44.26
2025-06-30 12:34:43 | INFO | 游늳 BTC: $107,637.49 | RSI: 44.43
2025-06-30 12:35:13 | INFO | 游늳 BTC: $107,597.71 | RSI: 41.89
2025-06-30 12:35:44 | INFO | 游늳 BTC: $107,619.99 | RSI: 43.29
2025-06-30 12:36:14 | INFO | 游늳 BTC: $107,619.98 | RSI: 43.28
2025-06-30 12:36:44 | INFO | 游늳 BTC: $107,619.99 | RSI: 43.29
2025-06-30 12:37:14 | INFO | 游늳 BTC: $107,619.98 | RSI: 43.28
2025-06-30 12:37:45 | INFO | 游늳 BTC: $107,635.99 | RSI: 44.34
2025-06-30 12:38:15 | INFO | 游늳 BTC: $107,635.98 | RSI: 44.34
2025-06-30 12:38:45 | INFO | 游늳 BTC: $107,635.98 | RSI: 44.34
2025-06-30 12:39:15 | INFO | 游늳 BTC: $107,645.49 | RSI: 45.00
2025-06-30 12:39:46 | INFO | 游늳 BTC: $107,645.07 | RSI: 44.97
2025-06-30 12:40:16 | INFO | 游늳 BTC: $107,645.07 | RSI: 44.97
2025-06-30 12:40:46 | INFO | 游늳 BTC: $107,645.08 | RSI: 44.97
2025-06-30 12:41:16 | INFO | 游늳 BTC: $107,645.08 | RSI: 44.97
2025-06-30 12:41:46 | INFO | 游늳 BTC: $107,645.08 | RSI: 44.97
2025-06-30 12:42:17 | INFO | 游늳 BTC: $107,645.07 | RSI: 44.97
2025-06-30 12:42:47 | INFO | 游늳 BTC: $107,654.91 | RSI: 45.85
2025-06-30 12:43:17 | INFO | 游늳 BTC: $107,654.91 | RSI: 45.85
2025-06-30 12:43:47 | INFO | 游늳 BTC: $107,654.91 | RSI: 45.85
2025-06-30 12:44:18 | INFO | 游늳 BTC: $107,631.29 | RSI: 43.96
2025-06-30 12:44:48 | INFO | 游늳 BTC: $107,628.43 | RSI: 43.75
2025-06-30 12:45:18 | INFO | 游늳 BTC: $107,628.00 | RSI: 43.78
2025-06-30 12:45:48 | INFO | 游늳 BTC: $107,612.14 | RSI: 42.60
2025-06-30 12:46:19 | INFO | 游늳 BTC: $107,612.14 | RSI: 42.60
2025-06-30 12:46:49 | INFO | 游늳 BTC: $107,612.14 | RSI: 42.60
2025-06-30 12:47:19 | INFO | 游늳 BTC: $107,580.00 | RSI: 40.39
2025-06-30 12:47:49 | INFO | 游늳 BTC: $107,600.78 | RSI: 41.79
2025-06-30 12:48:20 | INFO | 游늳 BTC: $107,594.60 | RSI: 41.37
2025-06-30 12:48:50 | INFO | 游늳 BTC: $107,612.13 | RSI: 42.60
2025-06-30 12:49:20 | INFO | 游늳 BTC: $107,612.14 | RSI: 42.60
2025-06-30 12:49:50 | INFO | 游늳 BTC: $107,571.73 | RSI: 39.86
2025-06-30 12:50:21 | INFO | 游늳 BTC: $107,561.16 | RSI: 39.05
2025-06-30 12:50:51 | INFO | 游늳 BTC: $107,561.16 | RSI: 39.05
2025-06-30 12:51:21 | INFO | 游늳 BTC: $107,561.17 | RSI: 39.05
2025-06-30 12:51:51 | INFO | 游늳 BTC: $107,569.24 | RSI: 39.59
2025-06-30 12:52:22 | INFO | 游늳 BTC: $107,571.73 | RSI: 39.75
2025-06-30 12:52:52 | INFO | 游늳 BTC: $107,580.14 | RSI: 40.61
2025-06-30 12:53:22 | INFO | 游늳 BTC: $107,580.14 | RSI: 40.61
2025-06-30 12:53:52 | INFO | 游늳 BTC: $107,580.15 | RSI: 40.61
2025-06-30 12:54:22 | INFO | 游늳 BTC: $107,580.15 | RSI: 40.61
2025-06-30 12:54:53 | INFO | 游늳 BTC: $107,580.15 | RSI: 40.61
2025-06-30 12:55:23 | INFO | 游늳 BTC: $107,580.14 | RSI: 40.69
2025-06-30 12:55:53 | INFO | 游늳 BTC: $107,580.15 | RSI: 40.69
2025-06-30 12:56:23 | INFO | 游늳 BTC: $107,580.14 | RSI: 40.69
2025-06-30 12:56:54 | INFO | 游늳 BTC: $107,580.00 | RSI: 40.68
2025-06-30 12:57:24 | INFO | 游늳 BTC: $107,591.75 | RSI: 41.92
2025-06-30 12:57:54 | INFO | 游늳 BTC: $107,592.83 | RSI: 42.03
2025-06-30 12:58:24 | INFO | 游늳 BTC: $107,573.46 | RSI: 40.20
2025-06-30 12:58:55 | INFO | 游늳 BTC: $107,570.59 | RSI: 39.99
2025-06-30 12:59:25 | INFO | 游늳 BTC: $107,570.58 | RSI: 39.99
2025-06-30 12:59:55 | INFO | 游늳 BTC: $107,570.59 | RSI: 39.99
2025-06-30 13:00:25 | INFO | 游늳 BTC: $107,581.73 | RSI: 41.28
2025-06-30 13:00:56 | INFO | 游늳 BTC: $107,614.13 | RSI: 44.68
2025-06-30 13:01:26 | INFO | 游늳 BTC: $107,628.95 | RSI: 46.10
2025-06-30 13:01:56 | INFO | 游늳 BTC: $107,628.95 | RSI: 46.10
2025-06-30 13:02:26 | INFO | 游늳 BTC: $107,628.95 | RSI: 46.10
2025-06-30 13:02:57 | INFO | 游늳 BTC: $107,628.94 | RSI: 46.10
2025-06-30 13:03:27 | INFO | 游늳 BTC: $107,656.50 | RSI: 48.56
2025-06-30 13:03:57 | INFO | 游늳 BTC: $107,662.09 | RSI: 49.04
2025-06-30 13:04:28 | INFO | 游늳 BTC: $107,637.66 | RSI: 46.90
2025-06-30 13:04:58 | INFO | 游늳 BTC: $107,628.94 | RSI: 46.10
2025-06-30 13:05:28 | INFO | 游늳 BTC: $107,634.86 | RSI: 46.80
2025-06-30 13:05:58 | INFO | 游늳 BTC: $107,642.49 | RSI: 47.54
2025-06-30 13:06:29 | INFO | 游늳 BTC: $107,642.49 | RSI: 47.54
2025-06-30 13:06:59 | INFO | 游늳 BTC: $107,642.49 | RSI: 47.54
2025-06-30 13:07:29 | INFO | 游늳 BTC: $107,608.64 | RSI: 44.51
2025-06-30 13:07:59 | INFO | 游늳 BTC: $107,605.57 | RSI: 44.27
2025-06-30 13:08:30 | INFO | 游늳 BTC: $107,630.70 | RSI: 46.38
2025-06-30 13:09:00 | INFO | 游늳 BTC: $107,630.71 | RSI: 46.38
2025-06-30 13:09:30 | INFO | 游늳 BTC: $107,643.00 | RSI: 47.59
2025-06-30 13:10:01 | INFO | 游늳 BTC: $107,654.55 | RSI: 48.14
2025-06-30 13:10:31 | INFO | 游늳 BTC: $107,654.55 | RSI: 48.14
2025-06-30 13:11:01 | INFO | 游늳 BTC: $107,654.55 | RSI: 48.14
2025-06-30 13:11:31 | INFO | 游늳 BTC: $107,664.39 | RSI: 49.12
2025-06-30 13:12:02 | INFO | 游늳 BTC: $107,698.91 | RSI: 52.27
2025-06-30 13:12:32 | INFO | 游늳 BTC: $107,698.92 | RSI: 52.27
2025-06-30 13:13:02 | INFO | 游늳 BTC: $107,698.91 | RSI: 52.27
2025-06-30 13:13:32 | INFO | 游늳 BTC: $107,698.92 | RSI: 52.27
2025-06-30 13:14:03 | INFO | 游늳 BTC: $107,698.92 | RSI: 52.27
2025-06-30 13:14:33 | INFO | 游늳 BTC: $107,698.91 | RSI: 52.27
2025-06-30 13:15:03 | INFO | 游늳 BTC: $107,661.06 | RSI: 48.77
2025-06-30 13:15:33 | INFO | 游늳 BTC: $107,661.06 | RSI: 48.77
2025-06-30 13:16:04 | INFO | 游늳 BTC: $107,669.70 | RSI: 49.67
2025-06-30 13:16:34 | INFO | 游늳 BTC: $107,669.70 | RSI: 49.67
2025-06-30 13:17:04 | INFO | 游늳 BTC: $107,662.68 | RSI: 48.94
2025-06-30 13:17:34 | INFO | 游늳 BTC: $107,659.61 | RSI: 48.62
2025-06-30 13:18:05 | INFO | 游늳 BTC: $107,669.71 | RSI: 49.67
2025-06-30 13:18:35 | INFO | 游늳 BTC: $107,698.91 | RSI: 52.49
2025-06-30 13:19:06 | INFO | 游늳 BTC: $107,698.01 | RSI: 52.41
2025-06-30 13:19:36 | INFO | 游늳 BTC: $107,698.02 | RSI: 52.41
2025-06-30 13:20:06 | INFO | 游늳 BTC: $107,717.20 | RSI: 54.18
2025-06-30 13:20:37 | INFO | 游늳 BTC: $107,732.94 | RSI: 55.58
2025-06-30 13:21:07 | INFO | 游늳 BTC: $107,716.48 | RSI: 54.10
2025-06-30 13:21:37 | INFO | 游늳 BTC: $107,760.63 | RSI: 57.84
2025-06-30 13:22:07 | INFO | 游늳 BTC: $107,814.59 | RSI: 61.65
2025-06-30 13:22:38 | INFO | 游늳 BTC: $107,787.50 | RSI: 59.83
2025-06-30 13:23:08 | INFO | 游늳 BTC: $107,792.89 | RSI: 60.21
2025-06-30 13:23:38 | INFO | 游늳 BTC: $107,795.72 | RSI: 60.40
2025-06-30 13:24:08 | INFO | 游늳 BTC: $107,823.99 | RSI: 62.25
2025-06-30 13:24:38 | INFO | 游늳 BTC: $107,828.40 | RSI: 62.52
2025-06-30 13:25:09 | INFO | 游늳 BTC: $107,816.50 | RSI: 61.28
