2025-06-30 22:55:24 | ERROR | ❌ Error de conexión: 'BinanceRSIBot' object has no attribute 'symbol'
2025-06-30 22:55:58 | ERROR | ❌ Error de conexión: 'BinanceRSIBot' object has no attribute 'symbol'
2025-06-30 22:57:02 | ERROR | ❌ Error de conexión: 'BinanceRSIBot' object has no attribute 'symbol'
2025-06-30 22:58:11 | INFO | ✅ Conexión exitosa con Binance Testnet
2025-06-30 22:58:11 | INFO | 💰 Balance USDT disponible: $133.04
2025-06-30 22:58:11 | INFO | 🤖 Bot RSI iniciado
2025-06-30 22:58:11 | INFO | 📊 Config: RSI(14) | OS: 25 | OB: 75
2025-06-30 22:58:11 | INFO | ⚡ Leverage: 1x | Risk: 2% | SL: 2% | TP: 4%
2025-06-30 22:58:11 | INFO | 📈 BTC: $107,100.77 | RSI: 35.88
2025-06-30 22:58:42 | INFO | 📈 BTC: $107,112.76 | RSI: 36.85
2025-06-30 22:59:12 | INFO | 📈 BTC: $107,115.10 | RSI: 37.04
2025-06-30 22:59:42 | INFO | 📈 BTC: $107,112.76 | RSI: 36.85
2025-06-30 23:00:12 | INFO | 📈 BTC: $107,112.75 | RSI: 53.47
2025-06-30 23:00:42 | INFO | 📈 BTC: $107,112.76 | RSI: 53.47
2025-06-30 23:01:13 | INFO | 📈 BTC: $107,123.46 | RSI: 54.37
2025-06-30 23:01:43 | INFO | 📈 BTC: $107,112.79 | RSI: 53.47
2025-06-30 23:02:13 | INFO | 📈 BTC: $107,100.01 | RSI: 52.25
2025-06-30 23:02:43 | INFO | 📈 BTC: $107,081.76 | RSI: 50.60
2025-06-30 23:03:14 | INFO | 📈 BTC: $107,063.08 | RSI: 49.01
2025-06-30 23:03:44 | INFO | 📈 BTC: $107,063.07 | RSI: 49.01
2025-06-30 23:04:14 | INFO | 📈 BTC: $107,073.84 | RSI: 49.91
2025-06-30 23:04:44 | INFO | 📈 BTC: $107,073.84 | RSI: 49.91
2025-06-30 23:05:15 | INFO | 📈 BTC: $107,073.83 | RSI: 44.61
2025-06-30 23:05:45 | INFO | 📈 BTC: $107,097.81 | RSI: 47.01
2025-06-30 23:06:15 | INFO | 📈 BTC: $107,123.99 | RSI: 49.41
2025-06-30 23:06:45 | INFO | 📈 BTC: $107,131.92 | RSI: 50.09
2025-06-30 23:07:16 | INFO | 📈 BTC: $107,131.92 | RSI: 50.09
2025-06-30 23:07:46 | INFO | 📈 BTC: $107,134.59 | RSI: 50.32
2025-06-30 23:07:46 | INFO | 📊 Sin trades completados aún
2025-06-30 23:08:16 | INFO | 📈 BTC: $107,134.59 | RSI: 50.32
2025-06-30 23:08:46 | INFO | 📈 BTC: $107,134.60 | RSI: 50.32
2025-06-30 23:09:17 | INFO | 📈 BTC: $107,134.59 | RSI: 50.32
2025-06-30 23:09:47 | INFO | 📈 BTC: $107,134.60 | RSI: 50.32
2025-06-30 23:10:17 | INFO | 📈 BTC: $107,134.60 | RSI: 37.46
2025-06-30 23:10:47 | INFO | 📈 BTC: $107,134.99 | RSI: 37.51
2025-06-30 23:11:17 | INFO | 📈 BTC: $107,190.63 | RSI: 44.14
2025-06-30 23:11:48 | INFO | 📈 BTC: $107,190.64 | RSI: 44.15
2025-06-30 23:12:18 | INFO | 📈 BTC: $107,190.64 | RSI: 44.15
2025-06-30 23:12:48 | INFO | 📈 BTC: $107,217.99 | RSI: 46.92
2025-06-30 23:13:18 | INFO | 📈 BTC: $107,217.99 | RSI: 46.92
2025-06-30 23:13:49 | INFO | 📈 BTC: $107,217.99 | RSI: 46.92
2025-06-30 23:14:19 | INFO | 📈 BTC: $107,217.99 | RSI: 46.92
2025-06-30 23:14:49 | INFO | 📈 BTC: $107,217.98 | RSI: 46.91
2025-06-30 23:15:19 | INFO | 📈 BTC: $107,217.98 | RSI: 49.07
2025-06-30 23:15:50 | INFO | 📈 BTC: $107,185.82 | RSI: 46.25
2025-06-30 23:16:20 | INFO | 📈 BTC: $107,174.85 | RSI: 45.36
2025-06-30 23:16:50 | INFO | 📈 BTC: $107,205.82 | RSI: 47.96
2025-06-30 23:17:20 | INFO | 📈 BTC: $107,211.46 | RSI: 48.47
2025-06-30 23:17:51 | INFO | 📈 BTC: $107,232.59 | RSI: 50.44
2025-06-30 23:17:51 | INFO | 📊 Sin trades completados aún
2025-06-30 23:18:21 | INFO | 📈 BTC: $107,222.97 | RSI: 49.55
2025-06-30 23:18:51 | INFO | 📈 BTC: $107,199.32 | RSI: 47.39
2025-06-30 23:19:22 | INFO | 📈 BTC: $107,199.32 | RSI: 47.39
2025-06-30 23:19:52 | INFO | 📈 BTC: $107,194.01 | RSI: 46.94
2025-06-30 23:20:22 | INFO | 📈 BTC: $107,165.36 | RSI: 48.33
2025-06-30 23:20:52 | INFO | 📈 BTC: $107,176.08 | RSI: 49.32
2025-06-30 23:21:23 | INFO | 📈 BTC: $107,176.08 | RSI: 49.32
2025-06-30 23:21:53 | INFO | 📈 BTC: $107,176.08 | RSI: 49.32
2025-06-30 23:22:23 | INFO | 📈 BTC: $107,168.35 | RSI: 48.60
2025-06-30 23:22:53 | INFO | 📈 BTC: $107,168.35 | RSI: 48.60
2025-06-30 23:23:24 | INFO | 📈 BTC: $107,168.35 | RSI: 48.60
2025-06-30 23:23:54 | INFO | 📈 BTC: $107,150.19 | RSI: 47.00
2025-06-30 23:24:24 | INFO | 📈 BTC: $107,142.70 | RSI: 46.37
2025-06-30 23:24:54 | INFO | 📈 BTC: $107,137.47 | RSI: 45.94
2025-06-30 23:25:25 | INFO | 📈 BTC: $107,137.47 | RSI: 39.28
2025-06-30 23:25:55 | INFO | 📈 BTC: $107,112.00 | RSI: 37.38
2025-06-30 23:26:25 | INFO | 📈 BTC: $107,110.00 | RSI: 37.24
2025-06-30 23:26:55 | INFO | 📈 BTC: $107,114.04 | RSI: 37.52
2025-06-30 23:27:26 | INFO | 📈 BTC: $107,114.03 | RSI: 37.52
2025-06-30 23:27:56 | INFO | 📈 BTC: $107,144.94 | RSI: 40.17
2025-06-30 23:27:56 | INFO | 📊 Sin trades completados aún
2025-06-30 23:28:26 | INFO | 📈 BTC: $107,144.93 | RSI: 40.17
2025-06-30 23:28:57 | INFO | 📈 BTC: $107,144.94 | RSI: 40.17
2025-06-30 23:29:27 | INFO | 📈 BTC: $107,144.93 | RSI: 40.17
2025-06-30 23:29:57 | INFO | 📈 BTC: $107,145.75 | RSI: 40.26
2025-06-30 23:30:27 | INFO | 📈 BTC: $107,147.82 | RSI: 39.55
2025-06-30 23:30:58 | INFO | 📈 BTC: $107,144.93 | RSI: 39.24
2025-06-30 23:31:28 | INFO | 📈 BTC: $107,115.47 | RSI: 37.07
2025-06-30 23:31:59 | INFO | 📈 BTC: $107,115.47 | RSI: 37.07
2025-06-30 23:32:29 | INFO | 📈 BTC: $107,105.43 | RSI: 36.38
2025-06-30 23:32:59 | INFO | 📈 BTC: $107,087.10 | RSI: 35.19
2025-06-30 23:33:29 | INFO | 📈 BTC: $107,120.00 | RSI: 37.38
2025-06-30 23:34:00 | INFO | 📈 BTC: $107,123.50 | RSI: 37.63
2025-06-30 23:34:30 | INFO | 📈 BTC: $107,123.49 | RSI: 37.63
2025-06-30 23:35:00 | INFO | 📈 BTC: $107,092.31 | RSI: 33.54
2025-06-30 23:35:31 | INFO | 📈 BTC: $107,071.10 | RSI: 32.27
2025-06-30 23:36:01 | INFO | 📈 BTC: $107,071.09 | RSI: 32.26
2025-06-30 23:36:31 | INFO | 📈 BTC: $107,077.73 | RSI: 32.65
2025-06-30 23:37:01 | INFO | 📈 BTC: $107,077.74 | RSI: 32.65
2025-06-30 23:37:32 | INFO | 📈 BTC: $107,096.49 | RSI: 34.05
2025-06-30 23:38:02 | INFO | 📈 BTC: $107,099.93 | RSI: 34.46
2025-06-30 23:38:02 | INFO | 📊 Sin trades completados aún
2025-06-30 23:38:32 | INFO | 📈 BTC: $107,099.93 | RSI: 34.46
2025-06-30 23:39:02 | INFO | 📈 BTC: $107,099.92 | RSI: 34.46
2025-06-30 23:39:33 | INFO | 📈 BTC: $107,099.92 | RSI: 34.46
2025-06-30 23:40:03 | INFO | 📈 BTC: $107,075.76 | RSI: 32.54
2025-06-30 23:40:33 | INFO | 📈 BTC: $107,075.77 | RSI: 32.54
2025-06-30 23:41:03 | INFO | 📈 BTC: $107,063.04 | RSI: 31.81
2025-06-30 23:41:34 | INFO | 📈 BTC: $107,105.43 | RSI: 35.97
2025-06-30 23:42:04 | INFO | 📈 BTC: $107,105.43 | RSI: 35.97
2025-06-30 23:42:34 | INFO | 📈 BTC: $107,105.64 | RSI: 35.99
2025-06-30 23:43:04 | INFO | 📈 BTC: $107,108.77 | RSI: 36.33
2025-06-30 23:43:35 | INFO | 📈 BTC: $107,126.60 | RSI: 38.20
2025-06-30 23:44:05 | INFO | 📈 BTC: $107,126.61 | RSI: 38.21
2025-06-30 23:44:35 | INFO | 📈 BTC: $107,126.60 | RSI: 38.20
2025-06-30 23:45:06 | INFO | 📈 BTC: $107,140.00 | RSI: 39.00
2025-06-30 23:45:36 | INFO | 📈 BTC: $107,126.61 | RSI: 38.17
2025-06-30 23:46:07 | INFO | 📈 BTC: $107,126.61 | RSI: 38.17
2025-06-30 23:46:37 | INFO | 📈 BTC: $107,126.61 | RSI: 38.17
2025-06-30 23:47:07 | INFO | 📈 BTC: $107,129.84 | RSI: 38.37
2025-06-30 23:47:37 | INFO | 📈 BTC: $107,144.94 | RSI: 39.49
2025-06-30 23:48:08 | INFO | 📈 BTC: $107,099.00 | RSI: 36.56
2025-06-30 23:48:08 | INFO | 📊 Sin trades completados aún
2025-06-30 23:48:38 | INFO | 📈 BTC: $107,096.01 | RSI: 36.39
2025-06-30 23:49:09 | INFO | 📈 BTC: $107,127.26 | RSI: 38.21
2025-06-30 23:49:39 | INFO | 📈 BTC: $107,141.29 | RSI: 39.13
2025-06-30 23:50:09 | INFO | 📈 BTC: $107,141.28 | RSI: 39.25
2025-06-30 23:50:40 | INFO | 📈 BTC: $107,141.28 | RSI: 39.25
2025-06-30 23:51:10 | INFO | 📈 BTC: $107,168.35 | RSI: 41.82
2025-06-30 23:51:40 | INFO | 📈 BTC: $107,162.37 | RSI: 41.27
2025-06-30 23:52:11 | INFO | 📈 BTC: $107,132.71 | RSI: 38.71
2025-06-30 23:52:41 | INFO | 📈 BTC: $107,152.92 | RSI: 40.39
2025-06-30 23:53:12 | INFO | 📈 BTC: $107,113.69 | RSI: 37.56
2025-06-30 23:53:42 | INFO | 📈 BTC: $107,132.82 | RSI: 38.72
2025-06-30 23:54:13 | INFO | 📈 BTC: $107,084.20 | RSI: 35.91
2025-06-30 23:54:43 | INFO | 📈 BTC: $107,070.71 | RSI: 35.20
2025-06-30 23:55:13 | INFO | 📈 BTC: $107,093.35 | RSI: 45.76
2025-06-30 23:55:44 | INFO | 📈 BTC: $107,093.35 | RSI: 45.76
2025-06-30 23:56:14 | INFO | 📈 BTC: $107,085.09 | RSI: 45.05
2025-06-30 23:56:44 | INFO | 📈 BTC: $107,071.65 | RSI: 43.94
2025-06-30 23:57:15 | INFO | 📈 BTC: $107,071.65 | RSI: 43.94
2025-06-30 23:57:46 | INFO | 📈 BTC: $107,086.00 | RSI: 45.12
2025-06-30 23:58:17 | INFO | 📈 BTC: $107,092.52 | RSI: 45.68
2025-06-30 23:58:17 | INFO | 📊 Sin trades completados aún
2025-06-30 23:58:47 | INFO | 📈 BTC: $107,100.18 | RSI: 46.36
2025-06-30 23:59:17 | INFO | 📈 BTC: $107,173.42 | RSI: 53.03
2025-06-30 23:59:47 | INFO | 📈 BTC: $107,176.23 | RSI: 53.26
2025-07-01 00:00:18 | INFO | 📈 BTC: $107,137.07 | RSI: 54.53
2025-07-01 00:00:48 | INFO | 📈 BTC: $107,137.07 | RSI: 54.53
2025-07-01 00:01:18 | INFO | 📈 BTC: $107,116.93 | RSI: 52.49
2025-07-01 00:01:48 | INFO | 📈 BTC: $107,137.06 | RSI: 54.53
2025-07-01 00:02:19 | INFO | 📈 BTC: $107,137.06 | RSI: 54.53
2025-07-01 00:02:49 | INFO | 📈 BTC: $107,150.13 | RSI: 55.85
2025-07-01 00:03:19 | INFO | 📈 BTC: $107,150.14 | RSI: 55.85
2025-07-01 00:03:49 | INFO | 📈 BTC: $107,159.99 | RSI: 56.68
2025-07-01 00:04:20 | INFO | 📈 BTC: $107,151.01 | RSI: 55.93
2025-07-01 00:04:50 | INFO | 📈 BTC: $107,140.28 | RSI: 54.87
2025-07-01 00:05:20 | INFO | 📈 BTC: $107,135.70 | RSI: 52.31
2025-07-01 00:05:51 | INFO | 📈 BTC: $107,093.35 | RSI: 48.20
2025-07-01 00:06:21 | INFO | 📈 BTC: $107,098.16 | RSI: 48.64
2025-07-01 00:06:51 | INFO | 📈 BTC: $107,148.62 | RSI: 53.57
2025-07-01 00:07:21 | INFO | 📈 BTC: $107,139.15 | RSI: 52.67
