2026-05-02 01:10:08 | INFO | 🐳 RSI+EMA+Trend Bot iniciando - Logs en: /app/logs/rsi_ema_bot_20260502.log
2026-05-02 01:11:13 | INFO | 🐳 RSI+EMA+Trend Bot iniciando - Logs en: /app/logs/rsi_ema_bot_20260502.log
2026-05-02 01:11:30 | INFO | 🐳 RSI+EMA+Trend Bot iniciando - Logs en: /app/logs/rsi_ema_bot_20260502.log
2026-05-02 01:11:34 | INFO | ✅ Conexión exitosa con Binance Mainnet
2026-05-02 01:11:34 | INFO | 💰 Balance USDT disponible: $596.31
2026-05-02 01:11:34 | INFO | 🔄 Iniciando recuperación de estado...
2026-05-02 01:11:34 | INFO | 📄 No hay archivo de estado previo
2026-05-02 01:11:34 | INFO | ✅ Bot limpio - Sin estado previo ni posiciones
2026-05-02 01:11:34 | INFO | 🔄 Recuperación completada
2026-05-02 01:11:34 | INFO | 🤖 RSI + EMA + Trend Filter Swing Bot v2.0 iniciado
2026-05-02 01:11:34 | INFO | 📊 Timeframe: 4h | RSI(14) | OS: 40 | OB: 65
2026-05-02 01:11:34 | INFO | 📈 EMAs: Fast(21) | Slow(50) | Trend(200)
2026-05-02 01:11:34 | INFO | ⚡ Leverage: 1x | Risk: 3% | SL: 2.0% | TP: 4.0%
2026-05-02 01:11:34 | INFO | 🎯 Swing Confirmación: 0.15% | Max espera: 12 períodos
2026-05-02 01:11:34 | INFO | 🛡️ Trailing Stop: 1.5% | Breakeven: 1.0%
2026-05-02 01:11:34 | INFO | 💾 Estado guardado en: /app/data/bot_state_20260502.json
2026-05-02 01:11:34 | INFO | 🐳 Ejecutándose en Docker - PID: 1
2026-05-02 01:11:35 | INFO | 📈 BTC: $78,378.24 | RSI: 88.0 | Tendencia: bullish
2026-05-02 01:11:35 | INFO | 📊 EMA21: $77247.10 | EMA50: $77020.01 | EMA200: $74447.57
2026-05-02 01:41:35 | INFO | 📈 BTC: $78,324.35 | RSI: 87.8 | Tendencia: bullish
2026-05-02 01:41:35 | INFO | 📊 EMA21: $77242.21 | EMA50: $77017.90 | EMA200: $74447.04
2026-05-02 02:11:35 | INFO | 📈 BTC: $78,285.53 | RSI: 87.7 | Tendencia: bullish
2026-05-02 02:11:35 | INFO | 📊 EMA21: $77238.68 | EMA50: $77016.38 | EMA200: $74446.65
2026-05-02 02:41:36 | INFO | 📈 BTC: $78,383.18 | RSI: 88.0 | Tendencia: bullish
2026-05-02 02:41:36 | INFO | 📊 EMA21: $77247.55 | EMA50: $77020.21 | EMA200: $74447.62
2026-05-02 03:11:36 | INFO | 📈 BTC: $78,273.99 | RSI: 87.6 | Tendencia: bullish
2026-05-02 03:11:36 | INFO | 📊 EMA21: $77237.63 | EMA50: $77015.92 | EMA200: $74446.53
2026-05-02 03:41:36 | INFO | 📈 BTC: $78,402.79 | RSI: 88.1 | Tendencia: bullish
2026-05-02 03:41:36 | INFO | 📊 EMA21: $77249.34 | EMA50: $77020.97 | EMA200: $74447.82
2026-05-02 04:11:37 | INFO | 📈 BTC: $78,274.88 | RSI: 84.3 | Tendencia: bullish
2026-05-02 04:11:37 | INFO | 📊 EMA21: $77342.34 | EMA50: $77070.03 | EMA200: $74466.66
2026-05-02 04:41:37 | INFO | 📈 BTC: $78,219.22 | RSI: 83.1 | Tendencia: bullish
2026-05-02 04:41:37 | INFO | 📊 EMA21: $77337.28 | EMA50: $77067.85 | EMA200: $74466.11
2026-05-02 04:41:37 | INFO | ======================================================================
2026-05-02 04:41:37 | INFO | 📊 RESUMEN DE PERFORMANCE SWING TRADING
2026-05-02 04:41:37 | INFO | ======================================================================
2026-05-02 04:41:37 | INFO | 🔔 Señales detectadas: 0
2026-05-02 04:41:37 | INFO | ✅ Señales confirmadas: 0
2026-05-02 04:41:37 | INFO | ⏰ Señales expiradas: 0
2026-05-02 04:41:37 | INFO | 📈 Tasa de confirmación: 0.0%
2026-05-02 04:41:37 | INFO | 🎯 Filtros de tendencia aplicados: 0
2026-05-02 04:41:37 | INFO | 📊 Confirmaciones EMA: 0
2026-05-02 04:41:37 | INFO | 🔄 Entradas por pullback: 0
2026-05-02 04:41:37 | INFO | 🔧 Recuperaciones realizadas: 0
2026-05-02 04:41:37 | INFO | --------------------------------------------------
2026-05-02 04:41:37 | INFO | 📊 Sin trades completados aún
2026-05-02 04:41:37 | INFO | 💵 Balance Actual: $596.31
2026-05-02 04:41:37 | INFO | 🔍 Buscando oportunidades swing... | Tendencia actual: bullish
2026-05-02 04:41:37 | INFO | 📊 Alineación EMAs: ALCISTA
2026-05-02 04:41:37 | INFO | 📈 EMA21: $77337.28 | EMA50: $77067.85 | EMA200: $74466.11
2026-05-02 04:41:37 | INFO | 📏 Separación EMA21-EMA50: 0.35%
2026-05-02 04:41:37 | INFO | ======================================================================
2026-05-02 05:11:38 | INFO | 📈 BTC: $78,100.00 | RSI: 80.5 | Tendencia: bullish
2026-05-02 05:11:38 | INFO | 📊 EMA21: $77326.44 | EMA50: $77063.17 | EMA200: $74464.92
2026-05-02 05:41:38 | INFO | 📈 BTC: $78,204.03 | RSI: 82.7 | Tendencia: bullish
2026-05-02 05:41:38 | INFO | 📊 EMA21: $77335.90 | EMA50: $77067.25 | EMA200: $74465.95
2026-05-02 06:11:38 | INFO | 📈 BTC: $78,248.38 | RSI: 83.7 | Tendencia: bullish
2026-05-02 06:11:38 | INFO | 📊 EMA21: $77339.93 | EMA50: $77068.99 | EMA200: $74466.40
2026-05-02 06:41:39 | INFO | 📈 BTC: $78,196.60 | RSI: 82.5 | Tendencia: bullish
2026-05-02 06:41:39 | INFO | 📊 EMA21: $77335.22 | EMA50: $77066.96 | EMA200: $74465.88
2026-05-02 07:11:39 | INFO | 📈 BTC: $78,310.83 | RSI: 85.2 | Tendencia: bullish
2026-05-02 07:11:39 | INFO | 📊 EMA21: $77345.61 | EMA50: $77071.44 | EMA200: $74467.02
2026-05-02 07:41:40 | INFO | 📈 BTC: $78,248.78 | RSI: 83.7 | Tendencia: bullish
2026-05-02 07:41:40 | INFO | 📊 EMA21: $77339.96 | EMA50: $77069.01 | EMA200: $74466.40
2026-05-02 08:11:40 | INFO | 📈 BTC: $78,250.07 | RSI: 82.5 | Tendencia: bullish
2026-05-02 08:11:40 | INFO | 📊 EMA21: $77420.32 | EMA50: $77114.17 | EMA200: $74382.46
2026-05-02 08:41:41 | INFO | 📈 BTC: $78,329.32 | RSI: 82.9 | Tendencia: bullish
2026-05-02 08:41:41 | INFO | 📊 EMA21: $77427.53 | EMA50: $77117.28 | EMA200: $74383.24
2026-05-02 08:41:41 | INFO | ======================================================================
2026-05-02 08:41:41 | INFO | 📊 RESUMEN DE PERFORMANCE SWING TRADING
2026-05-02 08:41:41 | INFO | ======================================================================
2026-05-02 08:41:41 | INFO | 🔔 Señales detectadas: 0
2026-05-02 08:41:41 | INFO | ✅ Señales confirmadas: 0
2026-05-02 08:41:41 | INFO | ⏰ Señales expiradas: 0
2026-05-02 08:41:41 | INFO | 📈 Tasa de confirmación: 0.0%
2026-05-02 08:41:41 | INFO | 🎯 Filtros de tendencia aplicados: 0
2026-05-02 08:41:41 | INFO | 📊 Confirmaciones EMA: 0
2026-05-02 08:41:41 | INFO | 🔄 Entradas por pullback: 0
2026-05-02 08:41:41 | INFO | 🔧 Recuperaciones realizadas: 0
2026-05-02 08:41:41 | INFO | --------------------------------------------------
2026-05-02 08:41:41 | INFO | 📊 Sin trades completados aún
2026-05-02 08:41:41 | INFO | 💵 Balance Actual: $596.31
2026-05-02 08:41:41 | INFO | 🔍 Buscando oportunidades swing... | Tendencia actual: bullish
2026-05-02 08:41:41 | INFO | 📊 Alineación EMAs: ALCISTA
2026-05-02 08:41:41 | INFO | 📈 EMA21: $77427.53 | EMA50: $77117.28 | EMA200: $74383.24
2026-05-02 08:41:41 | INFO | 📏 Separación EMA21-EMA50: 0.40%
2026-05-02 08:41:41 | INFO | ======================================================================
2026-05-02 09:11:41 | INFO | 📈 BTC: $78,301.71 | RSI: 82.8 | Tendencia: bullish
2026-05-02 09:11:41 | INFO | 📊 EMA21: $77425.02 | EMA50: $77116.20 | EMA200: $74382.97
2026-05-02 09:41:42 | INFO | 📈 BTC: $78,302.02 | RSI: 82.8 | Tendencia: bullish
2026-05-02 09:41:42 | INFO | 📊 EMA21: $77425.05 | EMA50: $77116.21 | EMA200: $74382.97
2026-05-02 10:11:42 | INFO | 📈 BTC: $78,297.03 | RSI: 82.7 | Tendencia: bullish
2026-05-02 10:11:42 | INFO | 📊 EMA21: $77424.59 | EMA50: $77116.01 | EMA200: $74382.92
2026-05-02 10:41:42 | INFO | 📈 BTC: $78,236.45 | RSI: 82.4 | Tendencia: bullish
2026-05-02 10:41:42 | INFO | 📊 EMA21: $77419.08 | EMA50: $77113.64 | EMA200: $74382.32
2026-05-02 11:11:43 | INFO | 📈 BTC: $78,175.73 | RSI: 81.3 | Tendencia: bullish
2026-05-02 11:11:43 | INFO | 📊 EMA21: $77413.56 | EMA50: $77111.26 | EMA200: $74381.72
2026-05-02 11:41:43 | INFO | 📈 BTC: $78,150.00 | RSI: 80.8 | Tendencia: bullish
2026-05-02 11:41:43 | INFO | 📊 EMA21: $77411.23 | EMA50: $77110.25 | EMA200: $74381.46
2026-05-02 12:11:43 | INFO | 📈 BTC: $78,108.41 | RSI: 78.5 | Tendencia: bullish
2026-05-02 12:11:43 | INFO | 📊 EMA21: $77474.03 | EMA50: $77149.15 | EMA200: $74453.10
2026-05-02 12:41:44 | INFO | 📈 BTC: $78,209.17 | RSI: 79.7 | Tendencia: bullish
2026-05-02 12:41:44 | INFO | 📊 EMA21: $77483.19 | EMA50: $77153.10 | EMA200: $74454.11
2026-05-02 12:41:44 | INFO | ======================================================================
2026-05-02 12:41:44 | INFO | 📊 RESUMEN DE PERFORMANCE SWING TRADING
2026-05-02 12:41:44 | INFO | ======================================================================
2026-05-02 12:41:44 | INFO | 🔔 Señales detectadas: 0
2026-05-02 12:41:44 | INFO | ✅ Señales confirmadas: 0
2026-05-02 12:41:44 | INFO | ⏰ Señales expiradas: 0
2026-05-02 12:41:44 | INFO | 📈 Tasa de confirmación: 0.0%
2026-05-02 12:41:44 | INFO | 🎯 Filtros de tendencia aplicados: 0
2026-05-02 12:41:44 | INFO | 📊 Confirmaciones EMA: 0
2026-05-02 12:41:44 | INFO | 🔄 Entradas por pullback: 0
2026-05-02 12:41:44 | INFO | 🔧 Recuperaciones realizadas: 0
2026-05-02 12:41:44 | INFO | --------------------------------------------------
2026-05-02 12:41:44 | INFO | 📊 Sin trades completados aún
2026-05-02 12:41:44 | INFO | 💵 Balance Actual: $596.31
2026-05-02 12:41:44 | INFO | 🔍 Buscando oportunidades swing... | Tendencia actual: bullish
2026-05-02 12:41:44 | INFO | 📊 Alineación EMAs: ALCISTA
2026-05-02 12:41:44 | INFO | 📈 EMA21: $77483.19 | EMA50: $77153.10 | EMA200: $74454.11
2026-05-02 12:41:44 | INFO | 📏 Separación EMA21-EMA50: 0.43%
2026-05-02 12:41:44 | INFO | ======================================================================
2026-05-02 13:11:44 | INFO | 📈 BTC: $78,365.72 | RSI: 80.6 | Tendencia: bullish
2026-05-02 13:11:44 | INFO | 📊 EMA21: $77497.43 | EMA50: $77159.24 | EMA200: $74455.66
2026-05-02 13:41:44 | INFO | 📈 BTC: $78,338.78 | RSI: 80.4 | Tendencia: bullish
2026-05-02 13:41:44 | INFO | 📊 EMA21: $77494.98 | EMA50: $77158.18 | EMA200: $74455.40
2026-05-02 14:11:45 | INFO | 📈 BTC: $78,325.01 | RSI: 80.3 | Tendencia: bullish
2026-05-02 14:11:45 | INFO | 📊 EMA21: $77493.73 | EMA50: $77157.64 | EMA200: $74455.26
2026-05-02 14:41:45 | INFO | 📈 BTC: $78,386.77 | RSI: 80.7 | Tendencia: bullish
2026-05-02 14:41:45 | INFO | 📊 EMA21: $77499.34 | EMA50: $77160.07 | EMA200: $74455.87
2026-05-02 15:11:45 | INFO | 📈 BTC: $78,435.25 | RSI: 80.9 | Tendencia: bullish
2026-05-02 15:11:45 | INFO | 📊 EMA21: $77503.75 | EMA50: $77161.97 | EMA200: $74456.36
2026-05-02 15:41:46 | INFO | 📈 BTC: $78,405.89 | RSI: 80.8 | Tendencia: bullish
2026-05-02 15:41:46 | INFO | 📊 EMA21: $77501.08 | EMA50: $77160.82 | EMA200: $74456.06
2026-05-02 16:11:46 | INFO | 📈 BTC: $78,538.00 | RSI: 83.7 | Tendencia: bullish
2026-05-02 16:11:46 | INFO | 📊 EMA21: $77602.10 | EMA50: $77217.89 | EMA200: $74462.96
2026-05-02 16:41:47 | INFO | 📈 BTC: $78,480.07 | RSI: 83.3 | Tendencia: bullish
2026-05-02 16:41:47 | INFO | 📊 EMA21: $77596.84 | EMA50: $77215.61 | EMA200: $74462.38
2026-05-02 16:41:47 | INFO | ======================================================================
2026-05-02 16:41:47 | INFO | 📊 RESUMEN DE PERFORMANCE SWING TRADING
2026-05-02 16:41:47 | INFO | ======================================================================
2026-05-02 16:41:47 | INFO | 🔔 Señales detectadas: 0
2026-05-02 16:41:47 | INFO | ✅ Señales confirmadas: 0
2026-05-02 16:41:47 | INFO | ⏰ Señales expiradas: 0
2026-05-02 16:41:47 | INFO | 📈 Tasa de confirmación: 0.0%
2026-05-02 16:41:47 | INFO | 🎯 Filtros de tendencia aplicados: 0
2026-05-02 16:41:47 | INFO | 📊 Confirmaciones EMA: 0
2026-05-02 16:41:47 | INFO | 🔄 Entradas por pullback: 0
2026-05-02 16:41:47 | INFO | 🔧 Recuperaciones realizadas: 0
2026-05-02 16:41:47 | INFO | --------------------------------------------------
2026-05-02 16:41:47 | INFO | 📊 Sin trades completados aún
2026-05-02 16:41:47 | INFO | 💵 Balance Actual: $596.31
2026-05-02 16:41:47 | INFO | 🔍 Buscando oportunidades swing... | Tendencia actual: bullish
2026-05-02 16:41:47 | INFO | 📊 Alineación EMAs: ALCISTA
2026-05-02 16:41:47 | INFO | 📈 EMA21: $77596.84 | EMA50: $77215.61 | EMA200: $74462.38
2026-05-02 16:41:47 | INFO | 📏 Separación EMA21-EMA50: 0.49%
2026-05-02 16:41:47 | INFO | ======================================================================
2026-05-02 17:11:47 | INFO | 📈 BTC: $78,439.61 | RSI: 82.4 | Tendencia: bullish
2026-05-02 17:11:47 | INFO | 📊 EMA21: $77593.16 | EMA50: $77214.03 | EMA200: $74461.98
2026-05-02 17:41:47 | INFO | 📈 BTC: $78,458.80 | RSI: 82.8 | Tendencia: bullish
2026-05-02 17:41:47 | INFO | 📊 EMA21: $77594.90 | EMA50: $77214.78 | EMA200: $74462.17
2026-05-02 18:11:48 | INFO | 📈 BTC: $78,322.81 | RSI: 79.8 | Tendencia: bullish
2026-05-02 18:11:48 | INFO | 📊 EMA21: $77582.54 | EMA50: $77209.45 | EMA200: $74460.82
2026-05-02 18:41:48 | INFO | 📈 BTC: $78,422.48 | RSI: 82.0 | Tendencia: bullish
2026-05-02 18:41:48 | INFO | 📊 EMA21: $77591.60 | EMA50: $77213.36 | EMA200: $74461.81
2026-05-02 19:11:48 | INFO | 📈 BTC: $78,465.05 | RSI: 83.0 | Tendencia: bullish
2026-05-02 19:11:48 | INFO | 📊 EMA21: $77595.47 | EMA50: $77215.02 | EMA200: $74462.24
2026-05-02 19:41:49 | INFO | 📈 BTC: $78,505.66 | RSI: 83.6 | Tendencia: bullish
2026-05-02 19:41:49 | INFO | 📊 EMA21: $77599.16 | EMA50: $77216.62 | EMA200: $74462.64
2026-05-02 20:11:49 | INFO | 📈 BTC: $78,437.82 | RSI: 80.1 | Tendencia: bullish
2026-05-02 20:11:49 | INFO | 📊 EMA21: $77673.78 | EMA50: $77263.74 | EMA200: $74444.42
2026-05-02 20:41:50 | INFO | 📈 BTC: $78,471.37 | RSI: 80.9 | Tendencia: bullish
2026-05-02 20:41:50 | INFO | 📊 EMA21: $77676.83 | EMA50: $77265.05 | EMA200: $74444.76
2026-05-02 20:41:50 | INFO | ======================================================================
2026-05-02 20:41:50 | INFO | 📊 RESUMEN DE PERFORMANCE SWING TRADING
2026-05-02 20:41:50 | INFO | ======================================================================
2026-05-02 20:41:50 | INFO | 🔔 Señales detectadas: 0
2026-05-02 20:41:50 | INFO | ✅ Señales confirmadas: 0
2026-05-02 20:41:50 | INFO | ⏰ Señales expiradas: 0
2026-05-02 20:41:50 | INFO | 📈 Tasa de confirmación: 0.0%
2026-05-02 20:41:50 | INFO | 🎯 Filtros de tendencia aplicados: 0
2026-05-02 20:41:50 | INFO | 📊 Confirmaciones EMA: 0
2026-05-02 20:41:50 | INFO | 🔄 Entradas por pullback: 0
2026-05-02 20:41:50 | INFO | 🔧 Recuperaciones realizadas: 0
2026-05-02 20:41:50 | INFO | --------------------------------------------------
2026-05-02 20:41:50 | INFO | 📊 Sin trades completados aún
2026-05-02 20:41:50 | INFO | 💵 Balance Actual: $596.31
2026-05-02 20:41:50 | INFO | 🔍 Buscando oportunidades swing... | Tendencia actual: bullish
2026-05-02 20:41:50 | INFO | 📊 Alineación EMAs: ALCISTA
2026-05-02 20:41:50 | INFO | 📈 EMA21: $77676.83 | EMA50: $77265.05 | EMA200: $74444.76
2026-05-02 20:41:50 | INFO | 📏 Separación EMA21-EMA50: 0.53%
2026-05-02 20:41:50 | INFO | ======================================================================
2026-05-02 21:11:50 | INFO | 📈 BTC: $78,493.98 | RSI: 81.4 | Tendencia: bullish
2026-05-02 21:11:50 | INFO | 📊 EMA21: $77678.88 | EMA50: $77265.94 | EMA200: $74444.98
2026-05-02 21:41:51 | INFO | 📈 BTC: $78,831.55 | RSI: 83.1 | Tendencia: bullish
2026-05-02 21:41:51 | INFO | 📊 EMA21: $77709.57 | EMA50: $77279.18 | EMA200: $74448.34
2026-05-02 22:11:51 | INFO | 📈 BTC: $78,736.65 | RSI: 82.7 | Tendencia: bullish
2026-05-02 22:11:51 | INFO | 📊 EMA21: $77700.95 | EMA50: $77275.45 | EMA200: $74447.40
2026-05-02 22:41:51 | INFO | 📈 BTC: $78,671.31 | RSI: 82.3 | Tendencia: bullish
2026-05-02 22:41:51 | INFO | 📊 EMA21: $77695.01 | EMA50: $77272.89 | EMA200: $74446.75
2026-05-02 23:11:52 | INFO | 📈 BTC: $78,710.01 | RSI: 82.5 | Tendencia: bullish
2026-05-02 23:11:52 | INFO | 📊 EMA21: $77698.52 | EMA50: $77274.41 | EMA200: $74447.13
2026-05-02 23:41:52 | INFO | 📈 BTC: $78,703.02 | RSI: 82.5 | Tendencia: bullish
2026-05-02 23:41:52 | INFO | 📊 EMA21: $77697.89 | EMA50: $77274.14 | EMA200: $74447.06
2026-05-03 00:11:52 | INFO | 📈 BTC: $78,569.77 | RSI: 81.1 | Tendencia: bullish
2026-05-03 00:11:52 | INFO | 📊 EMA21: $77775.81 | EMA50: $77324.36 | EMA200: $74539.64
