2026-04-29 20:50:11 | INFO | 🐳 RSI+EMA+Trend Bot iniciando - Logs en: /app/logs/rsi_ema_bot_20260429.log
2026-04-29 20:50:16 | INFO | ✅ Conexión exitosa con Binance Mainnet
2026-04-29 20:50:16 | INFO | 💰 Balance USDT disponible: $596.31
2026-04-29 20:50:16 | INFO | 🔄 Iniciando recuperación de estado...
2026-04-29 20:50:16 | INFO | 📄 No hay archivo de estado previo
2026-04-29 20:50:16 | INFO | ✅ Bot limpio - Sin estado previo ni posiciones
2026-04-29 20:50:16 | INFO | 🔄 Recuperación completada
2026-04-29 20:50:16 | INFO | 🤖 RSI + EMA + Trend Filter Swing Bot v2.0 iniciado
2026-04-29 20:50:16 | INFO | 📊 Timeframe: 4h | RSI(14) | OS: 40 | OB: 65
2026-04-29 20:50:16 | INFO | 📈 EMAs: Fast(21) | Slow(50) | Trend(200)
2026-04-29 20:50:16 | INFO | ⚡ Leverage: 1x | Risk: 3% | SL: 2.0% | TP: 4.0%
2026-04-29 20:50:16 | INFO | 🎯 Swing Confirmación: 0.15% | Max espera: 12 períodos
2026-04-29 20:50:16 | INFO | 🛡️ Trailing Stop: 1.5% | Breakeven: 1.0%
2026-04-29 20:50:16 | INFO | 💾 Estado guardado en: /app/data/bot_state_20260429.json
2026-04-29 20:50:16 | INFO | 🐳 Ejecutándose en Docker - PID: 1
2026-04-29 20:50:16 | INFO | 🔄 BTC: $75,793.05 | RSI: 41.4 | Tendencia: neutral
2026-04-29 20:50:16 | INFO | 📊 EMA21: $76803.14 | EMA50: $76863.73 | EMA200: $74013.51
2026-04-29 21:20:17 | INFO | 🔄 BTC: $75,874.44 | RSI: 42.2 | Tendencia: neutral
2026-04-29 21:20:17 | INFO | 📊 EMA21: $76810.54 | EMA50: $76866.92 | EMA200: $74014.32
2026-04-29 21:50:17 | INFO | 🔄 BTC: $76,017.96 | RSI: 43.6 | Tendencia: neutral
2026-04-29 21:50:17 | INFO | 📊 EMA21: $76823.59 | EMA50: $76872.55 | EMA200: $74015.75
2026-04-29 22:20:18 | INFO | 🔄 BTC: $75,992.95 | RSI: 43.3 | Tendencia: neutral
2026-04-29 22:20:18 | INFO | 📊 EMA21: $76821.31 | EMA50: $76871.57 | EMA200: $74015.50
2026-04-29 22:50:18 | INFO | 🔄 BTC: $75,911.43 | RSI: 42.5 | Tendencia: neutral
2026-04-29 22:50:18 | INFO | 📊 EMA21: $76813.90 | EMA50: $76868.37 | EMA200: $74014.69
2026-04-29 23:20:18 | INFO | 🔄 BTC: $75,890.01 | RSI: 42.3 | Tendencia: neutral
2026-04-29 23:20:18 | INFO | 📊 EMA21: $76811.95 | EMA50: $76867.53 | EMA200: $74014.47
2026-04-29 23:50:19 | INFO | 🔄 BTC: $75,800.56 | RSI: 41.4 | Tendencia: neutral
2026-04-29 23:50:19 | INFO | 📊 EMA21: $76803.82 | EMA50: $76864.02 | EMA200: $74013.58
2026-04-30 00:20:19 | INFO | 🔄 BTC: $75,746.75 | RSI: 40.1 | Tendencia: neutral
2026-04-30 00:20:19 | INFO | 📊 EMA21: $76706.02 | EMA50: $76819.41 | EMA200: $73986.28
2026-04-30 00:20:19 | INFO | ======================================================================
2026-04-30 00:20:19 | INFO | 📊 RESUMEN DE PERFORMANCE SWING TRADING
2026-04-30 00:20:19 | INFO | ======================================================================
2026-04-30 00:20:19 | INFO | 🔔 Señales detectadas: 0
2026-04-30 00:20:19 | INFO | ✅ Señales confirmadas: 0
2026-04-30 00:20:19 | INFO | ⏰ Señales expiradas: 0
2026-04-30 00:20:19 | INFO | 📈 Tasa de confirmación: 0.0%
2026-04-30 00:20:19 | INFO | 🎯 Filtros de tendencia aplicados: 0
2026-04-30 00:20:19 | INFO | 📊 Confirmaciones EMA: 0
2026-04-30 00:20:19 | INFO | 🔄 Entradas por pullback: 0
2026-04-30 00:20:19 | INFO | 🔧 Recuperaciones realizadas: 0
2026-04-30 00:20:19 | INFO | --------------------------------------------------
2026-04-30 00:20:19 | INFO | 📊 Sin trades completados aún
2026-04-30 00:20:19 | INFO | 💵 Balance Actual: $596.31
2026-04-30 00:20:19 | INFO | 🔍 Buscando oportunidades swing... | Tendencia actual: neutral
2026-04-30 00:20:19 | INFO | 📊 Alineación EMAs: NEUTRAL
2026-04-30 00:20:19 | INFO | 📈 EMA21: $76706.02 | EMA50: $76819.41 | EMA200: $73986.28
2026-04-30 00:20:19 | INFO | 📏 Separación EMA21-EMA50: 0.15%
2026-04-30 00:20:19 | INFO | ======================================================================
