2026-05-04 07:00:23 | INFO | 🐳 RSI+EMA+Trend Bot iniciando - Logs en: /app/logs/rsi_ema_bot_20260504.log
2026-05-04 07:01:39 | INFO | 🐳 RSI+EMA+Trend Bot iniciando - Logs en: /app/logs/rsi_ema_bot_20260504.log
2026-05-04 07:01:43 | INFO | ✅ Conexión exitosa con Binance Mainnet
2026-05-04 07:01:43 | INFO | 💰 Balance USDT disponible: $596.31
2026-05-04 07:01:43 | INFO | 🔄 Iniciando recuperación de estado...
2026-05-04 07:01:43 | INFO | 📄 No hay archivo de estado previo
2026-05-04 07:01:43 | INFO | ✅ Bot limpio - Sin estado previo ni posiciones
2026-05-04 07:01:43 | INFO | 🔄 Recuperación completada
2026-05-04 07:01:43 | INFO | 🤖 RSI + EMA + Trend Filter Swing Bot v2.0 iniciado
2026-05-04 07:01:43 | INFO | 📊 Timeframe: 4h | RSI(14) | OS: 40 | OB: 65
2026-05-04 07:01:43 | INFO | 📈 EMAs: Fast(21) | Slow(50) | Trend(200)
2026-05-04 07:01:43 | INFO | ⚡ Leverage: 1x | Risk: 3% | SL: 2.0% | TP: 4.0%
2026-05-04 07:01:43 | INFO | 🎯 Swing Confirmación: 0.15% | Max espera: 12 períodos
2026-05-04 07:01:43 | INFO | 🛡️ Trailing Stop: 1.5% | Breakeven: 1.0%
2026-05-04 07:01:43 | INFO | 💾 Estado guardado en: /app/data/bot_state_20260504.json
2026-05-04 07:01:43 | INFO | 🐳 Ejecutándose en Docker - PID: 1
2026-05-04 07:01:44 | INFO | 📈 BTC: $79,889.19 | RSI: 68.9 | Tendencia: bullish
2026-05-04 07:01:44 | INFO | 📊 EMA21: $78422.84 | EMA50: $77741.59 | EMA200: $74991.21
2026-05-04 07:31:44 | INFO | 📈 BTC: $79,869.29 | RSI: 68.6 | Tendencia: bullish
2026-05-04 07:31:44 | INFO | 📊 EMA21: $78421.04 | EMA50: $77740.81 | EMA200: $74991.02
2026-05-04 08:01:45 | INFO | 📈 BTC: $79,693.39 | RSI: 64.7 | Tendencia: bullish
2026-05-04 08:01:45 | INFO | 📊 EMA21: $78522.44 | EMA50: $77810.89 | EMA200: $75054.77
2026-05-04 08:31:45 | INFO | 📈 BTC: $79,756.63 | RSI: 65.2 | Tendencia: bullish
2026-05-04 08:31:45 | INFO | 📊 EMA21: $78528.19 | EMA50: $77813.37 | EMA200: $75055.40
2026-05-04 09:01:45 | INFO | 📈 BTC: $79,651.25 | RSI: 64.1 | Tendencia: bullish
2026-05-04 09:01:45 | INFO | 📊 EMA21: $78518.61 | EMA50: $77809.24 | EMA200: $75054.35
2026-05-04 09:11:18 | INFO | 🐳 RSI+EMA+Trend Bot iniciando - Logs en: /app/logs/rsi_ema_bot_20260504.log
2026-05-04 09:11:43 | INFO | 🐳 RSI+EMA+Trend Bot iniciando - Logs en: /app/logs/rsi_ema_bot_20260504.log
2026-05-04 09:11:51 | INFO | ✅ Conexión exitosa con Binance Mainnet
2026-05-04 09:11:51 | INFO | 💰 Balance USDT disponible: $596.31
2026-05-04 09:11:51 | INFO | 🔄 Iniciando recuperación de estado...
2026-05-04 09:11:51 | INFO | 📥 Estado del bot cargado desde 08:31:45
2026-05-04 09:11:51 | INFO | 🔄 Recuperación completada
2026-05-04 09:11:51 | INFO | 🤖 RSI + EMA + Trend Filter Swing Bot v2.0 iniciado
2026-05-04 09:11:51 | INFO | 📊 Timeframe: 4h | RSI(14) | OS: 40 | OB: 65
2026-05-04 09:11:51 | INFO | 📈 EMAs: Fast(21) | Slow(50) | Trend(200)
2026-05-04 09:11:51 | INFO | ⚡ Leverage: 1x | Risk: 3% | SL: 2.0% | TP: 4.0%
2026-05-04 09:11:51 | INFO | 🎯 Swing Confirmación: 0.15% | Max espera: 12 períodos
2026-05-04 09:11:51 | INFO | 🛡️ Trailing Stop: 1.5% | Breakeven: 1.0%
2026-05-04 09:11:51 | INFO | 💾 Estado guardado en: /app/data/bot_state_20260504.json
2026-05-04 09:11:51 | INFO | 🐳 Ejecutándose en Docker - PID: 1
2026-05-04 09:11:51 | INFO | 📈 BTC: $79,777.56 | RSI: 65.4 | Tendencia: bullish
2026-05-04 09:11:51 | INFO | 📊 EMA21: $78530.10 | EMA50: $77814.19 | EMA200: $75055.61
2026-05-04 09:41:52 | INFO | 📈 BTC: $79,814.22 | RSI: 65.6 | Tendencia: bullish
2026-05-04 09:41:52 | INFO | 📊 EMA21: $78533.43 | EMA50: $77815.63 | EMA200: $75055.97
2026-05-04 10:11:52 | INFO | 📈 BTC: $78,704.66 | RSI: 52.8 | Tendencia: bullish
2026-05-04 10:11:52 | INFO | 📊 EMA21: $78432.56 | EMA50: $77772.11 | EMA200: $75044.93
2026-05-04 10:41:53 | INFO | 📈 BTC: $78,953.50 | RSI: 55.4 | Tendencia: bullish
2026-05-04 10:41:53 | INFO | 📊 EMA21: $78455.18 | EMA50: $77781.87 | EMA200: $75047.41
2026-05-04 11:11:53 | INFO | 📈 BTC: $78,973.96 | RSI: 55.6 | Tendencia: bullish
2026-05-04 11:11:53 | INFO | 📊 EMA21: $78457.04 | EMA50: $77782.68 | EMA200: $75047.61
2026-05-04 11:41:54 | INFO | 📈 BTC: $78,721.75 | RSI: 53.0 | Tendencia: bullish
2026-05-04 11:41:54 | INFO | 📊 EMA21: $78434.11 | EMA50: $77772.78 | EMA200: $75045.10
2026-05-04 12:11:54 | INFO | 📈 BTC: $78,768.96 | RSI: 55.3 | Tendencia: bullish
2026-05-04 12:11:54 | INFO | 📊 EMA21: $78470.50 | EMA50: $77814.54 | EMA200: $75053.02
2026-05-04 12:41:54 | INFO | 📈 BTC: $78,978.65 | RSI: 57.1 | Tendencia: bullish
2026-05-04 12:41:54 | INFO | 📊 EMA21: $78489.56 | EMA50: $77822.77 | EMA200: $75055.11
2026-05-04 12:41:54 | INFO | ======================================================================
2026-05-04 12:41:54 | INFO | 📊 RESUMEN DE PERFORMANCE SWING TRADING
2026-05-04 12:41:54 | INFO | ======================================================================
2026-05-04 12:41:54 | INFO | 🔔 Señales detectadas: 0
2026-05-04 12:41:54 | INFO | ✅ Señales confirmadas: 0
2026-05-04 12:41:54 | INFO | ⏰ Señales expiradas: 0
2026-05-04 12:41:54 | INFO | 📈 Tasa de confirmación: 0.0%
2026-05-04 12:41:54 | INFO | 🎯 Filtros de tendencia aplicados: 0
2026-05-04 12:41:54 | INFO | 📊 Confirmaciones EMA: 0
2026-05-04 12:41:54 | INFO | 🔄 Entradas por pullback: 0
2026-05-04 12:41:54 | INFO | 🔧 Recuperaciones realizadas: 0
2026-05-04 12:41:54 | INFO | --------------------------------------------------
2026-05-04 12:41:54 | INFO | 📊 Sin trades completados aún
2026-05-04 12:41:54 | INFO | 💵 Balance Actual: $596.31
2026-05-04 12:41:54 | INFO | 🔍 Buscando oportunidades swing... | Tendencia actual: bullish
2026-05-04 12:41:54 | INFO | 📊 Alineación EMAs: ALCISTA
2026-05-04 12:41:54 | INFO | 📈 EMA21: $78489.56 | EMA50: $77822.77 | EMA200: $75055.11
2026-05-04 12:41:54 | INFO | 📏 Separación EMA21-EMA50: 0.86%
2026-05-04 12:41:54 | INFO | ======================================================================
2026-05-04 13:11:55 | INFO | 📈 BTC: $78,910.76 | RSI: 56.6 | Tendencia: bullish
2026-05-04 13:11:55 | INFO | 📊 EMA21: $78483.39 | EMA50: $77820.10 | EMA200: $75054.44
2026-05-04 13:41:55 | INFO | 📈 BTC: $78,925.84 | RSI: 56.7 | Tendencia: bullish
2026-05-04 13:41:55 | INFO | 📊 EMA21: $78484.76 | EMA50: $77820.70 | EMA200: $75054.59
2026-05-04 14:11:56 | INFO | 📈 BTC: $78,790.13 | RSI: 55.6 | Tendencia: bullish
2026-05-04 14:11:56 | INFO | 📊 EMA21: $78472.42 | EMA50: $77815.37 | EMA200: $75053.24
2026-05-04 14:41:56 | INFO | 📈 BTC: $79,562.66 | RSI: 61.4 | Tendencia: bullish
2026-05-04 14:41:56 | INFO | 📊 EMA21: $78542.65 | EMA50: $77845.67 | EMA200: $75060.92
2026-05-04 15:11:56 | INFO | 📈 BTC: $79,953.65 | RSI: 63.8 | Tendencia: bullish
2026-05-04 15:11:56 | INFO | 📊 EMA21: $78578.20 | EMA50: $77861.00 | EMA200: $75064.81
2026-05-04 15:41:57 | INFO | 📈 BTC: $79,766.53 | RSI: 62.7 | Tendencia: bullish
2026-05-04 15:41:57 | INFO | 📊 EMA21: $78561.19 | EMA50: $77853.66 | EMA200: $75062.95
2026-05-04 16:11:57 | INFO | 📈 BTC: $79,823.99 | RSI: 62.9 | Tendencia: bullish
2026-05-04 16:11:57 | INFO | 📊 EMA21: $78697.67 | EMA50: $77940.85 | EMA200: $75174.37
2026-05-04 16:41:57 | INFO | 📈 BTC: $80,258.39 | RSI: 66.2 | Tendencia: bullish
2026-05-04 16:41:57 | INFO | 📊 EMA21: $78737.16 | EMA50: $77957.88 | EMA200: $75178.69
2026-05-04 16:41:57 | INFO | ======================================================================
2026-05-04 16:41:57 | INFO | 📊 RESUMEN DE PERFORMANCE SWING TRADING
2026-05-04 16:41:57 | INFO | ======================================================================
2026-05-04 16:41:57 | INFO | 🔔 Señales detectadas: 0
2026-05-04 16:41:57 | INFO | ✅ Señales confirmadas: 0
2026-05-04 16:41:57 | INFO | ⏰ Señales expiradas: 0
2026-05-04 16:41:57 | INFO | 📈 Tasa de confirmación: 0.0%
2026-05-04 16:41:57 | INFO | 🎯 Filtros de tendencia aplicados: 0
2026-05-04 16:41:57 | INFO | 📊 Confirmaciones EMA: 0
2026-05-04 16:41:57 | INFO | 🔄 Entradas por pullback: 0
2026-05-04 16:41:57 | INFO | 🔧 Recuperaciones realizadas: 0
2026-05-04 16:41:57 | INFO | --------------------------------------------------
2026-05-04 16:41:57 | INFO | 📊 Sin trades completados aún
2026-05-04 16:41:58 | INFO | 💵 Balance Actual: $596.31
2026-05-04 16:41:58 | INFO | 🔍 Buscando oportunidades swing... | Tendencia actual: bullish
2026-05-04 16:41:58 | INFO | 📊 Alineación EMAs: ALCISTA
2026-05-04 16:41:58 | INFO | 📈 EMA21: $78737.16 | EMA50: $77957.88 | EMA200: $75178.69
2026-05-04 16:41:58 | INFO | 📏 Separación EMA21-EMA50: 1.00%
2026-05-04 16:41:58 | INFO | ======================================================================
2026-05-04 17:11:58 | INFO | 📈 BTC: $80,390.35 | RSI: 66.9 | Tendencia: bullish
2026-05-04 17:11:58 | INFO | 📊 EMA21: $78749.15 | EMA50: $77963.06 | EMA200: $75180.01
2026-05-04 17:41:58 | INFO | 📈 BTC: $80,267.98 | RSI: 66.3 | Tendencia: bullish
2026-05-04 17:41:58 | INFO | 📊 EMA21: $78738.03 | EMA50: $77958.26 | EMA200: $75178.79
2026-05-04 18:11:59 | INFO | 📈 BTC: $80,419.91 | RSI: 67.1 | Tendencia: bullish
2026-05-04 18:11:59 | INFO | 📊 EMA21: $78751.84 | EMA50: $77964.22 | EMA200: $75180.30
