2026-04-30 00:35:01 | INFO | 🐳 RSI+EMA+Trend Bot iniciando - Logs en: /app/logs/rsi_ema_bot_20260430.log
2026-04-30 00:36:42 | INFO | 🐳 RSI+EMA+Trend Bot iniciando - Logs en: /app/logs/rsi_ema_bot_20260430.log
2026-04-30 00:36:48 | INFO | ✅ Conexión exitosa con Binance Mainnet
2026-04-30 00:36:48 | INFO | 💰 Balance USDT disponible: $596.31
2026-04-30 00:36:48 | INFO | 🔄 Iniciando recuperación de estado...
2026-04-30 00:36:48 | INFO | 📄 No hay archivo de estado previo
2026-04-30 00:36:48 | INFO | ✅ Bot limpio - Sin estado previo ni posiciones
2026-04-30 00:36:48 | INFO | 🔄 Recuperación completada
2026-04-30 00:36:48 | INFO | 🤖 RSI + EMA + Trend Filter Swing Bot v2.0 iniciado
2026-04-30 00:36:48 | INFO | 📊 Timeframe: 4h | RSI(14) | OS: 40 | OB: 65
2026-04-30 00:36:48 | INFO | 📈 EMAs: Fast(21) | Slow(50) | Trend(200)
2026-04-30 00:36:48 | INFO | ⚡ Leverage: 1x | Risk: 3% | SL: 2.0% | TP: 4.0%
2026-04-30 00:36:48 | INFO | 🎯 Swing Confirmación: 0.15% | Max espera: 12 períodos
2026-04-30 00:36:48 | INFO | 🛡️ Trailing Stop: 1.5% | Breakeven: 1.0%
2026-04-30 00:36:48 | INFO | 💾 Estado guardado en: /app/data/bot_state_20260430.json
2026-04-30 00:36:48 | INFO | 🐳 Ejecutándose en Docker - PID: 1
2026-04-30 00:36:48 | INFO | 🔄 BTC: $76,008.61 | RSI: 42.7 | Tendencia: neutral
2026-04-30 00:36:48 | INFO | 📊 EMA21: $76729.83 | EMA50: $76829.68 | EMA200: $73988.89
2026-04-30 01:06:49 | INFO | 🔄 BTC: $76,219.99 | RSI: 44.6 | Tendencia: neutral
2026-04-30 01:06:49 | INFO | 📊 EMA21: $76749.05 | EMA50: $76837.97 | EMA200: $73990.99
2026-04-30 01:36:49 | INFO | 🔄 BTC: $76,241.35 | RSI: 44.8 | Tendencia: neutral
2026-04-30 01:36:49 | INFO | 📊 EMA21: $76750.99 | EMA50: $76838.81 | EMA200: $73991.20
2026-04-30 02:06:49 | INFO | 🔄 BTC: $76,284.17 | RSI: 45.2 | Tendencia: neutral
2026-04-30 02:06:49 | INFO | 📊 EMA21: $76754.88 | EMA50: $76840.49 | EMA200: $73991.63
2026-04-30 02:36:50 | INFO | 🔄 BTC: $75,738.17 | RSI: 40.1 | Tendencia: neutral
2026-04-30 02:36:50 | INFO | 📊 EMA21: $76705.24 | EMA50: $76819.07 | EMA200: $73986.20
2026-04-30 03:06:50 | INFO | 🔄 BTC: $75,796.14 | RSI: 40.5 | Tendencia: neutral
2026-04-30 03:06:50 | INFO | 📊 EMA21: $76710.51 | EMA50: $76821.35 | EMA200: $73986.77
2026-04-30 03:36:50 | INFO | 🔄 BTC: $75,900.00 | RSI: 41.6 | Tendencia: neutral
2026-04-30 03:36:50 | INFO | 📊 EMA21: $76719.96 | EMA50: $76825.42 | EMA200: $73987.81
2026-04-30 04:06:50 | INFO | 🔄 BTC: $75,729.40 | RSI: 35.2 | Tendencia: neutral
2026-04-30 04:06:50 | INFO | 📊 EMA21: $76632.23 | EMA50: $76783.54 | EMA200: $74075.96
2026-04-30 04:06:50 | INFO | 🟡 FLEXIBLE LONG detected - RSI: 35.20 | Trend: neutral
2026-04-30 04:06:50 | INFO | ======================================================================
2026-04-30 04:06:50 | INFO | 📊 RESUMEN DE PERFORMANCE SWING TRADING
2026-04-30 04:06:50 | INFO | ======================================================================
2026-04-30 04:06:50 | INFO | 🔔 Señales detectadas: 1
2026-04-30 04:06:50 | INFO | ✅ Señales confirmadas: 0
2026-04-30 04:06:50 | INFO | ⏰ Señales expiradas: 0
2026-04-30 04:06:50 | INFO | 📈 Tasa de confirmación: 0.0%
2026-04-30 04:06:50 | INFO | 🎯 Filtros de tendencia aplicados: 0
2026-04-30 04:06:50 | INFO | 📊 Confirmaciones EMA: 0
2026-04-30 04:06:50 | INFO | 🔄 Entradas por pullback: 0
2026-04-30 04:06:50 | INFO | 🔧 Recuperaciones realizadas: 0
2026-04-30 04:06:50 | INFO | --------------------------------------------------
2026-04-30 04:06:50 | INFO | 📊 Sin trades completados aún
2026-04-30 04:06:51 | INFO | 💵 Balance Actual: $596.31
2026-04-30 04:06:51 | INFO | ⏳ Esperando confirmación SWING LONG (0/12)
2026-04-30 04:06:51 | INFO | 📊 Alineación EMAs: NEUTRAL
2026-04-30 04:06:51 | INFO | 📈 EMA21: $76632.23 | EMA50: $76783.54 | EMA200: $74075.96
2026-04-30 04:06:51 | INFO | 📏 Separación EMA21-EMA50: 0.20%
2026-04-30 04:06:51 | INFO | ======================================================================
2026-04-30 04:36:51 | INFO | 🔄 BTC: $75,511.28 | RSI: 33.9 | Tendencia: neutral
2026-04-30 04:36:51 | INFO | 📊 EMA21: $76612.40 | EMA50: $76774.98 | EMA200: $74073.79
2026-04-30 05:06:51 | INFO | 🔄 BTC: $75,589.19 | RSI: 34.3 | Tendencia: neutral
2026-04-30 05:06:51 | INFO | 📊 EMA21: $76619.48 | EMA50: $76778.04 | EMA200: $74074.57
2026-04-30 05:36:52 | INFO | 🔄 BTC: $75,661.58 | RSI: 34.8 | Tendencia: neutral
2026-04-30 05:36:52 | INFO | 📊 EMA21: $76626.06 | EMA50: $76780.88 | EMA200: $74075.29
2026-04-30 06:06:52 | INFO | 🔄 BTC: $75,682.18 | RSI: 34.9 | Tendencia: neutral
2026-04-30 06:06:52 | INFO | 📊 EMA21: $76627.94 | EMA50: $76781.68 | EMA200: $74075.49
2026-04-30 06:36:53 | INFO | 🔄 BTC: $75,822.90 | RSI: 35.8 | Tendencia: neutral
2026-04-30 06:36:53 | INFO | 📊 EMA21: $76640.73 | EMA50: $76787.20 | EMA200: $74076.89
2026-04-30 07:06:53 | INFO | 🔄 BTC: $75,764.05 | RSI: 35.4 | Tendencia: neutral
2026-04-30 07:06:53 | INFO | 📊 EMA21: $76635.38 | EMA50: $76784.90 | EMA200: $74076.31
2026-04-30 07:36:53 | INFO | 🔄 BTC: $76,001.42 | RSI: 37.4 | Tendencia: neutral
2026-04-30 07:36:53 | INFO | 📊 EMA21: $76656.96 | EMA50: $76794.20 | EMA200: $74078.67
2026-04-30 08:06:54 | INFO | 🔄 BTC: $76,133.00 | RSI: 43.3 | Tendencia: neutral
2026-04-30 08:06:54 | INFO | 📊 EMA21: $76622.57 | EMA50: $76774.30 | EMA200: $74072.62
2026-04-30 08:06:54 | INFO | ======================================================================
2026-04-30 08:06:54 | INFO | 📊 RESUMEN DE PERFORMANCE SWING TRADING
2026-04-30 08:06:54 | INFO | ======================================================================
2026-04-30 08:06:54 | INFO | 🔔 Señales detectadas: 1
2026-04-30 08:06:54 | INFO | ✅ Señales confirmadas: 0
2026-04-30 08:06:54 | INFO | ⏰ Señales expiradas: 0
2026-04-30 08:06:54 | INFO | 📈 Tasa de confirmación: 0.0%
2026-04-30 08:06:54 | INFO | 🎯 Filtros de tendencia aplicados: 0
2026-04-30 08:06:54 | INFO | 📊 Confirmaciones EMA: 0
2026-04-30 08:06:54 | INFO | 🔄 Entradas por pullback: 0
2026-04-30 08:06:54 | INFO | 🔧 Recuperaciones realizadas: 0
2026-04-30 08:06:54 | INFO | --------------------------------------------------
2026-04-30 08:06:54 | INFO | 📊 Sin trades completados aún
2026-04-30 08:06:54 | INFO | 💵 Balance Actual: $596.31
2026-04-30 08:06:54 | INFO | ⏳ Esperando confirmación SWING LONG (8/12)
2026-04-30 08:06:54 | INFO | 📊 Alineación EMAs: NEUTRAL
2026-04-30 08:06:54 | INFO | 📈 EMA21: $76622.57 | EMA50: $76774.30 | EMA200: $74072.62
2026-04-30 08:06:54 | INFO | 📏 Separación EMA21-EMA50: 0.20%
2026-04-30 08:06:54 | INFO | ======================================================================
2026-04-30 08:15:34 | INFO | 🐳 RSI+EMA+Trend Bot iniciando - Logs en: /app/logs/rsi_ema_bot_20260430.log
2026-04-30 08:16:03 | INFO | 🐳 RSI+EMA+Trend Bot iniciando - Logs en: /app/logs/rsi_ema_bot_20260430.log
2026-04-30 08:16:45 | INFO | 🐳 RSI+EMA+Trend Bot iniciando - Logs en: /app/logs/rsi_ema_bot_20260430.log
2026-04-30 08:16:54 | INFO | 🐳 RSI+EMA+Trend Bot iniciando - Logs en: /app/logs/rsi_ema_bot_20260430.log
2026-04-30 08:16:58 | INFO | ✅ Conexión exitosa con Binance Mainnet
2026-04-30 08:16:58 | INFO | 💰 Balance USDT disponible: $596.31
2026-04-30 08:16:58 | INFO | 🔄 Iniciando recuperación de estado...
2026-04-30 08:16:58 | INFO | 📥 Estado del bot cargado desde 08:06:54
2026-04-30 08:16:58 | INFO | 🔄 Recuperación completada
2026-04-30 08:16:58 | INFO | 🤖 RSI + EMA + Trend Filter Swing Bot v2.0 iniciado
2026-04-30 08:16:58 | INFO | 📊 Timeframe: 4h | RSI(14) | OS: 40 | OB: 65
2026-04-30 08:16:58 | INFO | 📈 EMAs: Fast(21) | Slow(50) | Trend(200)
2026-04-30 08:16:58 | INFO | ⚡ Leverage: 1x | Risk: 3% | SL: 2.0% | TP: 4.0%
2026-04-30 08:16:58 | INFO | 🎯 Swing Confirmación: 0.15% | Max espera: 12 períodos
2026-04-30 08:16:58 | INFO | 🛡️ Trailing Stop: 1.5% | Breakeven: 1.0%
2026-04-30 08:16:58 | INFO | 💾 Estado guardado en: /app/data/bot_state_20260430.json
2026-04-30 08:16:58 | INFO | 🐳 Ejecutándose en Docker - PID: 1
2026-04-30 08:16:58 | INFO | 🔄 BTC: $76,074.39 | RSI: 42.8 | Tendencia: neutral
2026-04-30 08:16:58 | INFO | 📊 EMA21: $76617.24 | EMA50: $76772.00 | EMA200: $74072.03
2026-04-30 08:46:59 | INFO | 🔄 BTC: $76,146.74 | RSI: 43.4 | Tendencia: neutral
2026-04-30 08:46:59 | INFO | 📊 EMA21: $76623.82 | EMA50: $76774.84 | EMA200: $74072.75
2026-04-30 09:16:59 | INFO | 🔄 BTC: $76,113.60 | RSI: 43.1 | Tendencia: neutral
2026-04-30 09:16:59 | INFO | 📊 EMA21: $76620.81 | EMA50: $76773.54 | EMA200: $74072.42
2026-04-30 09:46:59 | INFO | 🔄 BTC: $76,094.26 | RSI: 42.9 | Tendencia: neutral
2026-04-30 09:46:59 | INFO | 📊 EMA21: $76619.05 | EMA50: $76772.78 | EMA200: $74072.23
2026-04-30 09:46:59 | WARNING | ⏰ LONG signal expired after 12 periods
2026-04-30 10:17:00 | INFO | 🔄 BTC: $76,045.01 | RSI: 42.5 | Tendencia: neutral
2026-04-30 10:17:00 | INFO | 📊 EMA21: $76614.57 | EMA50: $76770.85 | EMA200: $74071.74
2026-04-30 10:47:00 | INFO | 🔄 BTC: $76,053.08 | RSI: 42.6 | Tendencia: neutral
2026-04-30 10:47:00 | INFO | 📊 EMA21: $76615.30 | EMA50: $76771.16 | EMA200: $74071.82
2026-04-30 11:17:01 | INFO | 🔄 BTC: $76,155.36 | RSI: 43.4 | Tendencia: neutral
2026-04-30 11:17:01 | INFO | 📊 EMA21: $76624.60 | EMA50: $76775.17 | EMA200: $74072.84
2026-04-30 11:47:01 | INFO | 🔄 BTC: $75,941.61 | RSI: 41.7 | Tendencia: neutral
2026-04-30 11:47:01 | INFO | 📊 EMA21: $76605.17 | EMA50: $76766.79 | EMA200: $74070.71
2026-04-30 11:47:01 | INFO | ======================================================================
2026-04-30 11:47:01 | INFO | 📊 RESUMEN DE PERFORMANCE SWING TRADING
2026-04-30 11:47:01 | INFO | ======================================================================
2026-04-30 11:47:01 | INFO | 🔔 Señales detectadas: 1
2026-04-30 11:47:01 | INFO | ✅ Señales confirmadas: 0
2026-04-30 11:47:01 | INFO | ⏰ Señales expiradas: 0
2026-04-30 11:47:01 | INFO | 📈 Tasa de confirmación: 0.0%
2026-04-30 11:47:01 | INFO | 🎯 Filtros de tendencia aplicados: 0
2026-04-30 11:47:01 | INFO | 📊 Confirmaciones EMA: 0
2026-04-30 11:47:01 | INFO | 🔄 Entradas por pullback: 0
2026-04-30 11:47:01 | INFO | 🔧 Recuperaciones realizadas: 0
2026-04-30 11:47:01 | INFO | --------------------------------------------------
2026-04-30 11:47:01 | INFO | 📊 Sin trades completados aún
2026-04-30 11:47:01 | INFO | 💵 Balance Actual: $596.31
2026-04-30 11:47:01 | INFO | 🔍 Buscando oportunidades swing... | Tendencia actual: neutral
2026-04-30 11:47:01 | INFO | 📊 Alineación EMAs: NEUTRAL
2026-04-30 11:47:01 | INFO | 📈 EMA21: $76605.17 | EMA50: $76766.79 | EMA200: $74070.71
2026-04-30 11:47:01 | INFO | 📏 Separación EMA21-EMA50: 0.21%
2026-04-30 11:47:01 | INFO | ======================================================================
2026-04-30 12:17:02 | INFO | 🔄 BTC: $76,200.58 | RSI: 43.5 | Tendencia: neutral
2026-04-30 12:17:02 | INFO | 📊 EMA21: $76578.13 | EMA50: $76749.06 | EMA200: $74158.73
2026-04-30 12:47:02 | INFO | 🔄 BTC: $76,293.95 | RSI: 44.5 | Tendencia: neutral
2026-04-30 12:47:02 | INFO | 📊 EMA21: $76586.61 | EMA50: $76752.72 | EMA200: $74159.66
2026-04-30 13:17:03 | INFO | 🔄 BTC: $76,310.00 | RSI: 44.6 | Tendencia: neutral
2026-04-30 13:17:03 | INFO | 📊 EMA21: $76588.07 | EMA50: $76753.35 | EMA200: $74159.81
2026-04-30 13:47:03 | INFO | 🔄 BTC: $76,527.45 | RSI: 46.8 | Tendencia: neutral
2026-04-30 13:47:03 | INFO | 📊 EMA21: $76607.84 | EMA50: $76761.88 | EMA200: $74161.98
2026-04-30 14:17:04 | INFO | 🔄 BTC: $76,142.75 | RSI: 42.8 | Tendencia: neutral
2026-04-30 14:17:04 | INFO | 📊 EMA21: $76572.87 | EMA50: $76746.79 | EMA200: $74158.15
2026-04-30 14:47:04 | INFO | 🔄 BTC: $76,400.71 | RSI: 45.6 | Tendencia: neutral
2026-04-30 14:47:04 | INFO | 📊 EMA21: $76596.32 | EMA50: $76756.91 | EMA200: $74160.72
2026-04-30 15:17:04 | INFO | 🔄 BTC: $76,371.35 | RSI: 45.3 | Tendencia: neutral
2026-04-30 15:17:04 | INFO | 📊 EMA21: $76593.65 | EMA50: $76755.76 | EMA200: $74160.43
2026-04-30 15:47:05 | INFO | 🔄 BTC: $76,341.89 | RSI: 45.0 | Tendencia: neutral
2026-04-30 15:47:05 | INFO | 📊 EMA21: $76590.97 | EMA50: $76754.60 | EMA200: $74160.13
2026-04-30 15:47:05 | INFO | ======================================================================
2026-04-30 15:47:05 | INFO | 📊 RESUMEN DE PERFORMANCE SWING TRADING
2026-04-30 15:47:05 | INFO | ======================================================================
2026-04-30 15:47:05 | INFO | 🔔 Señales detectadas: 1
2026-04-30 15:47:05 | INFO | ✅ Señales confirmadas: 0
2026-04-30 15:47:05 | INFO | ⏰ Señales expiradas: 0
2026-04-30 15:47:05 | INFO | 📈 Tasa de confirmación: 0.0%
2026-04-30 15:47:05 | INFO | 🎯 Filtros de tendencia aplicados: 0
2026-04-30 15:47:05 | INFO | 📊 Confirmaciones EMA: 0
2026-04-30 15:47:05 | INFO | 🔄 Entradas por pullback: 0
2026-04-30 15:47:05 | INFO | 🔧 Recuperaciones realizadas: 0
2026-04-30 15:47:05 | INFO | --------------------------------------------------
2026-04-30 15:47:05 | INFO | 📊 Sin trades completados aún
2026-04-30 15:47:05 | INFO | 💵 Balance Actual: $596.31
2026-04-30 15:47:05 | INFO | 🔍 Buscando oportunidades swing... | Tendencia actual: neutral
2026-04-30 15:47:05 | INFO | 📊 Alineación EMAs: NEUTRAL
2026-04-30 15:47:05 | INFO | 📈 EMA21: $76590.97 | EMA50: $76754.60 | EMA200: $74160.13
2026-04-30 15:47:05 | INFO | 📏 Separación EMA21-EMA50: 0.21%
2026-04-30 15:47:05 | INFO | ======================================================================
2026-04-30 16:17:05 | INFO | 🔄 BTC: $76,411.40 | RSI: 51.9 | Tendencia: neutral
2026-04-30 16:17:05 | INFO | 📊 EMA21: $76585.53 | EMA50: $76746.11 | EMA200: $74194.07
2026-04-30 16:47:06 | INFO | 🔄 BTC: $76,350.00 | RSI: 51.2 | Tendencia: neutral
2026-04-30 16:47:06 | INFO | 📊 EMA21: $76579.95 | EMA50: $76743.71 | EMA200: $74193.46
2026-04-30 17:17:06 | INFO | 🔄 BTC: $76,191.77 | RSI: 49.6 | Tendencia: neutral
2026-04-30 17:17:06 | INFO | 📊 EMA21: $76565.57 | EMA50: $76737.50 | EMA200: $74191.88
2026-04-30 17:47:06 | INFO | 🔄 BTC: $76,210.01 | RSI: 49.8 | Tendencia: neutral
2026-04-30 17:47:06 | INFO | 📊 EMA21: $76567.22 | EMA50: $76738.22 | EMA200: $74192.07
2026-04-30 18:17:07 | INFO | 🔄 BTC: $76,450.65 | RSI: 52.3 | Tendencia: neutral
2026-04-30 18:17:07 | INFO | 📊 EMA21: $76589.10 | EMA50: $76747.65 | EMA200: $74194.46
2026-04-30 18:47:07 | INFO | 🔄 BTC: $76,372.64 | RSI: 51.5 | Tendencia: neutral
2026-04-30 18:47:07 | INFO | 📊 EMA21: $76582.01 | EMA50: $76744.59 | EMA200: $74193.68
2026-04-30 19:17:07 | INFO | 🔄 BTC: $76,438.39 | RSI: 52.2 | Tendencia: neutral
2026-04-30 19:17:07 | INFO | 📊 EMA21: $76587.99 | EMA50: $76747.17 | EMA200: $74194.34
2026-04-30 19:47:08 | INFO | 🔄 BTC: $76,424.70 | RSI: 52.0 | Tendencia: neutral
2026-04-30 19:47:08 | INFO | 📊 EMA21: $76586.74 | EMA50: $76746.63 | EMA200: $74194.20
2026-04-30 19:47:08 | INFO | ======================================================================
2026-04-30 19:47:08 | INFO | 📊 RESUMEN DE PERFORMANCE SWING TRADING
2026-04-30 19:47:08 | INFO | ======================================================================
2026-04-30 19:47:08 | INFO | 🔔 Señales detectadas: 1
2026-04-30 19:47:08 | INFO | ✅ Señales confirmadas: 0
2026-04-30 19:47:08 | INFO | ⏰ Señales expiradas: 0
2026-04-30 19:47:08 | INFO | 📈 Tasa de confirmación: 0.0%
2026-04-30 19:47:08 | INFO | 🎯 Filtros de tendencia aplicados: 0
2026-04-30 19:47:08 | INFO | 📊 Confirmaciones EMA: 0
2026-04-30 19:47:08 | INFO | 🔄 Entradas por pullback: 0
2026-04-30 19:47:08 | INFO | 🔧 Recuperaciones realizadas: 0
2026-04-30 19:47:08 | INFO | --------------------------------------------------
2026-04-30 19:47:08 | INFO | 📊 Sin trades completados aún
2026-04-30 19:47:08 | INFO | 💵 Balance Actual: $596.31
2026-04-30 19:47:08 | INFO | 🔍 Buscando oportunidades swing... | Tendencia actual: neutral
2026-04-30 19:47:08 | INFO | 📊 Alineación EMAs: NEUTRAL
2026-04-30 19:47:08 | INFO | 📈 EMA21: $76586.74 | EMA50: $76746.63 | EMA200: $74194.20
2026-04-30 19:47:08 | INFO | 📏 Separación EMA21-EMA50: 0.21%
2026-04-30 19:47:08 | INFO | ======================================================================
2026-04-30 20:17:08 | INFO | 🔄 BTC: $76,333.61 | RSI: 52.8 | Tendencia: neutral
2026-04-30 20:17:08 | INFO | 📊 EMA21: $76562.75 | EMA50: $76729.97 | EMA200: $74184.51
2026-04-30 20:47:09 | INFO | 🔄 BTC: $76,512.19 | RSI: 54.6 | Tendencia: neutral
2026-04-30 20:47:09 | INFO | 📊 EMA21: $76578.98 | EMA50: $76736.98 | EMA200: $74186.29
2026-04-30 21:17:09 | INFO | 🔄 BTC: $76,450.00 | RSI: 54.0 | Tendencia: neutral
2026-04-30 21:17:09 | INFO | 📊 EMA21: $76573.33 | EMA50: $76734.54 | EMA200: $74185.67
2026-04-30 21:47:09 | INFO | 🔄 BTC: $76,339.92 | RSI: 52.9 | Tendencia: neutral
2026-04-30 21:47:09 | INFO | 📊 EMA21: $76563.32 | EMA50: $76730.22 | EMA200: $74184.58
2026-04-30 22:17:10 | INFO | 🔄 BTC: $76,388.42 | RSI: 53.4 | Tendencia: neutral
2026-04-30 22:17:10 | INFO | 📊 EMA21: $76567.73 | EMA50: $76732.12 | EMA200: $74185.06
2026-04-30 22:47:10 | INFO | 🔄 BTC: $76,307.69 | RSI: 52.5 | Tendencia: neutral
2026-04-30 22:47:10 | INFO | 📊 EMA21: $76560.39 | EMA50: $76728.96 | EMA200: $74184.25
2026-04-30 23:17:10 | INFO | 🔄 BTC: $76,328.85 | RSI: 52.7 | Tendencia: neutral
2026-04-30 23:17:10 | INFO | 📊 EMA21: $76562.31 | EMA50: $76729.79 | EMA200: $74184.47
2026-04-30 23:47:11 | INFO | 🔄 BTC: $76,324.28 | RSI: 52.7 | Tendencia: neutral
2026-04-30 23:47:11 | INFO | 📊 EMA21: $76561.90 | EMA50: $76729.61 | EMA200: $74184.42
2026-04-30 23:47:11 | INFO | ======================================================================
2026-04-30 23:47:11 | INFO | 📊 RESUMEN DE PERFORMANCE SWING TRADING
2026-04-30 23:47:11 | INFO | ======================================================================
2026-04-30 23:47:11 | INFO | 🔔 Señales detectadas: 1
2026-04-30 23:47:11 | INFO | ✅ Señales confirmadas: 0
2026-04-30 23:47:11 | INFO | ⏰ Señales expiradas: 0
2026-04-30 23:47:11 | INFO | 📈 Tasa de confirmación: 0.0%
2026-04-30 23:47:11 | INFO | 🎯 Filtros de tendencia aplicados: 0
2026-04-30 23:47:11 | INFO | 📊 Confirmaciones EMA: 0
2026-04-30 23:47:11 | INFO | 🔄 Entradas por pullback: 0
2026-04-30 23:47:11 | INFO | 🔧 Recuperaciones realizadas: 0
2026-04-30 23:47:11 | INFO | --------------------------------------------------
2026-04-30 23:47:11 | INFO | 📊 Sin trades completados aún
2026-04-30 23:47:11 | INFO | 💵 Balance Actual: $596.31
2026-04-30 23:47:11 | INFO | 🔍 Buscando oportunidades swing... | Tendencia actual: neutral
2026-04-30 23:47:11 | INFO | 📊 Alineación EMAs: NEUTRAL
2026-04-30 23:47:11 | INFO | 📈 EMA21: $76561.90 | EMA50: $76729.61 | EMA200: $74184.42
2026-04-30 23:47:11 | INFO | 📏 Separación EMA21-EMA50: 0.22%
2026-04-30 23:47:11 | INFO | ======================================================================
2026-05-01 00:17:11 | INFO | 🔄 BTC: $76,552.12 | RSI: 52.3 | Tendencia: neutral
2026-05-01 00:17:11 | INFO | 📊 EMA21: $76562.85 | EMA50: $76723.46 | EMA200: $74157.42
2026-05-01 00:47:12 | INFO | 🔄 BTC: $76,540.12 | RSI: 52.2 | Tendencia: neutral
2026-05-01 00:47:12 | INFO | 📊 EMA21: $76561.76 | EMA50: $76722.99 | EMA200: $74157.30
2026-05-01 01:17:12 | INFO | 🔄 BTC: $76,614.17 | RSI: 53.0 | Tendencia: neutral
2026-05-01 01:17:12 | INFO | 📊 EMA21: $76568.49 | EMA50: $76725.89 | EMA200: $74158.04
2026-05-01 01:47:12 | INFO | 🔄 BTC: $76,631.90 | RSI: 53.1 | Tendencia: neutral
2026-05-01 01:47:12 | INFO | 📊 EMA21: $76570.10 | EMA50: $76726.59 | EMA200: $74158.21
2026-05-01 02:17:13 | INFO | 🔄 BTC: $76,729.70 | RSI: 54.1 | Tendencia: neutral
2026-05-01 02:17:13 | INFO | 📊 EMA21: $76579.00 | EMA50: $76730.42 | EMA200: $74159.19
2026-05-01 02:47:13 | INFO | 🔄 BTC: $76,586.58 | RSI: 52.7 | Tendencia: neutral
2026-05-01 02:47:13 | INFO | 📊 EMA21: $76565.98 | EMA50: $76724.81 | EMA200: $74157.76
2026-05-01 03:17:13 | INFO | 🔄 BTC: $76,858.25 | RSI: 55.2 | Tendencia: neutral
2026-05-01 03:17:13 | INFO | 📊 EMA21: $76590.68 | EMA50: $76735.46 | EMA200: $74160.47
2026-05-01 03:47:14 | INFO | 🔄 BTC: $77,170.00 | RSI: 57.8 | Tendencia: neutral
2026-05-01 03:47:14 | INFO | 📊 EMA21: $76619.02 | EMA50: $76747.69 | EMA200: $74163.57
2026-05-01 03:47:14 | INFO | ======================================================================
2026-05-01 03:47:14 | INFO | 📊 RESUMEN DE PERFORMANCE SWING TRADING
2026-05-01 03:47:14 | INFO | ======================================================================
2026-05-01 03:47:14 | INFO | 🔔 Señales detectadas: 1
2026-05-01 03:47:14 | INFO | ✅ Señales confirmadas: 0
2026-05-01 03:47:14 | INFO | ⏰ Señales expiradas: 0
2026-05-01 03:47:14 | INFO | 📈 Tasa de confirmación: 0.0%
2026-05-01 03:47:14 | INFO | 🎯 Filtros de tendencia aplicados: 0
2026-05-01 03:47:14 | INFO | 📊 Confirmaciones EMA: 0
2026-05-01 03:47:14 | INFO | 🔄 Entradas por pullback: 0
2026-05-01 03:47:14 | INFO | 🔧 Recuperaciones realizadas: 0
2026-05-01 03:47:14 | INFO | --------------------------------------------------
2026-05-01 03:47:14 | INFO | 📊 Sin trades completados aún
2026-05-01 03:47:14 | INFO | 💵 Balance Actual: $596.31
2026-05-01 03:47:14 | INFO | 🔍 Buscando oportunidades swing... | Tendencia actual: neutral
2026-05-01 03:47:14 | INFO | 📊 Alineación EMAs: NEUTRAL
2026-05-01 03:47:14 | INFO | 📈 EMA21: $76619.02 | EMA50: $76747.69 | EMA200: $74163.57
2026-05-01 03:47:14 | INFO | 📏 Separación EMA21-EMA50: 0.17%
2026-05-01 03:47:14 | INFO | ======================================================================
